2024-03-10 20:03:01 error: uncaughtException: listen EADDRINUSE: address already in use :::3000
Error: listen EADDRINUSE: address already in use :::3000
    at Server.setupListenHandle [as _listen2] (node:net:1872:16)
    at listenInCluster (node:net:1920:12)
    at Server.listen (node:net:2008:7)
    at Function.listen (C:\Users\juand\OneDrive\Escritorio\Projects\Personal-projects\To-do List with ts\node_modules\express\lib\application.js:635:24)
    at App.listener (C:\Users\juand\OneDrive\Escritorio\Projects\Personal-projects\To-do List with ts\build\app.js:48:18)
    at Object.<anonymous> (C:\Users\juand\OneDrive\Escritorio\Projects\Personal-projects\To-do List with ts\build\index.js:8:5)
    at Module._compile (node:internal/modules/cjs/loader:1376:14)
    at Module._compile (C:\Users\juand\OneDrive\Escritorio\Projects\Personal-projects\To-do List with ts\node_modules\source-map-support\source-map-support.js:568:25)
    at Module.m._compile (C:\Users\juand\AppData\Local\Temp\ts-node-dev-hook-22074421373561726.js:111:37)
    at Module._extensions..js (node:internal/modules/cjs/loader:1435:10)
2024-03-10 20:04:43 error: uncaughtException: listen EADDRINUSE: address already in use :::3000
Error: listen EADDRINUSE: address already in use :::3000
    at Server.setupListenHandle [as _listen2] (node:net:1872:16)
    at listenInCluster (node:net:1920:12)
    at Server.listen (node:net:2008:7)
    at Function.listen (C:\Users\juand\OneDrive\Escritorio\Projects\Personal-projects\To-do List with ts\node_modules\express\lib\application.js:635:24)
    at App.listener (C:\Users\juand\OneDrive\Escritorio\Projects\Personal-projects\To-do List with ts\build\app.js:48:18)
    at Object.<anonymous> (C:\Users\juand\OneDrive\Escritorio\Projects\Personal-projects\To-do List with ts\build\index.js:8:5)
    at Module._compile (node:internal/modules/cjs/loader:1376:14)
    at Module._compile (C:\Users\juand\OneDrive\Escritorio\Projects\Personal-projects\To-do List with ts\node_modules\source-map-support\source-map-support.js:568:25)
    at Module.m._compile (C:\Users\juand\AppData\Local\Temp\ts-node-dev-hook-1140624242726056.js:111:37)
    at Module._extensions..js (node:internal/modules/cjs/loader:1435:10)
2024-03-10 20:10:40 error: uncaughtException: listen EADDRINUSE: address already in use :::3000
Error: listen EADDRINUSE: address already in use :::3000
    at Server.setupListenHandle [as _listen2] (node:net:1872:16)
    at listenInCluster (node:net:1920:12)
    at Server.listen (node:net:2008:7)
    at Function.listen (C:\Users\juand\OneDrive\Escritorio\Projects\Personal-projects\To-do List with ts\node_modules\express\lib\application.js:635:24)
    at App.listener (C:\Users\juand\OneDrive\Escritorio\Projects\Personal-projects\To-do List with ts\build\app.js:48:18)
    at Object.<anonymous> (C:\Users\juand\OneDrive\Escritorio\Projects\Personal-projects\To-do List with ts\build\index.js:8:5)
    at Module._compile (node:internal/modules/cjs/loader:1376:14)
    at Module._compile (C:\Users\juand\OneDrive\Escritorio\Projects\Personal-projects\To-do List with ts\node_modules\source-map-support\source-map-support.js:568:25)
    at Module.m._compile (C:\Users\juand\AppData\Local\Temp\ts-node-dev-hook-3605436846543031.js:111:37)
    at Module._extensions..js (node:internal/modules/cjs/loader:1435:10)
2024-03-10 20:16:09 error: uncaughtException: listen EADDRINUSE: address already in use :::3000
Error: listen EADDRINUSE: address already in use :::3000
    at Server.setupListenHandle [as _listen2] (node:net:1872:16)
    at listenInCluster (node:net:1920:12)
    at Server.listen (node:net:2008:7)
    at Function.listen (C:\Users\juand\OneDrive\Escritorio\Projects\Personal-projects\To-do List with ts\node_modules\express\lib\application.js:635:24)
    at App.listener (C:\Users\juand\OneDrive\Escritorio\Projects\Personal-projects\To-do List with ts\build\app.js:48:18)
    at Object.<anonymous> (C:\Users\juand\OneDrive\Escritorio\Projects\Personal-projects\To-do List with ts\build\index.js:8:5)
    at Module._compile (node:internal/modules/cjs/loader:1376:14)
    at Module._compile (C:\Users\juand\OneDrive\Escritorio\Projects\Personal-projects\To-do List with ts\node_modules\source-map-support\source-map-support.js:568:25)
    at Module.m._compile (C:\Users\juand\AppData\Local\Temp\ts-node-dev-hook-3605436846543031.js:111:37)
    at Module._extensions..js (node:internal/modules/cjs/loader:1435:10)
2024-03-10 20:16:41 error: uncaughtException: listen EADDRINUSE: address already in use :::3000
Error: listen EADDRINUSE: address already in use :::3000
    at Server.setupListenHandle [as _listen2] (node:net:1872:16)
    at listenInCluster (node:net:1920:12)
    at Server.listen (node:net:2008:7)
    at Function.listen (C:\Users\juand\OneDrive\Escritorio\Projects\Personal-projects\To-do List with ts\node_modules\express\lib\application.js:635:24)
    at App.listener (C:\Users\juand\OneDrive\Escritorio\Projects\Personal-projects\To-do List with ts\build\app.js:48:18)
    at Object.<anonymous> (C:\Users\juand\OneDrive\Escritorio\Projects\Personal-projects\To-do List with ts\build\index.js:8:5)
    at Module._compile (node:internal/modules/cjs/loader:1376:14)
    at Module._compile (C:\Users\juand\OneDrive\Escritorio\Projects\Personal-projects\To-do List with ts\node_modules\source-map-support\source-map-support.js:568:25)
    at Module.m._compile (C:\Users\juand\AppData\Local\Temp\ts-node-dev-hook-4494606096417937.js:111:37)
    at Module._extensions..js (node:internal/modules/cjs/loader:1435:10)
2024-03-10 20:19:42 error: uncaughtException: listen EADDRINUSE: address already in use :::3000
Error: listen EADDRINUSE: address already in use :::3000
    at Server.setupListenHandle [as _listen2] (node:net:1872:16)
    at listenInCluster (node:net:1920:12)
    at Server.listen (node:net:2008:7)
    at Function.listen (C:\Users\juand\OneDrive\Escritorio\Projects\Personal-projects\To-do List with ts\node_modules\express\lib\application.js:635:24)
    at App.listener (C:\Users\juand\OneDrive\Escritorio\Projects\Personal-projects\To-do List with ts\build\app.js:48:18)
    at Object.<anonymous> (C:\Users\juand\OneDrive\Escritorio\Projects\Personal-projects\To-do List with ts\build\index.js:8:5)
    at Module._compile (node:internal/modules/cjs/loader:1376:14)
    at Module._compile (C:\Users\juand\OneDrive\Escritorio\Projects\Personal-projects\To-do List with ts\node_modules\source-map-support\source-map-support.js:568:25)
    at Module.m._compile (C:\Users\juand\AppData\Local\Temp\ts-node-dev-hook-4768834748834263.js:111:37)
    at Module._extensions..js (node:internal/modules/cjs/loader:1435:10)
