2024-03-22 16:59:06 info: =================================
2024-03-22 16:59:06 info: ======= ENV: development =======
2024-03-22 16:59:06 info: 🚀 App listening on port 3000
2024-03-22 16:59:06 info: =================================
2024-03-22 16:59:06 info: =================================
2024-03-22 16:59:06 info: 🚀 DB Connection successfully!!
2024-03-22 16:59:06 info: =================================
2024-03-22 17:00:28 info: === Searching for user by email and password ===
2024-03-22 17:00:28 info: User : $2b$10$nsLlxE4LocTUB0KM.MFf.ekCrZ5reloAOgbr0c4Dx/p/0MbyftIli
2024-03-22 17:00:28 info: Password hash : $2b$10$nsLlxE4LocTUB0KM.MFf.ekCrZ5reloAOgbr0c4Dx/p/0MbyftIli
2024-03-22 17:00:37 info: === Searching for user by email and password ===
2024-03-22 17:00:37 info: User : $2b$10$nsLlxE4LocTUB0KM.MFf.ekCrZ5reloAOgbr0c4Dx/p/0MbyftIli
2024-03-22 17:00:37 info: Password hash : $2b$10$nsLlxE4LocTUB0KM.MFf.ekCrZ5reloAOgbr0c4Dx/p/0MbyftIli
2024-03-22 17:07:10 info: =================================
2024-03-22 17:07:10 info: ======= ENV: development =======
2024-03-22 17:07:10 info: 🚀 App listening on port 3000
2024-03-22 17:07:10 info: =================================
2024-03-22 17:07:10 info: =================================
2024-03-22 17:07:10 info: 🚀 DB Connection successfully!!
2024-03-22 17:07:10 info: =================================
2024-03-22 17:07:51 info: === Searching for user by email and password ===
2024-03-22 17:07:51 info: User : $2b$10$nsLlxE4LocTUB0KM.MFf.ekCrZ5reloAOgbr0c4Dx/p/0MbyftIli
2024-03-22 17:07:51 info: Password hash : $2b$10$nsLlxE4LocTUB0KM.MFf.ekCrZ5reloAOgbr0c4Dx/p/0MbyftIli
2024-03-22 17:08:27 info: =================================
2024-03-22 17:08:27 info: ======= ENV: development =======
2024-03-22 17:08:27 info: 🚀 App listening on port 3000
2024-03-22 17:08:27 info: =================================
2024-03-22 17:08:28 info: =================================
2024-03-22 17:08:28 info: 🚀 DB Connection successfully!!
2024-03-22 17:08:28 info: =================================
2024-03-22 17:08:57 info: === Searching for user by email and password ===
2024-03-22 17:08:57 info: User : $2b$10$nsLlxE4LocTUB0KM.MFf.ekCrZ5reloAOgbr0c4Dx/p/0MbyftIli
2024-03-22 17:08:57 info: Password hash : $2b$10$nsLlxE4LocTUB0KM.MFf.ekCrZ5reloAOgbr0c4Dx/p/0MbyftIli
2024-03-22 17:20:32 info: =================================
2024-03-22 17:20:32 info: ======= ENV: development =======
2024-03-22 17:20:32 info: 🚀 App listening on port 3000
2024-03-22 17:20:32 info: =================================
2024-03-22 17:20:32 info: =================================
2024-03-22 17:20:33 info: 🚀 DB Connection successfully!!
2024-03-22 17:20:33 info: =================================
2024-03-22 17:21:05 info: === Searching for user by email and password ===
2024-03-22 17:21:05 info: User : $2b$10$nsLlxE4LocTUB0KM.MFf.ekCrZ5reloAOgbr0c4Dx/p/0MbyftIli
2024-03-22 17:21:05 info: Password hash : $2b$10$nsLlxE4LocTUB0KM.MFf.ekCrZ5reloAOgbr0c4Dx/p/0MbyftIli
2024-03-22 17:47:22 info: =================================
2024-03-22 17:47:22 info: ======= ENV: development =======
2024-03-22 17:47:22 info: 🚀 App listening on port 3000
2024-03-22 17:47:22 info: =================================
2024-03-22 17:47:23 info: =================================
2024-03-22 17:47:23 info: 🚀 DB Connection successfully!!
2024-03-22 17:47:23 info: =================================
2024-03-22 17:47:38 info: === Searching for user by email and password ===
2024-03-22 17:47:39 info: User : $2b$10$nsLlxE4LocTUB0KM.MFf.ekCrZ5reloAOgbr0c4Dx/p/0MbyftIli
2024-03-22 17:47:39 info: Password hash : $2b$10$nsLlxE4LocTUB0KM.MFf.ekCrZ5reloAOgbr0c4Dx/p/0MbyftIli
2024-03-22 17:49:34 info: =================================
2024-03-22 17:49:34 info: ======= ENV: development =======
2024-03-22 17:49:34 info: 🚀 App listening on port 3000
2024-03-22 17:49:34 info: =================================
2024-03-22 17:49:34 info: =================================
2024-03-22 17:49:34 info: 🚀 DB Connection successfully!!
2024-03-22 17:49:34 info: =================================
2024-03-22 18:06:00 info: =================================
2024-03-22 18:06:00 info: ======= ENV: development =======
2024-03-22 18:06:00 info: 🚀 App listening on port 3000
2024-03-22 18:06:00 info: =================================
2024-03-22 18:06:00 info: =================================
2024-03-22 18:06:00 info: 🚀 DB Connection successfully!!
2024-03-22 18:06:00 info: =================================
2024-03-22 18:12:30 info: === Searching for user by email and password ===
2024-03-22 18:12:30 info: User : $2b$10$nsLlxE4LocTUB0KM.MFf.ekCrZ5reloAOgbr0c4Dx/p/0MbyftIli
2024-03-22 18:12:30 info: Password hash : $2b$10$nsLlxE4LocTUB0KM.MFf.ekCrZ5reloAOgbr0c4Dx/p/0MbyftIli
2024-03-22 18:12:52 info: =================================
2024-03-22 18:12:52 info: ======= ENV: development =======
2024-03-22 18:12:52 info: 🚀 App listening on port 3000
2024-03-22 18:12:52 info: =================================
2024-03-22 18:12:52 info: =================================
2024-03-22 18:12:52 info: 🚀 DB Connection successfully!!
2024-03-22 18:12:52 info: =================================
2024-03-22 18:12:55 info: =================================
2024-03-22 18:12:55 info: ======= ENV: development =======
2024-03-22 18:12:55 info: 🚀 App listening on port 3000
2024-03-22 18:12:55 info: =================================
2024-03-22 18:12:56 info: =================================
2024-03-22 18:12:56 info: 🚀 DB Connection successfully!!
2024-03-22 18:12:56 info: =================================
2024-03-22 18:13:00 info: === Searching for user by email and password ===
2024-03-22 18:13:00 info: User : $2b$10$nsLlxE4LocTUB0KM.MFf.ekCrZ5reloAOgbr0c4Dx/p/0MbyftIli
2024-03-22 18:13:00 info: Password hash : $2b$10$nsLlxE4LocTUB0KM.MFf.ekCrZ5reloAOgbr0c4Dx/p/0MbyftIli
2024-03-22 18:13:05 info: === Searching for user by email and password ===
2024-03-22 18:13:05 info: User : $2b$10$nsLlxE4LocTUB0KM.MFf.ekCrZ5reloAOgbr0c4Dx/p/0MbyftIli
2024-03-22 18:13:05 info: Password hash : $2b$10$nsLlxE4LocTUB0KM.MFf.ekCrZ5reloAOgbr0c4Dx/p/0MbyftIli
2024-03-22 18:21:03 info: =================================
2024-03-22 18:21:03 info: ======= ENV: development =======
2024-03-22 18:21:03 info: 🚀 App listening on port 3000
2024-03-22 18:21:03 info: =================================
2024-03-22 18:21:03 info: =================================
2024-03-22 18:21:03 info: 🚀 DB Connection successfully!!
2024-03-22 18:21:03 info: =================================
2024-03-22 18:21:12 info: =================================
2024-03-22 18:21:12 info: ======= ENV: development =======
2024-03-22 18:21:12 info: 🚀 App listening on port 3000
2024-03-22 18:21:12 info: =================================
2024-03-22 18:21:12 info: =================================
2024-03-22 18:21:12 info: 🚀 DB Connection successfully!!
2024-03-22 18:21:12 info: =================================
2024-03-22 18:21:16 info: =================================
2024-03-22 18:21:16 info: ======= ENV: development =======
2024-03-22 18:21:16 info: 🚀 App listening on port 3000
2024-03-22 18:21:16 info: =================================
2024-03-22 18:21:17 info: =================================
2024-03-22 18:21:17 info: 🚀 DB Connection successfully!!
2024-03-22 18:21:17 info: =================================
2024-03-22 18:21:29 info: === Searching for user by email and password ===
2024-03-22 18:21:29 info: User : $2b$10$nsLlxE4LocTUB0KM.MFf.ekCrZ5reloAOgbr0c4Dx/p/0MbyftIli
2024-03-22 18:21:29 info: Password hash : $2b$10$nsLlxE4LocTUB0KM.MFf.ekCrZ5reloAOgbr0c4Dx/p/0MbyftIli
2024-03-22 18:23:06 info: =================================
2024-03-22 18:23:06 info: ======= ENV: development =======
2024-03-22 18:23:06 info: 🚀 App listening on port 3000
2024-03-22 18:23:06 info: =================================
2024-03-22 18:23:06 info: =================================
2024-03-22 18:23:06 info: 🚀 DB Connection successfully!!
2024-03-22 18:23:06 info: =================================
2024-03-22 18:23:26 info: =================================
2024-03-22 18:23:26 info: ======= ENV: development =======
2024-03-22 18:23:26 info: 🚀 App listening on port 3000
2024-03-22 18:23:26 info: =================================
2024-03-22 18:23:26 info: =================================
2024-03-22 18:23:26 info: 🚀 DB Connection successfully!!
2024-03-22 18:23:26 info: =================================
2024-03-22 18:23:50 info: === Searching for user by email and password ===
2024-03-22 18:23:50 info: User : $2b$10$nsLlxE4LocTUB0KM.MFf.ekCrZ5reloAOgbr0c4Dx/p/0MbyftIli
2024-03-22 18:23:50 info: Password hash : $2b$10$nsLlxE4LocTUB0KM.MFf.ekCrZ5reloAOgbr0c4Dx/p/0MbyftIli
2024-03-22 18:24:36 info: =================================
2024-03-22 18:24:36 info: ======= ENV: development =======
2024-03-22 18:24:36 info: 🚀 App listening on port 3000
2024-03-22 18:24:36 info: =================================
2024-03-22 18:24:36 info: =================================
2024-03-22 18:24:36 info: 🚀 DB Connection successfully!!
2024-03-22 18:24:36 info: =================================
2024-03-22 18:25:31 info: =================================
2024-03-22 18:25:31 info: ======= ENV: development =======
2024-03-22 18:25:31 info: 🚀 App listening on port 3000
2024-03-22 18:25:31 info: =================================
2024-03-22 18:25:31 info: =================================
2024-03-22 18:25:31 info: 🚀 DB Connection successfully!!
2024-03-22 18:25:31 info: =================================
2024-03-22 18:25:38 info: === Searching for user by email and password ===
2024-03-22 18:26:09 info: =================================
2024-03-22 18:26:09 info: ======= ENV: development =======
2024-03-22 18:26:09 info: 🚀 App listening on port 3000
2024-03-22 18:26:09 info: =================================
2024-03-22 18:26:09 info: =================================
2024-03-22 18:26:09 info: 🚀 DB Connection successfully!!
2024-03-22 18:26:09 info: =================================
2024-03-22 18:26:29 info: === Searching for user by email and password ===
2024-03-22 18:28:10 info: =================================
2024-03-22 18:28:10 info: ======= ENV: development =======
2024-03-22 18:28:10 info: 🚀 App listening on port 3000
2024-03-22 18:28:10 info: =================================
2024-03-22 18:28:10 info: =================================
2024-03-22 18:28:10 info: 🚀 DB Connection successfully!!
2024-03-22 18:28:10 info: =================================
2024-03-22 18:28:26 info: === Searching for user by email and password ===
2024-03-22 20:43:57 info: =================================
2024-03-22 20:43:57 info: ======= ENV: development =======
2024-03-22 20:43:57 info: 🚀 App listening on port 3000
2024-03-22 20:43:57 info: =================================
2024-03-22 20:46:57 info: =================================
2024-03-22 20:46:57 info: ======= ENV: development =======
2024-03-22 20:46:57 info: 🚀 App listening on port 3000
2024-03-22 20:46:58 info: =================================
2024-03-22 20:50:19 info: =================================
2024-03-22 20:50:19 info: ======= ENV: development =======
2024-03-22 20:50:19 info: 🚀 App listening on port 3000
2024-03-22 20:50:19 info: =================================
2024-03-22 20:50:22 info: =================================
2024-03-22 20:50:22 info: ======= ENV: development =======
2024-03-22 20:50:22 info: 🚀 App listening on port 3000
2024-03-22 20:50:22 info: =================================
2024-03-22 20:51:15 info: =================================
2024-03-22 20:51:15 info: ======= ENV: development =======
2024-03-22 20:51:15 info: 🚀 App listening on port 3000
2024-03-22 20:51:15 info: =================================
2024-03-22 20:51:19 info: =================================
2024-03-22 20:51:19 info: ======= ENV: development =======
2024-03-22 20:51:19 info: 🚀 App listening on port 3000
2024-03-22 20:51:19 info: =================================
2024-03-22 20:51:23 info: =================================
2024-03-22 20:51:23 info: ======= ENV: development =======
2024-03-22 20:51:23 info: 🚀 App listening on port 3000
2024-03-22 20:51:23 info: =================================
2024-03-22 20:51:27 info: =================================
2024-03-22 20:51:27 info: ======= ENV: development =======
2024-03-22 20:51:27 info: 🚀 App listening on port 3000
2024-03-22 20:51:27 info: =================================
2024-03-22 20:51:32 info: =================================
2024-03-22 20:51:32 info: ======= ENV: development =======
2024-03-22 20:51:32 info: 🚀 App listening on port 3000
2024-03-22 20:51:32 info: =================================
2024-03-22 20:51:35 info: =================================
2024-03-22 20:51:35 info: ======= ENV: development =======
2024-03-22 20:51:35 info: 🚀 App listening on port 3000
2024-03-22 20:51:35 info: =================================
2024-03-22 20:51:39 info: =================================
2024-03-22 20:51:39 info: ======= ENV: development =======
2024-03-22 20:51:39 info: 🚀 App listening on port 3000
2024-03-22 20:51:39 info: =================================
2024-03-22 20:51:42 info: =================================
2024-03-22 20:51:42 info: ======= ENV: development =======
2024-03-22 20:51:42 info: 🚀 App listening on port 3000
2024-03-22 20:51:42 info: =================================
2024-03-22 20:51:45 info: =================================
2024-03-22 20:51:45 info: ======= ENV: development =======
2024-03-22 20:51:45 info: 🚀 App listening on port 3000
2024-03-22 20:51:45 info: =================================
2024-03-22 20:55:02 info: =================================
2024-03-22 20:55:02 info: ======= ENV: development =======
2024-03-22 20:55:02 info: 🚀 App listening on port 3000
2024-03-22 20:55:02 info: =================================
2024-03-22 20:55:07 info: =================================
2024-03-22 20:55:07 info: ======= ENV: development =======
2024-03-22 20:55:07 info: 🚀 App listening on port 3000
2024-03-22 20:55:07 info: =================================
2024-03-22 20:55:11 info: =================================
2024-03-22 20:55:11 info: ======= ENV: development =======
2024-03-22 20:55:11 info: 🚀 App listening on port 3000
2024-03-22 20:55:11 info: =================================
2024-03-22 20:55:31 info: =================================
2024-03-22 20:55:31 info: ======= ENV: development =======
2024-03-22 20:55:31 info: 🚀 App listening on port 3000
2024-03-22 20:55:31 info: =================================
2024-03-22 20:55:34 info: =================================
2024-03-22 20:55:34 info: ======= ENV: development =======
2024-03-22 20:55:34 info: 🚀 App listening on port 3000
2024-03-22 20:55:34 info: =================================
2024-03-22 20:55:43 info: =================================
2024-03-22 20:55:43 info: ======= ENV: development =======
2024-03-22 20:55:43 info: 🚀 App listening on port 3000
2024-03-22 20:55:43 info: =================================
2024-03-22 20:55:49 info: =================================
2024-03-22 20:55:49 info: ======= ENV: development =======
2024-03-22 20:55:49 info: 🚀 App listening on port 3000
2024-03-22 20:55:49 info: =================================
2024-03-22 20:55:57 info: =================================
2024-03-22 20:55:57 info: ======= ENV: development =======
2024-03-22 20:55:57 info: 🚀 App listening on port 3000
2024-03-22 20:55:57 info: =================================
2024-03-22 20:56:09 info: =================================
2024-03-22 20:56:09 info: ======= ENV: development =======
2024-03-22 20:56:09 info: 🚀 App listening on port 3000
2024-03-22 20:56:09 info: =================================
2024-03-22 20:56:12 info: =================================
2024-03-22 20:56:12 info: ======= ENV: development =======
2024-03-22 20:56:12 info: 🚀 App listening on port 3000
2024-03-22 20:56:12 info: =================================
2024-03-22 20:56:16 info: =================================
2024-03-22 20:56:16 info: ======= ENV: development =======
2024-03-22 20:56:16 info: 🚀 App listening on port 3000
2024-03-22 20:56:16 info: =================================
2024-03-22 20:56:21 info: =================================
2024-03-22 20:56:21 info: ======= ENV: development =======
2024-03-22 20:56:21 info: 🚀 App listening on port 3000
2024-03-22 20:56:21 info: =================================
2024-03-22 20:58:03 info: =================================
2024-03-22 20:58:03 info: ======= ENV: development =======
2024-03-22 20:58:03 info: 🚀 App listening on port 3000
2024-03-22 20:58:03 info: =================================
2024-03-22 20:58:57 info: =================================
2024-03-22 20:58:57 info: ======= ENV: development =======
2024-03-22 20:58:57 info: 🚀 App listening on port 3000
2024-03-22 20:58:57 info: =================================
2024-03-22 20:59:47 info: =================================
2024-03-22 20:59:47 info: ======= ENV: development =======
2024-03-22 20:59:47 info: 🚀 App listening on port 3000
2024-03-22 20:59:47 info: =================================
2024-03-22 21:03:54 info: =================================
2024-03-22 21:03:54 info: ======= ENV: development =======
2024-03-22 21:03:54 info: 🚀 App listening on port 3000
2024-03-22 21:03:54 info: =================================
2024-03-22 21:04:46 info: =================================
2024-03-22 21:04:46 info: ======= ENV: development =======
2024-03-22 21:04:46 info: 🚀 App listening on port 3000
2024-03-22 21:04:46 info: =================================
2024-03-22 21:04:50 info: === Searching for user by email and password ===
2024-03-22 21:05:02 info: === Searching for user by email and password ===
2024-03-22 21:05:20 info: === Searching for user by email and password ===
2024-03-22 21:11:49 info: =================================
2024-03-22 21:11:49 info: ======= ENV: development =======
2024-03-22 21:11:49 info: 🚀 App listening on port 3000
2024-03-22 21:11:49 info: =================================
2024-03-22 21:13:05 info: === Searching for user by email and password ===
2024-03-22 21:14:36 info: =================================
2024-03-22 21:14:36 info: ======= ENV: development =======
2024-03-22 21:14:36 info: 🚀 App listening on port 3000
2024-03-22 21:14:36 info: =================================
2024-03-22 21:14:57 info: =================================
2024-03-22 21:14:57 info: ======= ENV: development =======
2024-03-22 21:14:57 info: 🚀 App listening on port 3000
2024-03-22 21:14:57 info: =================================
2024-03-22 21:15:10 info: =================================
2024-03-22 21:15:10 info: ======= ENV: development =======
2024-03-22 21:15:10 info: 🚀 App listening on port 3000
2024-03-22 21:15:10 info: =================================
2024-03-22 21:15:22 info: =================================
2024-03-22 21:15:22 info: ======= ENV: development =======
2024-03-22 21:15:22 info: 🚀 App listening on port 3000
2024-03-22 21:15:22 info: =================================
2024-03-22 21:16:09 info: =================================
2024-03-22 21:16:09 info: ======= ENV: development =======
2024-03-22 21:16:09 info: 🚀 App listening on port 3000
2024-03-22 21:16:09 info: =================================
2024-03-22 21:16:38 info: =================================
2024-03-22 21:16:38 info: ======= ENV: development =======
2024-03-22 21:16:38 info: 🚀 App listening on port 3000
2024-03-22 21:16:38 info: =================================
2024-03-22 21:23:18 info: =================================
2024-03-22 21:23:18 info: ======= ENV: development =======
2024-03-22 21:23:18 info: 🚀 App listening on port 3000
2024-03-22 21:23:18 info: =================================
2024-03-22 21:27:48 info: =================================
2024-03-22 21:27:48 info: ======= ENV: development =======
2024-03-22 21:27:48 info: 🚀 App listening on port 3000
2024-03-22 21:27:48 info: =================================
2024-03-22 21:28:20 info: =================================
2024-03-22 21:28:20 info: ======= ENV: development =======
2024-03-22 21:28:20 info: 🚀 App listening on port 3000
2024-03-22 21:28:20 info: =================================
2024-03-22 21:28:45 info: =================================
2024-03-22 21:28:45 info: ======= ENV: development =======
2024-03-22 21:28:45 info: 🚀 App listening on port 3000
2024-03-22 21:28:45 info: =================================
2024-03-22 21:34:26 info: =================================
2024-03-22 21:34:26 info: ======= ENV: development =======
2024-03-22 21:34:26 info: 🚀 App listening on port 3000
2024-03-22 21:34:26 info: =================================
2024-03-22 21:36:05 info: =================================
2024-03-22 21:36:05 info: ======= ENV: development =======
2024-03-22 21:36:05 info: 🚀 App listening on port 3000
2024-03-22 21:36:05 info: =================================
2024-03-22 21:38:56 info: =================================
2024-03-22 21:38:56 info: ======= ENV: development =======
2024-03-22 21:38:56 info: 🚀 App listening on port 3000
2024-03-22 21:38:56 info: =================================
2024-03-22 21:40:14 info: =================================
2024-03-22 21:40:14 info: ======= ENV: development =======
2024-03-22 21:40:14 info: 🚀 App listening on port 3000
2024-03-22 21:40:14 info: =================================
2024-03-22 22:28:43 info: =================================
2024-03-22 22:28:43 info: ======= ENV: development =======
2024-03-22 22:28:43 info: 🚀 App listening on port 3000
2024-03-22 22:28:43 info: =================================
2024-03-22 22:28:44 info: =================================
2024-03-22 22:28:44 info: 🚀 DB Connection successfully!!
2024-03-22 22:28:44 info: =================================
2024-03-22 22:33:19 info: === Searching for user by email and password ===
2024-03-22 22:33:19 info: User not found auth.service :15
