2024-03-23 14:51:02 info: =================================
2024-03-23 14:51:02 info: ======= ENV: development =======
2024-03-23 14:51:02 info: 🚀 App listening on port 3000
2024-03-23 14:51:02 info: =================================
2024-03-23 14:51:02 info: =================================
2024-03-23 14:51:02 info: 🚀 DB Connection successfully!!
2024-03-23 14:51:02 info: =================================
2024-03-23 14:51:23 info: === Searching for user by email and password ===
2024-03-23 14:51:23 info: User not found auth.service :15
2024-03-23 14:56:27 info: =================================
2024-03-23 14:56:27 info: ======= ENV: development =======
2024-03-23 14:56:27 info: 🚀 App listening on port 3000
2024-03-23 14:56:27 info: =================================
2024-03-23 14:56:27 info: =================================
2024-03-23 14:56:27 info: 🚀 DB Connection successfully!!
2024-03-23 14:56:27 info: =================================
2024-03-23 14:56:50 info: =================================
2024-03-23 14:56:50 info: ======= ENV: development =======
2024-03-23 14:56:50 info: 🚀 App listening on port 3000
2024-03-23 14:56:50 info: =================================
2024-03-23 14:56:51 info: =================================
2024-03-23 14:56:51 info: 🚀 DB Connection successfully!!
2024-03-23 14:56:51 info: =================================
2024-03-23 14:56:59 info: =================================
2024-03-23 14:56:59 info: ======= ENV: development =======
2024-03-23 14:56:59 info: 🚀 App listening on port 3000
2024-03-23 14:56:59 info: =================================
2024-03-23 14:56:59 info: =================================
2024-03-23 14:56:59 info: 🚀 DB Connection successfully!!
2024-03-23 14:56:59 info: =================================
2024-03-23 14:57:04 info: === Searching for user by email and password ===
2024-03-23 14:57:04 info: User not found auth.service :15
2024-03-23 14:57:24 info: =================================
2024-03-23 14:57:24 info: ======= ENV: development =======
2024-03-23 14:57:24 info: 🚀 App listening on port 3000
2024-03-23 14:57:24 info: =================================
2024-03-23 14:57:24 info: =================================
2024-03-23 14:57:24 info: 🚀 DB Connection successfully!!
2024-03-23 14:57:24 info: =================================
2024-03-23 14:57:51 info: =================================
2024-03-23 14:57:51 info: ======= ENV: development =======
2024-03-23 14:57:51 info: 🚀 App listening on port 3000
2024-03-23 14:57:51 info: =================================
2024-03-23 14:57:51 info: =================================
2024-03-23 14:57:51 info: 🚀 DB Connection successfully!!
2024-03-23 14:57:51 info: =================================
2024-03-23 14:58:02 info: =================================
2024-03-23 14:58:02 info: ======= ENV: development =======
2024-03-23 14:58:02 info: 🚀 App listening on port 3000
2024-03-23 14:58:02 info: =================================
2024-03-23 14:58:02 info: =================================
2024-03-23 14:58:02 info: 🚀 DB Connection successfully!!
2024-03-23 14:58:02 info: =================================
2024-03-23 14:59:19 info: =================================
2024-03-23 14:59:19 info: ======= ENV: development =======
2024-03-23 14:59:19 info: 🚀 App listening on port 3000
2024-03-23 14:59:19 info: =================================
2024-03-23 14:59:19 info: =================================
2024-03-23 14:59:19 info: 🚀 DB Connection successfully!!
2024-03-23 14:59:19 info: =================================
2024-03-23 15:03:07 info: === Searching for user by email and password ===
2024-03-23 15:17:17 info: =================================
2024-03-23 15:17:17 info: ======= ENV: development =======
2024-03-23 15:17:17 info: 🚀 App listening on port 3000
2024-03-23 15:17:17 info: =================================
2024-03-23 15:17:17 info: =================================
2024-03-23 15:17:17 info: 🚀 DB Connection successfully!!
2024-03-23 15:17:17 info: =================================
2024-03-23 15:22:22 info: === Searching for user by email and password ===
2024-03-23 15:30:23 info: =================================
2024-03-23 15:30:23 info: ======= ENV: development =======
2024-03-23 15:30:23 info: 🚀 App listening on port 3000
2024-03-23 15:30:23 info: =================================
2024-03-23 15:30:23 info: =================================
2024-03-23 15:30:23 info: 🚀 DB Connection successfully!!
2024-03-23 15:30:23 info: =================================
2024-03-23 15:58:38 info: =================================
2024-03-23 15:58:38 info: ======= ENV: development =======
2024-03-23 15:58:38 info: 🚀 App listening on port 3000
2024-03-23 15:58:38 info: =================================
2024-03-23 15:58:39 info: =================================
2024-03-23 15:58:39 info: 🚀 DB Connection successfully!!
2024-03-23 15:58:39 info: =================================
2024-03-23 16:00:34 info: =================================
2024-03-23 16:00:34 info: ======= ENV: development =======
2024-03-23 16:00:34 info: 🚀 App listening on port 3000
2024-03-23 16:00:34 info: =================================
2024-03-23 16:00:34 info: =================================
2024-03-23 16:00:34 info: 🚀 DB Connection successfully!!
2024-03-23 16:00:34 info: =================================
2024-03-23 16:38:34 info: === Searching for user by email and password ===
2024-03-23 16:39:23 info: =================================
2024-03-23 16:39:23 info: ======= ENV: development =======
2024-03-23 16:39:23 info: 🚀 App listening on port 3000
2024-03-23 16:39:24 info: =================================
2024-03-23 16:39:24 info: =================================
2024-03-23 16:39:24 info: 🚀 DB Connection successfully!!
2024-03-23 16:39:24 info: =================================
2024-03-23 16:39:27 info: =================================
2024-03-23 16:39:27 info: ======= ENV: development =======
2024-03-23 16:39:27 info: 🚀 App listening on port 3000
2024-03-23 16:39:27 info: =================================
2024-03-23 16:39:27 info: =================================
2024-03-23 16:39:27 info: 🚀 DB Connection successfully!!
2024-03-23 16:39:27 info: =================================
2024-03-23 16:39:54 info: === Searching for user by email and password ===
2024-03-23 16:40:03 info: =================================
2024-03-23 16:40:03 info: ======= ENV: development =======
2024-03-23 16:40:03 info: 🚀 App listening on port 3000
2024-03-23 16:40:03 info: =================================
2024-03-23 16:40:04 info: =================================
2024-03-23 16:40:04 info: 🚀 DB Connection successfully!!
2024-03-23 16:40:04 info: =================================
2024-03-23 16:40:04 info: === Searching for user by email and password ===
2024-03-23 16:43:20 info: =================================
2024-03-23 16:43:20 info: ======= ENV: development =======
2024-03-23 16:43:20 info: 🚀 App listening on port 3000
2024-03-23 16:43:20 info: =================================
2024-03-23 16:43:20 info: =================================
2024-03-23 16:43:20 info: 🚀 DB Connection successfully!!
2024-03-23 16:43:20 info: =================================
2024-03-23 16:43:33 info: =================================
2024-03-23 16:43:33 info: ======= ENV: development =======
2024-03-23 16:43:33 info: 🚀 App listening on port 3000
2024-03-23 16:43:33 info: =================================
2024-03-23 16:43:33 info: =================================
2024-03-23 16:43:33 info: 🚀 DB Connection successfully!!
2024-03-23 16:43:33 info: =================================
2024-03-23 16:48:14 info: =================================
2024-03-23 16:48:14 info: ======= ENV: development =======
2024-03-23 16:48:14 info: 🚀 App listening on port 3000
2024-03-23 16:48:14 info: =================================
2024-03-23 16:48:14 info: =================================
2024-03-23 16:48:14 info: 🚀 DB Connection successfully!!
2024-03-23 16:48:14 info: =================================
2024-03-23 16:50:49 info: === Searching for user by email and password ===
2024-03-23 17:25:18 info: === Searching for user by email and password ===
2024-03-23 17:28:13 info: =================================
2024-03-23 17:28:13 info: ======= ENV: development =======
2024-03-23 17:28:13 info: 🚀 App listening on port 3000
2024-03-23 17:28:13 info: =================================
2024-03-23 17:28:13 info: =================================
2024-03-23 17:28:13 info: 🚀 DB Connection successfully!!
2024-03-23 17:28:13 info: =================================
2024-03-23 17:28:55 info: =================================
2024-03-23 17:28:55 info: ======= ENV: development =======
2024-03-23 17:28:55 info: 🚀 App listening on port 3000
2024-03-23 17:28:55 info: =================================
2024-03-23 17:28:56 info: =================================
2024-03-23 17:28:56 info: 🚀 DB Connection successfully!!
2024-03-23 17:28:56 info: =================================
2024-03-23 17:36:32 info: =================================
2024-03-23 17:36:32 info: ======= ENV: development =======
2024-03-23 17:36:32 info: 🚀 App listening on port 3000
2024-03-23 17:36:32 info: =================================
2024-03-23 17:36:33 info: =================================
2024-03-23 17:36:33 info: 🚀 DB Connection successfully!!
2024-03-23 17:36:33 info: =================================
2024-03-23 17:36:44 info: === Searching for user by email and password ===
2024-03-23 17:55:50 info: =================================
2024-03-23 17:55:50 info: ======= ENV: development =======
2024-03-23 17:55:50 info: 🚀 App listening on port 3000
2024-03-23 17:55:50 info: =================================
2024-03-23 17:55:50 info: =================================
2024-03-23 17:55:50 info: 🚀 DB Connection successfully!!
2024-03-23 17:55:50 info: =================================
2024-03-23 17:57:05 info: =================================
2024-03-23 17:57:05 info: ======= ENV: development =======
2024-03-23 17:57:05 info: 🚀 App listening on port 3000
2024-03-23 17:57:05 info: =================================
2024-03-23 17:57:05 info: =================================
2024-03-23 17:57:05 info: 🚀 DB Connection successfully!!
2024-03-23 17:57:05 info: =================================
2024-03-23 18:07:07 info: =================================
2024-03-23 18:07:07 info: ======= ENV: development =======
2024-03-23 18:07:07 info: 🚀 App listening on port 3000
2024-03-23 18:07:07 info: =================================
2024-03-23 18:07:08 info: =================================
2024-03-23 18:07:08 info: 🚀 DB Connection successfully!!
2024-03-23 18:07:08 info: =================================
2024-03-23 18:07:23 info: =================================
2024-03-23 18:07:23 info: ======= ENV: development =======
2024-03-23 18:07:23 info: 🚀 App listening on port 3000
2024-03-23 18:07:23 info: =================================
2024-03-23 18:07:23 info: =================================
2024-03-23 18:07:23 info: 🚀 DB Connection successfully!!
2024-03-23 18:07:23 info: =================================
2024-03-23 18:08:50 info: =================================
2024-03-23 18:08:50 info: ======= ENV: development =======
2024-03-23 18:08:50 info: 🚀 App listening on port 3000
2024-03-23 18:08:50 info: =================================
2024-03-23 18:08:50 info: =================================
2024-03-23 18:08:50 info: 🚀 DB Connection successfully!!
2024-03-23 18:08:50 info: =================================
2024-03-23 18:11:30 info: =================================
2024-03-23 18:11:30 info: ======= ENV: development =======
2024-03-23 18:11:30 info: 🚀 App listening on port 3000
2024-03-23 18:11:30 info: =================================
2024-03-23 18:11:30 info: =================================
2024-03-23 18:11:30 info: 🚀 DB Connection successfully!!
2024-03-23 18:11:30 info: =================================
2024-03-23 18:11:47 info: === Searching for user by email and password ===
2024-03-23 18:11:55 info: === Searching for user by email and password ===
2024-03-23 18:13:18 info: =================================
2024-03-23 18:13:18 info: ======= ENV: development =======
2024-03-23 18:13:18 info: 🚀 App listening on port 3000
2024-03-23 18:13:18 info: =================================
2024-03-23 18:13:18 info: =================================
2024-03-23 18:13:18 info: 🚀 DB Connection successfully!!
2024-03-23 18:13:18 info: =================================
2024-03-23 18:13:53 info: =================================
2024-03-23 18:13:53 info: ======= ENV: development =======
2024-03-23 18:13:53 info: 🚀 App listening on port 3000
2024-03-23 18:13:53 info: =================================
2024-03-23 18:13:53 info: =================================
2024-03-23 18:13:53 info: 🚀 DB Connection successfully!!
2024-03-23 18:13:53 info: =================================
2024-03-23 18:14:01 info: === Searching for user by email and password ===
2024-03-23 18:15:39 info: =================================
2024-03-23 18:15:39 info: ======= ENV: development =======
2024-03-23 18:15:39 info: 🚀 App listening on port 3000
2024-03-23 18:15:39 info: =================================
2024-03-23 18:15:39 info: =================================
2024-03-23 18:15:39 info: 🚀 DB Connection successfully!!
2024-03-23 18:15:39 info: =================================
2024-03-23 18:17:59 info: =================================
2024-03-23 18:17:59 info: ======= ENV: development =======
2024-03-23 18:17:59 info: 🚀 App listening on port 3000
2024-03-23 18:17:59 info: =================================
2024-03-23 18:18:00 info: =================================
2024-03-23 18:18:00 info: 🚀 DB Connection successfully!!
2024-03-23 18:18:00 info: =================================
