2024-03-19 17:58:30 info: =================================
2024-03-19 17:58:30 info: ======= ENV: development =======
2024-03-19 17:58:30 info: 🚀 App listening on port 3000
2024-03-19 17:58:30 info: =================================
2024-03-19 17:58:31 info: =================================
2024-03-19 17:58:31 info: 🚀 DB Connection successfully!!
2024-03-19 17:58:31 info: =================================
2024-03-19 18:01:57 info: =================================
2024-03-19 18:01:57 info: ======= ENV: development =======
2024-03-19 18:01:57 info: 🚀 App listening on port 3000
2024-03-19 18:01:57 info: =================================
2024-03-19 18:01:57 info: =================================
2024-03-19 18:01:57 info: 🚀 DB Connection successfully!!
2024-03-19 18:01:57 info: =================================
2024-03-19 18:02:02 info: Searching for user by email and password..
2024-03-19 18:04:08 info: =================================
2024-03-19 18:04:08 info: ======= ENV: development =======
2024-03-19 18:04:08 info: 🚀 App listening on port 3000
2024-03-19 18:04:08 info: =================================
2024-03-19 18:04:08 info: =================================
2024-03-19 18:04:08 info: 🚀 DB Connection successfully!!
2024-03-19 18:04:08 info: =================================
2024-03-19 18:04:18 info: =================================
2024-03-19 18:04:18 info: ======= ENV: development =======
2024-03-19 18:04:18 info: 🚀 App listening on port 3000
2024-03-19 18:04:18 info: =================================
2024-03-19 18:04:18 info: =================================
2024-03-19 18:04:18 info: 🚀 DB Connection successfully!!
2024-03-19 18:04:18 info: =================================
2024-03-19 18:04:36 info: =================================
2024-03-19 18:04:36 info: ======= ENV: development =======
2024-03-19 18:04:36 info: 🚀 App listening on port 3000
2024-03-19 18:04:36 info: =================================
2024-03-19 18:04:37 info: =================================
2024-03-19 18:04:37 info: 🚀 DB Connection successfully!!
2024-03-19 18:04:37 info: =================================
2024-03-19 18:04:51 info: =================================
2024-03-19 18:04:51 info: ======= ENV: development =======
2024-03-19 18:04:51 info: 🚀 App listening on port 3000
2024-03-19 18:04:51 info: =================================
2024-03-19 18:04:51 info: =================================
2024-03-19 18:04:51 info: 🚀 DB Connection successfully!!
2024-03-19 18:04:51 info: =================================
2024-03-19 18:05:00 info: Searching for user by email and password..
2024-03-19 18:05:46 info: =================================
2024-03-19 18:05:46 info: ======= ENV: development =======
2024-03-19 18:05:46 info: 🚀 App listening on port 3000
2024-03-19 18:05:46 info: =================================
2024-03-19 18:05:46 info: =================================
2024-03-19 18:05:46 info: 🚀 DB Connection successfully!!
2024-03-19 18:05:46 info: =================================
2024-03-19 18:05:49 info: =================================
2024-03-19 18:05:49 info: ======= ENV: development =======
2024-03-19 18:05:49 info: 🚀 App listening on port 3000
2024-03-19 18:05:49 info: =================================
2024-03-19 18:05:50 info: =================================
2024-03-19 18:05:50 info: 🚀 DB Connection successfully!!
2024-03-19 18:05:50 info: =================================
2024-03-19 18:05:53 info: =================================
2024-03-19 18:05:53 info: ======= ENV: development =======
2024-03-19 18:05:53 info: 🚀 App listening on port 3000
2024-03-19 18:05:53 info: =================================
2024-03-19 18:05:53 info: =================================
2024-03-19 18:05:53 info: 🚀 DB Connection successfully!!
2024-03-19 18:05:53 info: =================================
2024-03-19 18:11:45 info: === Searching for user by email and password ===
2024-03-19 18:12:48 info: =================================
2024-03-19 18:12:48 info: ======= ENV: development =======
2024-03-19 18:12:48 info: 🚀 App listening on port 3000
2024-03-19 18:12:48 info: =================================
2024-03-19 18:12:48 info: =================================
2024-03-19 18:12:48 info: 🚀 DB Connection successfully!!
2024-03-19 18:12:48 info: =================================
2024-03-19 18:12:54 info: === Searching for user by email and password ===
2024-03-19 18:13:31 info: =================================
2024-03-19 18:13:31 info: ======= ENV: development =======
2024-03-19 18:13:31 info: 🚀 App listening on port 3000
2024-03-19 18:13:31 info: =================================
2024-03-19 18:13:31 info: =================================
2024-03-19 18:13:31 info: 🚀 DB Connection successfully!!
2024-03-19 18:13:31 info: =================================
2024-03-19 18:13:40 info: =================================
2024-03-19 18:13:40 info: ======= ENV: development =======
2024-03-19 18:13:40 info: 🚀 App listening on port 3000
2024-03-19 18:13:40 info: =================================
2024-03-19 18:13:40 info: =================================
2024-03-19 18:13:40 info: 🚀 DB Connection successfully!!
2024-03-19 18:13:40 info: =================================
2024-03-19 18:13:43 info: =================================
2024-03-19 18:13:43 info: ======= ENV: development =======
2024-03-19 18:13:43 info: 🚀 App listening on port 3000
2024-03-19 18:13:43 info: =================================
2024-03-19 18:13:43 info: =================================
2024-03-19 18:13:46 info: =================================
2024-03-19 18:13:46 info: ======= ENV: development =======
2024-03-19 18:13:46 info: 🚀 App listening on port 3000
2024-03-19 18:13:46 info: =================================
2024-03-19 18:13:48 info: =================================
2024-03-19 18:13:48 info: ======= ENV: development =======
2024-03-19 18:13:48 info: 🚀 App listening on port 3000
2024-03-19 18:13:48 info: =================================
2024-03-19 18:13:48 info: =================================
2024-03-19 18:13:48 info: 🚀 DB Connection successfully!!
2024-03-19 18:13:48 info: =================================
2024-03-19 18:24:28 info: =================================
2024-03-19 18:24:28 info: ======= ENV: development =======
2024-03-19 18:24:28 info: 🚀 App listening on port 3000
2024-03-19 18:24:28 info: =================================
2024-03-19 18:24:29 info: =================================
2024-03-19 18:24:29 info: 🚀 DB Connection successfully!!
2024-03-19 18:24:29 info: =================================
2024-03-19 18:24:42 info: =================================
2024-03-19 18:24:42 info: ======= ENV: development =======
2024-03-19 18:24:42 info: 🚀 App listening on port 3000
2024-03-19 18:24:42 info: =================================
2024-03-19 18:24:42 info: =================================
2024-03-19 18:24:42 info: 🚀 DB Connection successfully!!
2024-03-19 18:24:42 info: =================================
2024-03-19 18:24:48 info: =================================
2024-03-19 18:24:48 info: ======= ENV: development =======
2024-03-19 18:24:48 info: 🚀 App listening on port 3000
2024-03-19 18:24:48 info: =================================
2024-03-19 18:24:48 info: =================================
2024-03-19 18:24:48 info: 🚀 DB Connection successfully!!
2024-03-19 18:24:48 info: =================================
2024-03-19 18:24:51 info: === Searching for user by email and password ===
2024-03-19 18:24:51 info: Password = securePassword
2024-03-19 18:25:09 info: =================================
2024-03-19 18:25:09 info: ======= ENV: development =======
2024-03-19 18:25:09 info: 🚀 App listening on port 3000
2024-03-19 18:25:09 info: =================================
2024-03-19 18:25:09 info: =================================
2024-03-19 18:25:09 info: 🚀 DB Connection successfully!!
2024-03-19 18:25:09 info: =================================
2024-03-19 18:25:12 info: =================================
2024-03-19 18:25:12 info: ======= ENV: development =======
2024-03-19 18:25:12 info: 🚀 App listening on port 3000
2024-03-19 18:25:12 info: =================================
2024-03-19 18:25:12 info: =================================
2024-03-19 18:25:12 info: 🚀 DB Connection successfully!!
2024-03-19 18:25:12 info: =================================
2024-03-19 18:25:23 info: =================================
2024-03-19 18:25:23 info: ======= ENV: development =======
2024-03-19 18:25:23 info: 🚀 App listening on port 3000
2024-03-19 18:25:23 info: =================================
2024-03-19 18:25:23 info: =================================
2024-03-19 18:25:23 info: 🚀 DB Connection successfully!!
2024-03-19 18:25:23 info: =================================
2024-03-19 18:25:28 info: =================================
2024-03-19 18:25:28 info: ======= ENV: development =======
2024-03-19 18:25:28 info: 🚀 App listening on port 3000
2024-03-19 18:25:28 info: =================================
2024-03-19 18:25:28 info: =================================
2024-03-19 18:25:28 info: 🚀 DB Connection successfully!!
2024-03-19 18:25:28 info: =================================
2024-03-19 18:25:35 info: =================================
2024-03-19 18:25:35 info: ======= ENV: development =======
2024-03-19 18:25:35 info: 🚀 App listening on port 3000
2024-03-19 18:25:35 info: =================================
2024-03-19 18:25:35 info: =================================
2024-03-19 18:25:35 info: 🚀 DB Connection successfully!!
2024-03-19 18:25:35 info: =================================
2024-03-19 18:25:39 info: =================================
2024-03-19 18:25:39 info: ======= ENV: development =======
2024-03-19 18:25:39 info: 🚀 App listening on port 3000
2024-03-19 18:25:39 info: =================================
2024-03-19 18:25:39 info: =================================
2024-03-19 18:25:39 info: 🚀 DB Connection successfully!!
2024-03-19 18:25:39 info: =================================
2024-03-19 18:25:40 info: === Searching for user by email and password ===
2024-03-19 18:25:40 info: Password hash : undefined
2024-03-19 18:30:39 info: =================================
2024-03-19 18:30:39 info: ======= ENV: development =======
2024-03-19 18:30:39 info: 🚀 App listening on port 3000
2024-03-19 18:30:39 info: =================================
2024-03-19 18:30:40 info: =================================
2024-03-19 18:30:40 info: 🚀 DB Connection successfully!!
2024-03-19 18:30:40 info: =================================
2024-03-19 18:30:44 info: === Searching for user by email and password ===
2024-03-19 18:30:44 info: User : [object Object]
2024-03-19 18:30:44 info: Password hash : undefined
2024-03-19 18:31:03 info: =================================
2024-03-19 18:31:03 info: ======= ENV: development =======
2024-03-19 18:31:03 info: 🚀 App listening on port 3000
2024-03-19 18:31:03 info: =================================
2024-03-19 18:31:03 info: =================================
2024-03-19 18:31:03 info: 🚀 DB Connection successfully!!
2024-03-19 18:31:03 info: =================================
2024-03-19 18:31:06 info: === Searching for user by email and password ===
2024-03-19 18:31:06 info: User : alice@example.com
2024-03-19 18:31:06 info: Password hash : undefined
2024-03-19 18:31:21 info: =================================
2024-03-19 18:31:21 info: ======= ENV: development =======
2024-03-19 18:31:21 info: 🚀 App listening on port 3000
2024-03-19 18:31:21 info: =================================
2024-03-19 18:31:21 info: =================================
2024-03-19 18:31:21 info: 🚀 DB Connection successfully!!
2024-03-19 18:31:21 info: =================================
2024-03-19 18:31:30 info: === Searching for user by email and password ===
2024-03-19 18:31:30 info: User : undefined
2024-03-19 18:31:30 info: Password hash : undefined
2024-03-19 18:41:10 info: =================================
2024-03-19 18:41:10 info: ======= ENV: development =======
2024-03-19 18:41:10 info: 🚀 App listening on port 3000
2024-03-19 18:41:10 info: =================================
2024-03-19 18:41:10 info: =================================
2024-03-19 18:41:10 info: 🚀 DB Connection successfully!!
2024-03-19 18:41:10 info: =================================
2024-03-19 18:41:19 info: === Searching for user by email and password ===
2024-03-19 18:41:19 info: User : $2b$10$nsLlxE4LocTUB0KM.MFf.ekCrZ5reloAOgbr0c4Dx/p/0MbyftIli
2024-03-19 18:41:19 info: Password hash : $2b$10$nsLlxE4LocTUB0KM.MFf.ekCrZ5reloAOgbr0c4Dx/p/0MbyftIli
2024-03-19 18:42:18 info: =================================
2024-03-19 18:42:18 info: ======= ENV: development =======
2024-03-19 18:42:18 info: 🚀 App listening on port 3000
2024-03-19 18:42:18 info: =================================
2024-03-19 18:42:18 info: =================================
2024-03-19 18:42:18 info: 🚀 DB Connection successfully!!
2024-03-19 18:42:18 info: =================================
2024-03-19 18:42:21 info: =================================
2024-03-19 18:42:21 info: ======= ENV: development =======
2024-03-19 18:42:21 info: 🚀 App listening on port 3000
2024-03-19 18:42:21 info: =================================
2024-03-19 18:42:21 info: =================================
2024-03-19 18:42:21 info: 🚀 DB Connection successfully!!
2024-03-19 18:42:21 info: =================================
2024-03-19 18:42:38 info: =================================
2024-03-19 18:42:38 info: ======= ENV: development =======
2024-03-19 18:42:38 info: 🚀 App listening on port 3000
2024-03-19 18:42:38 info: =================================
2024-03-19 18:42:38 info: =================================
2024-03-19 18:42:38 info: 🚀 DB Connection successfully!!
2024-03-19 18:42:38 info: =================================
2024-03-19 18:42:50 info: =================================
2024-03-19 18:42:50 info: ======= ENV: development =======
2024-03-19 18:42:50 info: 🚀 App listening on port 3000
2024-03-19 18:42:50 info: =================================
2024-03-19 18:42:50 info: =================================
2024-03-19 18:42:50 info: 🚀 DB Connection successfully!!
2024-03-19 18:42:50 info: =================================
2024-03-19 19:05:20 info: =================================
2024-03-19 19:05:20 info: ======= ENV: development =======
2024-03-19 19:05:20 info: 🚀 App listening on port 3000
2024-03-19 19:05:20 info: =================================
2024-03-19 19:05:20 info: =================================
2024-03-19 19:05:20 info: 🚀 DB Connection successfully!!
2024-03-19 19:05:20 info: =================================
2024-03-19 19:05:37 info: =================================
2024-03-19 19:05:37 info: ======= ENV: development =======
2024-03-19 19:05:37 info: 🚀 App listening on port 3000
2024-03-19 19:05:37 info: =================================
2024-03-19 19:05:37 info: =================================
2024-03-19 19:05:37 info: 🚀 DB Connection successfully!!
2024-03-19 19:05:37 info: =================================
2024-03-19 19:05:48 info: =================================
2024-03-19 19:05:48 info: ======= ENV: development =======
2024-03-19 19:05:48 info: 🚀 App listening on port 3000
2024-03-19 19:05:48 info: =================================
2024-03-19 19:05:48 info: =================================
2024-03-19 19:05:48 info: 🚀 DB Connection successfully!!
2024-03-19 19:05:48 info: =================================
2024-03-19 19:05:55 info: =================================
2024-03-19 19:05:55 info: ======= ENV: development =======
2024-03-19 19:05:55 info: 🚀 App listening on port 3000
2024-03-19 19:05:55 info: =================================
2024-03-19 19:05:55 info: =================================
2024-03-19 19:05:55 info: 🚀 DB Connection successfully!!
2024-03-19 19:05:55 info: =================================
2024-03-19 19:20:33 info: =================================
2024-03-19 19:20:33 info: ======= ENV: development =======
2024-03-19 19:20:33 info: 🚀 App listening on port 3000
2024-03-19 19:20:33 info: =================================
2024-03-19 19:20:33 info: =================================
2024-03-19 19:20:33 info: 🚀 DB Connection successfully!!
2024-03-19 19:20:33 info: =================================
