2024-03-21 08:40:15 info: =================================
2024-03-21 08:40:15 info: ======= ENV: development =======
2024-03-21 08:40:15 info: 🚀 App listening on port 3000
2024-03-21 08:40:15 info: =================================
2024-03-21 08:40:15 info: =================================
2024-03-21 08:40:15 info: 🚀 DB Connection successfully!!
2024-03-21 08:40:15 info: =================================
2024-03-21 08:41:03 info: === Searching for user by email and password ===
2024-03-21 08:41:03 info: User : $2b$10$nsLlxE4LocTUB0KM.MFf.ekCrZ5reloAOgbr0c4Dx/p/0MbyftIli
2024-03-21 08:41:03 info: Password hash : $2b$10$nsLlxE4LocTUB0KM.MFf.ekCrZ5reloAOgbr0c4Dx/p/0MbyftIli
2024-03-21 08:41:07 info: === Searching for user by email and password ===
2024-03-21 08:41:07 info: User : $2b$10$nsLlxE4LocTUB0KM.MFf.ekCrZ5reloAOgbr0c4Dx/p/0MbyftIli
2024-03-21 08:41:07 info: Password hash : $2b$10$nsLlxE4LocTUB0KM.MFf.ekCrZ5reloAOgbr0c4Dx/p/0MbyftIli
2024-03-21 08:41:22 info: === Searching for user by email and password ===
2024-03-21 08:41:22 info: User : $2b$10$nsLlxE4LocTUB0KM.MFf.ekCrZ5reloAOgbr0c4Dx/p/0MbyftIli
2024-03-21 08:41:22 info: Password hash : $2b$10$nsLlxE4LocTUB0KM.MFf.ekCrZ5reloAOgbr0c4Dx/p/0MbyftIli
2024-03-21 08:41:55 info: =================================
2024-03-21 08:41:55 info: ======= ENV: development =======
2024-03-21 08:41:55 info: 🚀 App listening on port 3000
2024-03-21 08:41:55 info: =================================
2024-03-21 08:41:55 info: =================================
2024-03-21 08:41:55 info: 🚀 DB Connection successfully!!
2024-03-21 08:41:55 info: =================================
2024-03-21 08:42:01 info: === Searching for user by email and password ===
2024-03-21 08:42:01 info: User : $2b$10$nsLlxE4LocTUB0KM.MFf.ekCrZ5reloAOgbr0c4Dx/p/0MbyftIli
2024-03-21 08:42:01 info: Password hash : $2b$10$nsLlxE4LocTUB0KM.MFf.ekCrZ5reloAOgbr0c4Dx/p/0MbyftIli
2024-03-21 08:42:10 info: =================================
2024-03-21 08:42:10 info: ======= ENV: development =======
2024-03-21 08:42:10 info: 🚀 App listening on port 3000
2024-03-21 08:42:10 info: =================================
2024-03-21 08:42:10 info: =================================
2024-03-21 08:42:10 info: 🚀 DB Connection successfully!!
2024-03-21 08:42:10 info: =================================
2024-03-21 08:49:38 info: =================================
2024-03-21 08:49:38 info: ======= ENV: development =======
2024-03-21 08:49:38 info: 🚀 App listening on port 3000
2024-03-21 08:49:38 info: =================================
2024-03-21 08:49:39 info: =================================
2024-03-21 08:49:39 info: 🚀 DB Connection successfully!!
2024-03-21 08:49:39 info: =================================
2024-03-21 08:49:57 info: === Searching for user by email and password ===
2024-03-21 08:49:57 info: User : $2b$10$nsLlxE4LocTUB0KM.MFf.ekCrZ5reloAOgbr0c4Dx/p/0MbyftIli
2024-03-21 08:49:57 info: Password hash : $2b$10$nsLlxE4LocTUB0KM.MFf.ekCrZ5reloAOgbr0c4Dx/p/0MbyftIli
2024-03-21 08:50:07 info: === Searching for user by email and password ===
2024-03-21 08:50:07 info: User : $2b$10$nsLlxE4LocTUB0KM.MFf.ekCrZ5reloAOgbr0c4Dx/p/0MbyftIli
2024-03-21 08:50:07 info: Password hash : $2b$10$nsLlxE4LocTUB0KM.MFf.ekCrZ5reloAOgbr0c4Dx/p/0MbyftIli
2024-03-21 08:54:09 info: =================================
2024-03-21 08:54:09 info: ======= ENV: development =======
2024-03-21 08:54:09 info: 🚀 App listening on port 3000
2024-03-21 08:54:09 info: =================================
2024-03-21 08:54:09 info: =================================
2024-03-21 08:54:09 info: 🚀 DB Connection successfully!!
2024-03-21 08:54:09 info: =================================
2024-03-21 08:54:20 info: =================================
2024-03-21 08:54:20 info: ======= ENV: development =======
2024-03-21 08:54:20 info: 🚀 App listening on port 3000
2024-03-21 08:54:20 info: =================================
2024-03-21 08:54:20 info: =================================
2024-03-21 08:54:20 info: 🚀 DB Connection successfully!!
2024-03-21 08:54:20 info: =================================
2024-03-21 08:54:26 info: === Searching for user by email and password ===
2024-03-21 08:54:26 info: User : $2b$10$nsLlxE4LocTUB0KM.MFf.ekCrZ5reloAOgbr0c4Dx/p/0MbyftIli
2024-03-21 08:54:26 info: Password hash : $2b$10$nsLlxE4LocTUB0KM.MFf.ekCrZ5reloAOgbr0c4Dx/p/0MbyftIli
2024-03-21 08:54:39 info: === Searching for user by email and password ===
2024-03-21 08:54:39 info: User : $2b$10$nsLlxE4LocTUB0KM.MFf.ekCrZ5reloAOgbr0c4Dx/p/0MbyftIli
2024-03-21 08:54:39 info: Password hash : $2b$10$nsLlxE4LocTUB0KM.MFf.ekCrZ5reloAOgbr0c4Dx/p/0MbyftIli
2024-03-21 08:54:48 info: === Searching for user by email and password ===
2024-03-21 08:54:48 info: User : $2b$10$nsLlxE4LocTUB0KM.MFf.ekCrZ5reloAOgbr0c4Dx/p/0MbyftIli
2024-03-21 08:54:48 info: Password hash : $2b$10$nsLlxE4LocTUB0KM.MFf.ekCrZ5reloAOgbr0c4Dx/p/0MbyftIli
2024-03-21 08:55:55 info: =================================
2024-03-21 08:55:55 info: ======= ENV: development =======
2024-03-21 08:55:55 info: 🚀 App listening on port 3000
2024-03-21 08:55:55 info: =================================
2024-03-21 08:55:55 info: =================================
2024-03-21 08:55:55 info: 🚀 DB Connection successfully!!
2024-03-21 08:55:55 info: =================================
2024-03-21 08:56:05 info: === Searching for user by email and password ===
2024-03-21 08:56:05 info: User : $2b$10$nsLlxE4LocTUB0KM.MFf.ekCrZ5reloAOgbr0c4Dx/p/0MbyftIli
2024-03-21 08:56:05 info: Password hash : $2b$10$nsLlxE4LocTUB0KM.MFf.ekCrZ5reloAOgbr0c4Dx/p/0MbyftIli
2024-03-21 08:56:38 info: =================================
2024-03-21 08:56:38 info: ======= ENV: development =======
2024-03-21 08:56:38 info: 🚀 App listening on port 3000
2024-03-21 08:56:38 info: =================================
2024-03-21 08:56:38 info: =================================
2024-03-21 08:56:38 info: 🚀 DB Connection successfully!!
2024-03-21 08:56:38 info: =================================
2024-03-21 08:56:47 info: =================================
2024-03-21 08:56:48 info: ======= ENV: development =======
2024-03-21 08:56:48 info: 🚀 App listening on port 3000
2024-03-21 08:56:48 info: =================================
2024-03-21 08:56:48 info: =================================
2024-03-21 08:56:48 info: 🚀 DB Connection successfully!!
2024-03-21 08:56:48 info: =================================
2024-03-21 08:57:45 info: === Searching for user by email and password ===
2024-03-21 08:57:45 info: User : $2b$10$nsLlxE4LocTUB0KM.MFf.ekCrZ5reloAOgbr0c4Dx/p/0MbyftIli
2024-03-21 08:57:45 info: Password hash : $2b$10$nsLlxE4LocTUB0KM.MFf.ekCrZ5reloAOgbr0c4Dx/p/0MbyftIli
2024-03-21 09:03:26 info: =================================
2024-03-21 09:03:26 info: ======= ENV: development =======
2024-03-21 09:03:26 info: 🚀 App listening on port 3000
2024-03-21 09:03:26 info: =================================
2024-03-21 09:03:26 info: =================================
2024-03-21 09:03:26 info: 🚀 DB Connection successfully!!
2024-03-21 09:03:26 info: =================================
2024-03-21 09:25:47 info: =================================
2024-03-21 09:25:47 info: ======= ENV: development =======
2024-03-21 09:25:47 info: 🚀 App listening on port 3000
2024-03-21 09:25:47 info: =================================
2024-03-21 09:25:47 info: =================================
2024-03-21 09:25:47 info: 🚀 DB Connection successfully!!
2024-03-21 09:25:47 info: =================================
2024-03-21 09:28:45 info: =================================
2024-03-21 09:28:45 info: ======= ENV: development =======
2024-03-21 09:28:45 info: 🚀 App listening on port 3000
2024-03-21 09:28:45 info: =================================
2024-03-21 09:28:45 info: =================================
2024-03-21 09:28:45 info: 🚀 DB Connection successfully!!
2024-03-21 09:28:45 info: =================================
