2024-03-18 18:40:19 info: =================================
2024-03-18 18:40:19 info: ======= ENV: development =======
2024-03-18 18:40:19 info: 🚀 App listening on port 3000
2024-03-18 18:40:19 info: =================================
2024-03-18 18:40:20 info: =================================
2024-03-18 18:40:20 info: 🚀 DB Connection successfully!!
2024-03-18 18:40:20 info: =================================
2024-03-18 19:14:32 info: =================================
2024-03-18 19:14:32 info: ======= ENV: development =======
2024-03-18 19:14:32 info: 🚀 App listening on port 3000
2024-03-18 19:14:32 info: =================================
2024-03-18 19:14:33 info: =================================
2024-03-18 19:14:33 info: 🚀 DB Connection successfully!!
2024-03-18 19:14:33 info: =================================
2024-03-18 19:17:17 info: =================================
2024-03-18 19:17:17 info: ======= ENV: development =======
2024-03-18 19:17:17 info: 🚀 App listening on port 3000
2024-03-18 19:17:17 info: =================================
2024-03-18 19:17:17 info: =================================
2024-03-18 19:17:17 info: 🚀 DB Connection successfully!!
2024-03-18 19:17:17 info: =================================
2024-03-18 19:33:23 info: =================================
2024-03-18 19:33:23 info: ======= ENV: development =======
2024-03-18 19:33:23 info: 🚀 App listening on port 3000
2024-03-18 19:33:23 info: =================================
2024-03-18 19:33:24 info: =================================
2024-03-18 19:33:24 info: 🚀 DB Connection successfully!!
2024-03-18 19:33:24 info: =================================
2024-03-18 19:36:45 info: =================================
2024-03-18 19:36:45 info: ======= ENV: development =======
2024-03-18 19:36:45 info: 🚀 App listening on port 3000
2024-03-18 19:36:45 info: =================================
2024-03-18 19:36:46 info: =================================
2024-03-18 19:36:46 info: 🚀 DB Connection successfully!!
2024-03-18 19:36:46 info: =================================
2024-03-18 19:38:04 info: =================================
2024-03-18 19:38:04 info: ======= ENV: development =======
2024-03-18 19:38:04 info: 🚀 App listening on port 3000
2024-03-18 19:38:04 info: =================================
2024-03-18 19:38:04 info: =================================
2024-03-18 19:38:04 info: 🚀 DB Connection successfully!!
2024-03-18 19:38:04 info: =================================
2024-03-18 19:39:22 info: =================================
2024-03-18 19:39:22 info: ======= ENV: development =======
2024-03-18 19:39:22 info: 🚀 App listening on port 3000
2024-03-18 19:39:22 info: =================================
2024-03-18 19:39:23 info: =================================
2024-03-18 19:39:23 info: 🚀 DB Connection successfully!!
2024-03-18 19:39:23 info: =================================
2024-03-18 19:39:52 info: =================================
2024-03-18 19:39:52 info: ======= ENV: development =======
2024-03-18 19:39:52 info: 🚀 App listening on port 3000
2024-03-18 19:39:52 info: =================================
2024-03-18 19:39:52 info: =================================
2024-03-18 19:39:52 info: 🚀 DB Connection successfully!!
2024-03-18 19:39:52 info: =================================
2024-03-18 19:40:25 info: =================================
2024-03-18 19:40:25 info: ======= ENV: development =======
2024-03-18 19:40:25 info: 🚀 App listening on port 3000
2024-03-18 19:40:25 info: =================================
2024-03-18 19:40:25 info: =================================
2024-03-18 19:40:25 info: 🚀 DB Connection successfully!!
2024-03-18 19:40:25 info: =================================
2024-03-18 19:40:32 info: =================================
2024-03-18 19:40:32 info: ======= ENV: development =======
2024-03-18 19:40:32 info: 🚀 App listening on port 3000
2024-03-18 19:40:32 info: =================================
2024-03-18 19:40:33 info: =================================
2024-03-18 19:40:33 info: 🚀 DB Connection successfully!!
2024-03-18 19:40:33 info: =================================
2024-03-18 19:42:01 info: =================================
2024-03-18 19:42:01 info: ======= ENV: development =======
2024-03-18 19:42:01 info: 🚀 App listening on port 3000
2024-03-18 19:42:01 info: =================================
2024-03-18 19:42:01 info: =================================
2024-03-18 19:42:01 info: 🚀 DB Connection successfully!!
2024-03-18 19:42:01 info: =================================
2024-03-18 19:42:16 info: =================================
2024-03-18 19:42:16 info: ======= ENV: development =======
2024-03-18 19:42:16 info: 🚀 App listening on port 3000
2024-03-18 19:42:16 info: =================================
2024-03-18 19:42:17 info: =================================
2024-03-18 19:42:17 info: 🚀 DB Connection successfully!!
2024-03-18 19:42:17 info: =================================
2024-03-18 19:42:23 info: =================================
2024-03-18 19:42:23 info: ======= ENV: development =======
2024-03-18 19:42:23 info: 🚀 App listening on port 3000
2024-03-18 19:42:23 info: =================================
2024-03-18 19:42:23 info: =================================
2024-03-18 19:42:23 info: 🚀 DB Connection successfully!!
2024-03-18 19:42:23 info: =================================
2024-03-18 19:46:55 info: =================================
2024-03-18 19:46:55 info: ======= ENV: development =======
2024-03-18 19:46:55 info: 🚀 App listening on port 3000
2024-03-18 19:46:55 info: =================================
2024-03-18 19:46:55 info: =================================
2024-03-18 19:46:55 info: 🚀 DB Connection successfully!!
2024-03-18 19:46:55 info: =================================
2024-03-18 20:12:08 info: =================================
2024-03-18 20:12:08 info: ======= ENV: development =======
2024-03-18 20:12:08 info: 🚀 App listening on port 3000
2024-03-18 20:12:08 info: =================================
2024-03-18 20:12:08 info: =================================
2024-03-18 20:12:08 info: 🚀 DB Connection successfully!!
2024-03-18 20:12:08 info: =================================
2024-03-18 20:12:31 info: Searching for user by email and password..
2024-03-18 20:12:38 info: Searching for user by email and password..
2024-03-18 20:13:07 info: Searching for user by email and password..
2024-03-18 20:13:10 info: Searching for user by email and password..
2024-03-18 20:13:56 info: =================================
2024-03-18 20:13:56 info: ======= ENV: development =======
2024-03-18 20:13:56 info: 🚀 App listening on port 3000
2024-03-18 20:13:56 info: =================================
2024-03-18 20:13:56 info: =================================
2024-03-18 20:13:56 info: 🚀 DB Connection successfully!!
2024-03-18 20:13:56 info: =================================
2024-03-18 20:14:14 info: =================================
2024-03-18 20:14:14 info: ======= ENV: development =======
2024-03-18 20:14:14 info: 🚀 App listening on port 3000
2024-03-18 20:14:14 info: =================================
2024-03-18 20:14:14 info: =================================
2024-03-18 20:14:14 info: 🚀 DB Connection successfully!!
2024-03-18 20:14:14 info: =================================
