2024-03-20 16:21:11 info: =================================
2024-03-20 16:21:11 info: ======= ENV: development =======
2024-03-20 16:21:11 info: 🚀 App listening on port 3000
2024-03-20 16:21:11 info: =================================
2024-03-20 16:21:12 info: =================================
2024-03-20 16:21:12 info: 🚀 DB Connection successfully!!
2024-03-20 16:21:12 info: =================================
2024-03-20 16:22:04 info: === Searching for user by email and password ===
2024-03-20 16:22:04 info: User : $2b$10$nsLlxE4LocTUB0KM.MFf.ekCrZ5reloAOgbr0c4Dx/p/0MbyftIli
2024-03-20 16:22:04 info: Password hash : $2b$10$nsLlxE4LocTUB0KM.MFf.ekCrZ5reloAOgbr0c4Dx/p/0MbyftIli
2024-03-20 16:22:33 info: =================================
2024-03-20 16:22:33 info: ======= ENV: development =======
2024-03-20 16:22:33 info: 🚀 App listening on port 3000
2024-03-20 16:22:33 info: =================================
2024-03-20 16:22:34 info: =================================
2024-03-20 16:22:34 info: 🚀 DB Connection successfully!!
2024-03-20 16:22:34 info: =================================
2024-03-20 16:22:38 info: =================================
2024-03-20 16:22:38 info: ======= ENV: development =======
2024-03-20 16:22:38 info: 🚀 App listening on port 3000
2024-03-20 16:22:38 info: =================================
2024-03-20 16:22:38 info: =================================
2024-03-20 16:22:38 info: 🚀 DB Connection successfully!!
2024-03-20 16:22:38 info: =================================
2024-03-20 16:22:39 info: === Searching for user by email and password ===
2024-03-20 16:22:39 info: User : $2b$10$nsLlxE4LocTUB0KM.MFf.ekCrZ5reloAOgbr0c4Dx/p/0MbyftIli
2024-03-20 16:22:39 info: Password hash : $2b$10$nsLlxE4LocTUB0KM.MFf.ekCrZ5reloAOgbr0c4Dx/p/0MbyftIli
2024-03-20 16:22:42 info: === Searching for user by email and password ===
2024-03-20 16:22:42 info: User : $2b$10$nsLlxE4LocTUB0KM.MFf.ekCrZ5reloAOgbr0c4Dx/p/0MbyftIli
2024-03-20 16:22:42 info: Password hash : $2b$10$nsLlxE4LocTUB0KM.MFf.ekCrZ5reloAOgbr0c4Dx/p/0MbyftIli
2024-03-20 16:22:54 info: =================================
2024-03-20 16:22:54 info: ======= ENV: development =======
2024-03-20 16:22:54 info: 🚀 App listening on port 3000
2024-03-20 16:22:54 info: =================================
2024-03-20 16:22:54 info: =================================
2024-03-20 16:22:54 info: 🚀 DB Connection successfully!!
2024-03-20 16:22:54 info: =================================
2024-03-20 16:23:25 info: === Searching for user by email and password ===
2024-03-20 16:23:25 info: User : $2b$10$nsLlxE4LocTUB0KM.MFf.ekCrZ5reloAOgbr0c4Dx/p/0MbyftIli
2024-03-20 16:23:25 info: Password hash : $2b$10$nsLlxE4LocTUB0KM.MFf.ekCrZ5reloAOgbr0c4Dx/p/0MbyftIli
2024-03-20 16:23:40 info: =================================
2024-03-20 16:23:40 info: ======= ENV: development =======
2024-03-20 16:23:40 info: 🚀 App listening on port 3000
2024-03-20 16:23:40 info: =================================
2024-03-20 16:23:40 info: =================================
2024-03-20 16:23:40 info: 🚀 DB Connection successfully!!
2024-03-20 16:23:40 info: =================================
2024-03-20 16:23:40 info: === Searching for user by email and password ===
2024-03-20 16:23:40 info: User : $2b$10$nsLlxE4LocTUB0KM.MFf.ekCrZ5reloAOgbr0c4Dx/p/0MbyftIli
2024-03-20 16:23:40 info: Password hash : $2b$10$nsLlxE4LocTUB0KM.MFf.ekCrZ5reloAOgbr0c4Dx/p/0MbyftIli
2024-03-20 16:23:58 info: =================================
2024-03-20 16:23:58 info: ======= ENV: development =======
2024-03-20 16:23:58 info: 🚀 App listening on port 3000
2024-03-20 16:23:58 info: =================================
2024-03-20 16:23:58 info: =================================
2024-03-20 16:23:58 info: 🚀 DB Connection successfully!!
2024-03-20 16:23:58 info: =================================
2024-03-20 16:24:47 info: =================================
2024-03-20 16:24:47 info: ======= ENV: development =======
2024-03-20 16:24:47 info: 🚀 App listening on port 3000
2024-03-20 16:24:47 info: =================================
2024-03-20 16:24:47 info: =================================
2024-03-20 16:24:47 info: 🚀 DB Connection successfully!!
2024-03-20 16:24:47 info: =================================
2024-03-20 16:24:51 info: === Searching for user by email and password ===
2024-03-20 16:24:51 info: User : $2b$10$nsLlxE4LocTUB0KM.MFf.ekCrZ5reloAOgbr0c4Dx/p/0MbyftIli
2024-03-20 16:24:51 info: Password hash : $2b$10$nsLlxE4LocTUB0KM.MFf.ekCrZ5reloAOgbr0c4Dx/p/0MbyftIli
2024-03-20 16:26:11 info: =================================
2024-03-20 16:26:11 info: ======= ENV: development =======
2024-03-20 16:26:11 info: 🚀 App listening on port 3000
2024-03-20 16:26:11 info: =================================
2024-03-20 16:26:12 info: =================================
2024-03-20 16:26:12 info: 🚀 DB Connection successfully!!
2024-03-20 16:26:12 info: =================================
2024-03-20 16:26:15 info: =================================
2024-03-20 16:26:15 info: ======= ENV: development =======
2024-03-20 16:26:15 info: 🚀 App listening on port 3000
2024-03-20 16:26:15 info: =================================
2024-03-20 16:26:15 info: =================================
2024-03-20 16:26:15 info: 🚀 DB Connection successfully!!
2024-03-20 16:26:15 info: =================================
2024-03-20 16:26:18 info: =================================
2024-03-20 16:26:18 info: ======= ENV: development =======
2024-03-20 16:26:18 info: 🚀 App listening on port 3000
2024-03-20 16:26:18 info: =================================
2024-03-20 16:26:18 info: =================================
2024-03-20 16:26:18 info: 🚀 DB Connection successfully!!
2024-03-20 16:26:18 info: =================================
2024-03-20 16:26:28 info: =================================
2024-03-20 16:26:28 info: ======= ENV: development =======
2024-03-20 16:26:28 info: 🚀 App listening on port 3000
2024-03-20 16:26:28 info: =================================
2024-03-20 16:26:28 info: =================================
2024-03-20 16:26:28 info: 🚀 DB Connection successfully!!
2024-03-20 16:26:28 info: =================================
2024-03-20 16:26:32 info: =================================
2024-03-20 16:26:32 info: ======= ENV: development =======
2024-03-20 16:26:32 info: 🚀 App listening on port 3000
2024-03-20 16:26:33 info: =================================
2024-03-20 16:26:33 info: =================================
2024-03-20 16:26:33 info: 🚀 DB Connection successfully!!
2024-03-20 16:26:33 info: =================================
2024-03-20 16:26:35 info: === Searching for user by email and password ===
2024-03-20 16:26:35 info: User : $2b$10$nsLlxE4LocTUB0KM.MFf.ekCrZ5reloAOgbr0c4Dx/p/0MbyftIli
2024-03-20 16:26:35 info: Password hash : $2b$10$nsLlxE4LocTUB0KM.MFf.ekCrZ5reloAOgbr0c4Dx/p/0MbyftIli
2024-03-20 16:26:44 info: =================================
2024-03-20 16:26:44 info: ======= ENV: development =======
2024-03-20 16:26:44 info: 🚀 App listening on port 3000
2024-03-20 16:26:44 info: =================================
2024-03-20 16:26:44 info: =================================
2024-03-20 16:26:44 info: 🚀 DB Connection successfully!!
2024-03-20 16:26:44 info: =================================
2024-03-20 16:26:46 info: === Searching for user by email and password ===
2024-03-20 16:26:46 info: User : $2b$10$nsLlxE4LocTUB0KM.MFf.ekCrZ5reloAOgbr0c4Dx/p/0MbyftIli
2024-03-20 16:26:46 info: Password hash : $2b$10$nsLlxE4LocTUB0KM.MFf.ekCrZ5reloAOgbr0c4Dx/p/0MbyftIli
2024-03-20 16:27:10 info: =================================
2024-03-20 16:27:10 info: ======= ENV: development =======
2024-03-20 16:27:10 info: 🚀 App listening on port 3000
2024-03-20 16:27:10 info: =================================
2024-03-20 16:27:10 info: =================================
2024-03-20 16:27:10 info: 🚀 DB Connection successfully!!
2024-03-20 16:27:10 info: =================================
2024-03-20 16:27:26 info: =================================
2024-03-20 16:27:26 info: ======= ENV: development =======
2024-03-20 16:27:26 info: 🚀 App listening on port 3000
2024-03-20 16:27:26 info: =================================
2024-03-20 16:27:26 info: =================================
2024-03-20 16:27:26 info: 🚀 DB Connection successfully!!
2024-03-20 16:27:26 info: =================================
2024-03-20 16:27:47 info: =================================
2024-03-20 16:27:47 info: ======= ENV: development =======
2024-03-20 16:27:47 info: 🚀 App listening on port 3000
2024-03-20 16:27:47 info: =================================
2024-03-20 16:27:47 info: =================================
2024-03-20 16:27:47 info: 🚀 DB Connection successfully!!
2024-03-20 16:27:47 info: =================================
2024-03-20 16:27:51 info: === Searching for user by email and password ===
2024-03-20 16:27:51 info: User : $2b$10$nsLlxE4LocTUB0KM.MFf.ekCrZ5reloAOgbr0c4Dx/p/0MbyftIli
2024-03-20 16:27:51 info: Password hash : $2b$10$nsLlxE4LocTUB0KM.MFf.ekCrZ5reloAOgbr0c4Dx/p/0MbyftIli
2024-03-20 16:28:01 info: =================================
2024-03-20 16:28:01 info: ======= ENV: development =======
2024-03-20 16:28:01 info: 🚀 App listening on port 3000
2024-03-20 16:28:01 info: =================================
2024-03-20 16:28:02 info: =================================
2024-03-20 16:28:02 info: 🚀 DB Connection successfully!!
2024-03-20 16:28:02 info: =================================
2024-03-20 16:28:06 info: =================================
2024-03-20 16:28:06 info: ======= ENV: development =======
2024-03-20 16:28:06 info: 🚀 App listening on port 3000
2024-03-20 16:28:06 info: =================================
2024-03-20 16:28:06 info: =================================
2024-03-20 16:28:06 info: 🚀 DB Connection successfully!!
2024-03-20 16:28:06 info: =================================
2024-03-20 16:28:12 info: =================================
2024-03-20 16:28:12 info: ======= ENV: development =======
2024-03-20 16:28:12 info: 🚀 App listening on port 3000
2024-03-20 16:28:12 info: =================================
2024-03-20 16:28:12 info: =================================
2024-03-20 16:28:12 info: 🚀 DB Connection successfully!!
2024-03-20 16:28:12 info: =================================
2024-03-20 16:28:12 info: === Searching for user by email and password ===
2024-03-20 16:28:12 info: User : $2b$10$nsLlxE4LocTUB0KM.MFf.ekCrZ5reloAOgbr0c4Dx/p/0MbyftIli
2024-03-20 16:28:12 info: Password hash : $2b$10$nsLlxE4LocTUB0KM.MFf.ekCrZ5reloAOgbr0c4Dx/p/0MbyftIli
2024-03-20 16:28:59 info: =================================
2024-03-20 16:28:59 info: ======= ENV: development =======
2024-03-20 16:28:59 info: 🚀 App listening on port 3000
2024-03-20 16:28:59 info: =================================
2024-03-20 16:29:00 info: =================================
2024-03-20 16:29:00 info: 🚀 DB Connection successfully!!
2024-03-20 16:29:00 info: =================================
2024-03-20 16:29:02 info: =================================
2024-03-20 16:29:02 info: ======= ENV: development =======
2024-03-20 16:29:02 info: 🚀 App listening on port 3000
2024-03-20 16:29:02 info: =================================
2024-03-20 16:29:02 info: =================================
2024-03-20 16:29:02 info: 🚀 DB Connection successfully!!
2024-03-20 16:29:02 info: =================================
2024-03-20 16:29:17 info: =================================
2024-03-20 16:29:17 info: ======= ENV: development =======
2024-03-20 16:29:17 info: 🚀 App listening on port 3000
2024-03-20 16:29:17 info: =================================
2024-03-20 16:29:18 info: =================================
2024-03-20 16:29:18 info: 🚀 DB Connection successfully!!
2024-03-20 16:29:18 info: =================================
2024-03-20 16:29:20 info: === Searching for user by email and password ===
2024-03-20 16:29:20 info: User : $2b$10$nsLlxE4LocTUB0KM.MFf.ekCrZ5reloAOgbr0c4Dx/p/0MbyftIli
2024-03-20 16:29:20 info: Password hash : $2b$10$nsLlxE4LocTUB0KM.MFf.ekCrZ5reloAOgbr0c4Dx/p/0MbyftIli
2024-03-20 16:29:38 info: =================================
2024-03-20 16:29:38 info: ======= ENV: development =======
2024-03-20 16:29:38 info: 🚀 App listening on port 3000
2024-03-20 16:29:38 info: =================================
2024-03-20 16:29:38 info: =================================
2024-03-20 16:29:38 info: 🚀 DB Connection successfully!!
2024-03-20 16:29:38 info: =================================
2024-03-20 16:29:39 info: === Searching for user by email and password ===
2024-03-20 16:29:39 info: User : $2b$10$nsLlxE4LocTUB0KM.MFf.ekCrZ5reloAOgbr0c4Dx/p/0MbyftIli
2024-03-20 16:29:39 info: Password hash : $2b$10$nsLlxE4LocTUB0KM.MFf.ekCrZ5reloAOgbr0c4Dx/p/0MbyftIli
2024-03-20 16:30:14 info: =================================
2024-03-20 16:30:14 info: ======= ENV: development =======
2024-03-20 16:30:14 info: 🚀 App listening on port 3000
2024-03-20 16:30:14 info: =================================
2024-03-20 16:30:14 info: =================================
2024-03-20 16:30:14 info: 🚀 DB Connection successfully!!
2024-03-20 16:30:14 info: =================================
2024-03-20 16:31:32 info: === Searching for user by email and password ===
2024-03-20 16:31:32 info: User : $2b$10$nsLlxE4LocTUB0KM.MFf.ekCrZ5reloAOgbr0c4Dx/p/0MbyftIli
2024-03-20 16:31:32 info: Password hash : $2b$10$nsLlxE4LocTUB0KM.MFf.ekCrZ5reloAOgbr0c4Dx/p/0MbyftIli
2024-03-20 16:31:48 info: =================================
2024-03-20 16:31:48 info: ======= ENV: development =======
2024-03-20 16:31:48 info: 🚀 App listening on port 3000
2024-03-20 16:31:48 info: =================================
2024-03-20 16:31:48 info: =================================
2024-03-20 16:31:48 info: 🚀 DB Connection successfully!!
2024-03-20 16:31:48 info: =================================
2024-03-20 16:32:14 info: =================================
2024-03-20 16:32:14 info: ======= ENV: development =======
2024-03-20 16:32:14 info: 🚀 App listening on port 3000
2024-03-20 16:32:14 info: =================================
2024-03-20 16:32:15 info: =================================
2024-03-20 16:32:15 info: 🚀 DB Connection successfully!!
2024-03-20 16:32:15 info: =================================
2024-03-20 16:32:17 info: =================================
2024-03-20 16:32:17 info: ======= ENV: development =======
2024-03-20 16:32:17 info: 🚀 App listening on port 3000
2024-03-20 16:32:17 info: =================================
2024-03-20 16:32:17 info: =================================
2024-03-20 16:32:17 info: 🚀 DB Connection successfully!!
2024-03-20 16:32:17 info: =================================
2024-03-20 16:32:21 info: =================================
2024-03-20 16:32:21 info: ======= ENV: development =======
2024-03-20 16:32:21 info: 🚀 App listening on port 3000
2024-03-20 16:32:21 info: =================================
2024-03-20 16:32:21 info: =================================
2024-03-20 16:32:21 info: 🚀 DB Connection successfully!!
2024-03-20 16:32:21 info: =================================
2024-03-20 16:32:25 info: === Searching for user by email and password ===
2024-03-20 16:32:25 info: User : $2b$10$nsLlxE4LocTUB0KM.MFf.ekCrZ5reloAOgbr0c4Dx/p/0MbyftIli
2024-03-20 16:32:25 info: Password hash : $2b$10$nsLlxE4LocTUB0KM.MFf.ekCrZ5reloAOgbr0c4Dx/p/0MbyftIli
2024-03-20 16:32:35 info: =================================
2024-03-20 16:32:35 info: ======= ENV: development =======
2024-03-20 16:32:35 info: 🚀 App listening on port 3000
2024-03-20 16:32:35 info: =================================
2024-03-20 16:32:35 info: =================================
2024-03-20 16:32:35 info: 🚀 DB Connection successfully!!
2024-03-20 16:32:35 info: =================================
2024-03-20 16:32:52 info: =================================
2024-03-20 16:32:52 info: ======= ENV: development =======
2024-03-20 16:32:52 info: 🚀 App listening on port 3000
2024-03-20 16:32:52 info: =================================
2024-03-20 16:32:52 info: =================================
2024-03-20 16:32:52 info: 🚀 DB Connection successfully!!
2024-03-20 16:32:52 info: =================================
2024-03-20 16:32:55 info: =================================
2024-03-20 16:32:55 info: ======= ENV: development =======
2024-03-20 16:32:55 info: 🚀 App listening on port 3000
2024-03-20 16:32:55 info: =================================
2024-03-20 16:32:55 info: =================================
2024-03-20 16:32:55 info: 🚀 DB Connection successfully!!
2024-03-20 16:32:55 info: =================================
2024-03-20 16:33:33 info: =================================
2024-03-20 16:33:33 info: ======= ENV: development =======
2024-03-20 16:33:33 info: 🚀 App listening on port 3000
2024-03-20 16:33:33 info: =================================
2024-03-20 16:33:33 info: =================================
2024-03-20 16:33:33 info: 🚀 DB Connection successfully!!
2024-03-20 16:33:33 info: =================================
2024-03-20 16:33:38 info: =================================
2024-03-20 16:33:38 info: ======= ENV: development =======
2024-03-20 16:33:38 info: 🚀 App listening on port 3000
2024-03-20 16:33:38 info: =================================
2024-03-20 16:33:38 info: =================================
2024-03-20 16:33:38 info: 🚀 DB Connection successfully!!
2024-03-20 16:33:38 info: =================================
2024-03-20 16:34:06 info: =================================
2024-03-20 16:34:06 info: ======= ENV: development =======
2024-03-20 16:34:06 info: 🚀 App listening on port 3000
2024-03-20 16:34:06 info: =================================
2024-03-20 16:34:07 info: =================================
2024-03-20 16:34:07 info: 🚀 DB Connection successfully!!
2024-03-20 16:34:07 info: =================================
2024-03-20 16:34:47 info: === Searching for user by email and password ===
2024-03-20 16:34:47 info: User : $2b$10$nsLlxE4LocTUB0KM.MFf.ekCrZ5reloAOgbr0c4Dx/p/0MbyftIli
2024-03-20 16:34:47 info: Password hash : $2b$10$nsLlxE4LocTUB0KM.MFf.ekCrZ5reloAOgbr0c4Dx/p/0MbyftIli
2024-03-20 16:37:05 info: =================================
2024-03-20 16:37:05 info: ======= ENV: development =======
2024-03-20 16:37:05 info: 🚀 App listening on port 3000
2024-03-20 16:37:05 info: =================================
2024-03-20 16:37:06 info: =================================
2024-03-20 16:37:06 info: 🚀 DB Connection successfully!!
2024-03-20 16:37:06 info: =================================
2024-03-20 16:37:48 info: === Searching for user by email and password ===
2024-03-20 16:37:48 info: User : $2b$10$nsLlxE4LocTUB0KM.MFf.ekCrZ5reloAOgbr0c4Dx/p/0MbyftIli
2024-03-20 16:37:48 info: Password hash : $2b$10$nsLlxE4LocTUB0KM.MFf.ekCrZ5reloAOgbr0c4Dx/p/0MbyftIli
2024-03-20 16:38:33 info: === Searching for user by email and password ===
2024-03-20 16:38:33 info: User : $2b$10$nsLlxE4LocTUB0KM.MFf.ekCrZ5reloAOgbr0c4Dx/p/0MbyftIli
2024-03-20 16:38:33 info: Password hash : $2b$10$nsLlxE4LocTUB0KM.MFf.ekCrZ5reloAOgbr0c4Dx/p/0MbyftIli
2024-03-20 16:38:49 info: === Searching for user by email and password ===
2024-03-20 16:38:49 info: User : $2b$10$nsLlxE4LocTUB0KM.MFf.ekCrZ5reloAOgbr0c4Dx/p/0MbyftIli
2024-03-20 16:38:49 info: Password hash : $2b$10$nsLlxE4LocTUB0KM.MFf.ekCrZ5reloAOgbr0c4Dx/p/0MbyftIli
2024-03-20 16:39:18 info: =================================
2024-03-20 16:39:18 info: ======= ENV: development =======
2024-03-20 16:39:18 info: 🚀 App listening on port 3000
2024-03-20 16:39:18 info: =================================
2024-03-20 16:39:18 info: =================================
2024-03-20 16:39:18 info: 🚀 DB Connection successfully!!
2024-03-20 16:39:18 info: =================================
2024-03-20 16:44:22 info: === Searching for user by email and password ===
2024-03-20 16:44:23 info: User : $2b$10$nsLlxE4LocTUB0KM.MFf.ekCrZ5reloAOgbr0c4Dx/p/0MbyftIli
2024-03-20 16:44:23 info: Password hash : $2b$10$nsLlxE4LocTUB0KM.MFf.ekCrZ5reloAOgbr0c4Dx/p/0MbyftIli
2024-03-20 17:54:15 info: =================================
2024-03-20 17:54:15 info: ======= ENV: development =======
2024-03-20 17:54:15 info: 🚀 App listening on port 3000
2024-03-20 17:54:15 info: =================================
2024-03-20 17:54:15 info: =================================
2024-03-20 17:54:15 info: 🚀 DB Connection successfully!!
2024-03-20 17:54:15 info: =================================
2024-03-20 17:55:24 info: === Searching for user by email and password ===
2024-03-20 17:55:24 info: User : $2b$10$nsLlxE4LocTUB0KM.MFf.ekCrZ5reloAOgbr0c4Dx/p/0MbyftIli
2024-03-20 17:55:24 info: Password hash : $2b$10$nsLlxE4LocTUB0KM.MFf.ekCrZ5reloAOgbr0c4Dx/p/0MbyftIli
2024-03-20 18:01:12 info: =================================
2024-03-20 18:01:12 info: ======= ENV: development =======
2024-03-20 18:01:12 info: 🚀 App listening on port 3000
2024-03-20 18:01:12 info: =================================
2024-03-20 18:01:12 info: =================================
2024-03-20 18:01:12 info: 🚀 DB Connection successfully!!
2024-03-20 18:01:12 info: =================================
2024-03-20 18:02:40 info: =================================
2024-03-20 18:02:40 info: ======= ENV: development =======
2024-03-20 18:02:40 info: 🚀 App listening on port 3000
2024-03-20 18:02:40 info: =================================
2024-03-20 18:02:40 info: =================================
2024-03-20 18:02:40 info: 🚀 DB Connection successfully!!
2024-03-20 18:02:40 info: =================================
2024-03-20 18:03:01 info: =================================
2024-03-20 18:03:01 info: ======= ENV: development =======
2024-03-20 18:03:01 info: 🚀 App listening on port 3000
2024-03-20 18:03:01 info: =================================
2024-03-20 18:03:01 info: =================================
2024-03-20 18:03:01 info: 🚀 DB Connection successfully!!
2024-03-20 18:03:01 info: =================================
2024-03-20 18:04:40 info: =================================
2024-03-20 18:04:40 info: ======= ENV: development =======
2024-03-20 18:04:40 info: 🚀 App listening on port 3000
2024-03-20 18:04:40 info: =================================
2024-03-20 18:04:40 info: =================================
2024-03-20 18:04:40 info: 🚀 DB Connection successfully!!
2024-03-20 18:04:40 info: =================================
2024-03-20 18:05:19 info: =================================
2024-03-20 18:05:19 info: ======= ENV: development =======
2024-03-20 18:05:19 info: 🚀 App listening on port 3000
2024-03-20 18:05:19 info: =================================
2024-03-20 18:05:19 info: =================================
2024-03-20 18:05:19 info: 🚀 DB Connection successfully!!
2024-03-20 18:05:19 info: =================================
2024-03-20 18:07:02 info: =================================
2024-03-20 18:07:02 info: ======= ENV: development =======
2024-03-20 18:07:02 info: 🚀 App listening on port 3000
2024-03-20 18:07:02 info: =================================
2024-03-20 18:07:03 info: =================================
2024-03-20 18:07:03 info: 🚀 DB Connection successfully!!
2024-03-20 18:07:03 info: =================================
