2024-03-25 19:27:41 info: =================================
2024-03-25 19:27:41 info: ======= ENV: development =======
2024-03-25 19:27:41 info: 🚀 App listening on port 3000
2024-03-25 19:27:41 info: =================================
2024-03-25 19:27:41 info: =================================
2024-03-25 19:27:41 info: 🚀 DB Connection successfully!!
2024-03-25 19:27:41 info: =================================
2024-03-25 19:31:39 info: === Searching for user by email and password ===
2024-03-25 19:32:16 info: === Searching for user by email and password ===
2024-03-25 20:50:58 info: =================================
2024-03-25 20:50:58 info: ======= ENV: development =======
2024-03-25 20:50:58 info: 🚀 App listening on port 3000
2024-03-25 20:50:58 info: =================================
2024-03-25 20:50:58 info: =================================
2024-03-25 20:50:58 info: 🚀 DB Connection successfully!!
2024-03-25 20:50:58 info: =================================
2024-03-25 20:52:24 info: =================================
2024-03-25 20:52:24 info: ======= ENV: development =======
2024-03-25 20:52:24 info: 🚀 App listening on port 3000
2024-03-25 20:52:24 info: =================================
2024-03-25 20:52:24 info: =================================
2024-03-25 20:52:24 info: 🚀 DB Connection successfully!!
2024-03-25 20:52:24 info: =================================
2024-03-25 20:56:03 info: =================================
2024-03-25 20:56:03 info: ======= ENV: development =======
2024-03-25 20:56:03 info: 🚀 App listening on port 3000
2024-03-25 20:56:03 info: =================================
2024-03-25 20:56:04 info: =================================
2024-03-25 20:56:04 info: 🚀 DB Connection successfully!!
2024-03-25 20:56:04 info: =================================
2024-03-25 21:12:22 info: =================================
2024-03-25 21:12:22 info: ======= ENV: development =======
2024-03-25 21:12:22 info: 🚀 App listening on port 3000
2024-03-25 21:12:22 info: =================================
2024-03-25 21:12:22 info: =================================
2024-03-25 21:12:22 info: 🚀 DB Connection successfully!!
2024-03-25 21:12:22 info: =================================
2024-03-25 21:15:00 info: =================================
2024-03-25 21:15:00 info: ======= ENV: development =======
2024-03-25 21:15:00 info: 🚀 App listening on port 3000
2024-03-25 21:15:00 info: =================================
2024-03-25 21:15:00 info: =================================
2024-03-25 21:15:00 info: 🚀 DB Connection successfully!!
2024-03-25 21:15:00 info: =================================
2024-03-25 21:15:27 info: =================================
2024-03-25 21:15:27 info: ======= ENV: development =======
2024-03-25 21:15:27 info: 🚀 App listening on port 3000
2024-03-25 21:15:27 info: =================================
2024-03-25 21:15:28 info: =================================
2024-03-25 21:15:28 info: 🚀 DB Connection successfully!!
2024-03-25 21:15:28 info: =================================
2024-03-25 21:16:03 info: =================================
2024-03-25 21:16:03 info: ======= ENV: development =======
2024-03-25 21:16:03 info: 🚀 App listening on port 3000
2024-03-25 21:16:03 info: =================================
2024-03-25 21:16:03 info: =================================
2024-03-25 21:16:03 info: 🚀 DB Connection successfully!!
2024-03-25 21:16:03 info: =================================
2024-03-25 21:43:29 info: =================================
2024-03-25 21:43:29 info: ======= ENV: development =======
2024-03-25 21:43:29 info: 🚀 App listening on port 3000
2024-03-25 21:43:29 info: =================================
2024-03-25 21:43:29 info: =================================
2024-03-25 21:43:29 info: 🚀 DB Connection successfully!!
2024-03-25 21:43:29 info: =================================
2024-03-25 21:48:08 info: =================================
2024-03-25 21:48:08 info: ======= ENV: development =======
2024-03-25 21:48:08 info: 🚀 App listening on port 3000
2024-03-25 21:48:08 info: =================================
2024-03-25 21:48:08 info: =================================
2024-03-25 21:48:08 info: 🚀 DB Connection successfully!!
2024-03-25 21:48:08 info: =================================
2024-03-25 21:52:59 info: =================================
2024-03-25 21:52:59 info: ======= ENV: development =======
2024-03-25 21:52:59 info: 🚀 App listening on port 3000
2024-03-25 21:52:59 info: =================================
2024-03-25 21:52:59 info: =================================
2024-03-25 21:52:59 info: 🚀 DB Connection successfully!!
2024-03-25 21:52:59 info: =================================
