2024-03-11 11:58:49 info: =================================
2024-03-11 11:58:49 info: ======= ENV: development =======
2024-03-11 11:58:49 info: 🚀 App listening on port 3000
2024-03-11 11:58:49 info: =================================
2024-03-11 12:02:53 info: =================================
2024-03-11 12:02:53 info: ======= ENV: development =======
2024-03-11 12:02:53 info: 🚀 App listening on port 3000
2024-03-11 12:02:53 info: =================================
2024-03-11 12:07:51 info: =================================
2024-03-11 12:07:51 info: ======= ENV: development =======
2024-03-11 12:07:51 info: 🚀 App listening on port 3000
2024-03-11 12:07:51 info: =================================
2024-03-11 12:07:52 info: =================================
2024-03-11 12:07:52 info: ==== DB Connection successfully!! ====
2024-03-11 12:07:52 info: =================================
2024-03-11 12:32:32 info: =================================
2024-03-11 12:32:32 info: ======= ENV: development =======
2024-03-11 12:32:32 info: 🚀 App listening on port 3000
2024-03-11 12:32:32 info: =================================
2024-03-11 12:32:33 info: =================================
2024-03-11 12:32:33 info: ==== DB Connection successfully!! ====
2024-03-11 12:32:33 info: =================================
2024-03-11 12:32:54 info: =================================
2024-03-11 12:32:54 info: ======= ENV: development =======
2024-03-11 12:32:54 info: 🚀 App listening on port 3000
2024-03-11 12:32:54 info: =================================
2024-03-11 12:32:55 info: =================================
2024-03-11 12:32:55 info: ==== DB Connection successfully!! ====
2024-03-11 12:32:55 info: =================================
2024-03-11 12:33:10 info: =================================
2024-03-11 12:33:10 info: ======= ENV: development =======
2024-03-11 12:33:10 info: 🚀 App listening on port 3000
2024-03-11 12:33:10 info: =================================
2024-03-11 12:33:10 info: =================================
2024-03-11 12:33:10 info: ==== DB Connection successfully!! ====
2024-03-11 12:33:10 info: =================================
2024-03-11 12:34:40 info: =================================
2024-03-11 12:34:40 info: ======= ENV: development =======
2024-03-11 12:34:40 info: 🚀 App listening on port 3000
2024-03-11 12:34:40 info: =================================
2024-03-11 12:34:40 info: =================================
2024-03-11 12:34:40 info: ==== DB Connection successfully!! ====
2024-03-11 12:34:40 info: =================================
2024-03-11 12:35:24 info: =================================
2024-03-11 12:35:24 info: ======= ENV: development =======
2024-03-11 12:35:24 info: 🚀 App listening on port 3000
2024-03-11 12:35:24 info: =================================
2024-03-11 12:35:24 info: =================================
2024-03-11 12:35:24 info: ==== DB Connection successfully!! ====
2024-03-11 12:35:24 info: =================================
2024-03-11 12:36:02 info: =================================
2024-03-11 12:36:02 info: ======= ENV: development =======
2024-03-11 12:36:02 info: 🚀 App listening on port 3000
2024-03-11 12:36:02 info: =================================
2024-03-11 12:36:03 info: =================================
2024-03-11 12:36:03 info: ==== DB Connection successfully!! ====
2024-03-11 12:36:03 info: =================================
2024-03-11 12:47:03 info: =================================
2024-03-11 12:47:03 info: ======= ENV: development =======
2024-03-11 12:47:03 info: 🚀 App listening on port 3000
2024-03-11 12:47:03 info: =================================
2024-03-11 12:47:04 info: =================================
2024-03-11 12:47:04 info: ==== DB Connection successfully!! ====
2024-03-11 12:47:04 info: =================================
2024-03-11 12:47:06 info: =================================
2024-03-11 12:47:06 info: ======= ENV: development =======
2024-03-11 12:47:06 info: 🚀 App listening on port 3000
2024-03-11 12:47:06 info: =================================
2024-03-11 12:47:07 info: =================================
2024-03-11 12:47:07 info: ==== DB Connection successfully!! ====
2024-03-11 12:47:07 info: =================================
2024-03-11 12:47:38 info: =================================
2024-03-11 12:47:38 info: ======= ENV: development =======
2024-03-11 12:47:38 info: 🚀 App listening on port 3000
2024-03-11 12:47:38 info: =================================
2024-03-11 12:47:39 info: =================================
2024-03-11 12:47:39 info: ==== DB Connection successfully!! ====
2024-03-11 12:47:39 info: =================================
2024-03-11 12:50:42 info: =================================
2024-03-11 12:50:42 info: ======= ENV: development =======
2024-03-11 12:50:42 info: 🚀 App listening on port 3000
2024-03-11 12:50:42 info: =================================
2024-03-11 12:50:43 info: =================================
2024-03-11 12:50:43 info: ==== DB Connection successfully!! ====
2024-03-11 12:50:43 info: =================================
2024-03-11 12:53:27 info: =================================
2024-03-11 12:53:27 info: ======= ENV: development =======
2024-03-11 12:53:27 info: 🚀 App listening on port 3000
2024-03-11 12:53:27 info: =================================
2024-03-11 12:53:27 info: =================================
2024-03-11 12:53:27 info: ==== DB Connection successfully!! ====
2024-03-11 12:53:27 info: =================================
2024-03-11 12:53:34 info: =================================
2024-03-11 12:53:34 info: ======= ENV: development =======
2024-03-11 12:53:34 info: 🚀 App listening on port 3000
2024-03-11 12:53:34 info: =================================
2024-03-11 12:53:34 info: =================================
2024-03-11 12:53:34 info: ==== DB Connection successfully!! ====
2024-03-11 12:53:34 info: =================================
2024-03-11 12:53:38 info: =================================
2024-03-11 12:53:38 info: ======= ENV: development =======
2024-03-11 12:53:38 info: 🚀 App listening on port 3000
2024-03-11 12:53:38 info: =================================
2024-03-11 12:53:38 info: =================================
2024-03-11 12:53:38 info: ==== DB Connection successfully!! ====
2024-03-11 12:53:38 info: =================================
2024-03-11 12:53:41 info: =================================
2024-03-11 12:53:41 info: ======= ENV: development =======
2024-03-11 12:53:41 info: 🚀 App listening on port 3000
2024-03-11 12:53:41 info: =================================
2024-03-11 12:53:42 info: =================================
2024-03-11 12:53:42 info: ==== DB Connection successfully!! ====
2024-03-11 12:53:42 info: =================================
2024-03-11 12:53:50 info: =================================
2024-03-11 12:53:50 info: ======= ENV: development =======
2024-03-11 12:53:50 info: 🚀 App listening on port 3000
2024-03-11 12:53:50 info: =================================
2024-03-11 12:53:50 info: =================================
2024-03-11 12:53:50 info: ==== DB Connection successfully!! ====
2024-03-11 12:53:50 info: =================================
2024-03-11 12:53:52 info: =================================
2024-03-11 12:53:52 info: ======= ENV: development =======
2024-03-11 12:53:52 info: 🚀 App listening on port 3000
2024-03-11 12:53:52 info: =================================
2024-03-11 12:53:52 info: =================================
2024-03-11 12:53:52 info: ==== DB Connection successfully!! ====
2024-03-11 12:53:52 info: =================================
2024-03-11 12:54:27 info: =================================
2024-03-11 12:54:27 info: ======= ENV: development =======
2024-03-11 12:54:27 info: 🚀 App listening on port 3000
2024-03-11 12:54:27 info: =================================
2024-03-11 12:54:27 info: =================================
2024-03-11 12:54:27 info: ==== DB Connection successfully!! ====
2024-03-11 12:54:27 info: =================================
2024-03-11 13:28:48 info: =================================
2024-03-11 13:28:48 info: ======= ENV: development =======
2024-03-11 13:28:48 info: 🚀 App listening on port 3000
2024-03-11 13:28:48 info: =================================
2024-03-11 13:28:49 info: =================================
2024-03-11 13:28:49 info: ==== DB Connection successfully!! ====
2024-03-11 13:28:49 info: =================================
2024-03-11 14:08:47 info: =================================
2024-03-11 14:08:47 info: ======= ENV: development =======
2024-03-11 14:08:47 info: 🚀 App listening on port 3000
2024-03-11 14:08:47 info: =================================
2024-03-11 14:08:47 info: =================================
2024-03-11 14:08:47 info: ==== DB Connection successfully!! ====
2024-03-11 14:08:47 info: =================================
2024-03-11 14:08:51 info: =================================
2024-03-11 14:08:51 info: ======= ENV: development =======
2024-03-11 14:08:51 info: 🚀 App listening on port 3000
2024-03-11 14:08:51 info: =================================
2024-03-11 14:08:51 info: =================================
2024-03-11 14:08:51 info: ==== DB Connection successfully!! ====
2024-03-11 14:08:51 info: =================================
2024-03-11 14:09:17 info: =================================
2024-03-11 14:09:17 info: ======= ENV: development =======
2024-03-11 14:09:17 info: 🚀 App listening on port 3000
2024-03-11 14:09:17 info: =================================
2024-03-11 14:09:17 info: =================================
2024-03-11 14:09:17 info: ==== DB Connection successfully!! ====
2024-03-11 14:09:17 info: =================================
2024-03-11 14:09:19 info: =================================
2024-03-11 14:09:19 info: ======= ENV: development =======
2024-03-11 14:09:19 info: 🚀 App listening on port 3000
2024-03-11 14:09:19 info: =================================
2024-03-11 14:09:19 info: =================================
2024-03-11 14:09:19 info: ==== DB Connection successfully!! ====
2024-03-11 14:09:19 info: =================================
2024-03-11 14:09:36 info: =================================
2024-03-11 14:09:36 info: ======= ENV: development =======
2024-03-11 14:09:36 info: 🚀 App listening on port 3000
2024-03-11 14:09:36 info: =================================
2024-03-11 14:09:36 info: =================================
2024-03-11 14:09:36 info: ==== DB Connection successfully!! ====
2024-03-11 14:09:36 info: =================================
2024-03-11 14:09:41 info: =================================
2024-03-11 14:09:41 info: ======= ENV: development =======
2024-03-11 14:09:41 info: 🚀 App listening on port 3000
2024-03-11 14:09:41 info: =================================
2024-03-11 14:09:41 info: =================================
2024-03-11 14:09:41 info: ==== DB Connection successfully!! ====
2024-03-11 14:09:41 info: =================================
2024-03-11 14:09:42 info: =================================
2024-03-11 14:09:42 info: ======= ENV: development =======
2024-03-11 14:09:42 info: 🚀 App listening on port 3000
2024-03-11 14:09:42 info: =================================
2024-03-11 14:09:43 info: =================================
2024-03-11 14:09:43 info: ==== DB Connection successfully!! ====
2024-03-11 14:09:43 info: =================================
2024-03-11 14:09:45 info: =================================
2024-03-11 14:09:45 info: ======= ENV: development =======
2024-03-11 14:09:45 info: 🚀 App listening on port 3000
2024-03-11 14:09:45 info: =================================
2024-03-11 14:09:45 info: =================================
2024-03-11 14:09:45 info: ==== DB Connection successfully!! ====
2024-03-11 14:09:45 info: =================================
2024-03-11 21:23:32 info: =================================
2024-03-11 21:23:32 info: ======= ENV: development =======
2024-03-11 21:23:32 info: 🚀 App listening on port 3000
2024-03-11 21:23:32 info: =================================
2024-03-11 21:23:32 info: =================================
2024-03-11 21:23:32 info: ==== DB Connection successfully!! ====
2024-03-11 21:23:32 info: =================================
2024-03-11 21:35:18 info: =================================
2024-03-11 21:35:18 info: ======= ENV: development =======
2024-03-11 21:35:18 info: 🚀 App listening on port 3000
2024-03-11 21:35:18 info: =================================
2024-03-11 21:35:19 info: =================================
2024-03-11 21:35:19 info: ==== DB Connection successfully!! ====
2024-03-11 21:35:19 info: =================================
2024-03-11 21:36:05 info: =================================
2024-03-11 21:36:05 info: ======= ENV: development =======
2024-03-11 21:36:05 info: 🚀 App listening on port 3000
2024-03-11 21:36:05 info: =================================
2024-03-11 21:36:06 info: =================================
2024-03-11 21:36:06 info: ==== DB Connection successfully!! ====
2024-03-11 21:36:06 info: =================================
2024-03-11 21:36:21 info: =================================
2024-03-11 21:36:21 info: ======= ENV: development =======
2024-03-11 21:36:21 info: 🚀 App listening on port 3000
2024-03-11 21:36:21 info: =================================
2024-03-11 21:36:22 info: =================================
2024-03-11 21:36:22 info: ==== DB Connection successfully!! ====
2024-03-11 21:36:22 info: =================================
2024-03-11 21:40:14 info: =================================
2024-03-11 21:40:14 info: ======= ENV: development =======
2024-03-11 21:40:14 info: 🚀 App listening on port 3000
2024-03-11 21:40:14 info: =================================
2024-03-11 21:40:16 info: =================================
2024-03-11 21:40:16 info: ======= ENV: development =======
2024-03-11 21:40:16 info: 🚀 App listening on port 3000
2024-03-11 21:40:16 info: =================================
2024-03-11 21:40:17 info: =================================
2024-03-11 21:40:17 info: ==== DB Connection successfully!! ====
2024-03-11 21:40:17 info: =================================
2024-03-11 21:47:04 info: =================================
2024-03-11 21:47:04 info: ======= ENV: development =======
2024-03-11 21:47:04 info: 🚀 App listening on port 3000
2024-03-11 21:47:04 info: =================================
2024-03-11 21:47:04 info: =================================
2024-03-11 21:47:04 info: ==== DB Connection successfully!! ====
2024-03-11 21:47:04 info: =================================
2024-03-11 21:47:15 info: =================================
2024-03-11 21:47:15 info: ======= ENV: development =======
2024-03-11 21:47:15 info: 🚀 App listening on port 3000
2024-03-11 21:47:15 info: =================================
2024-03-11 21:47:16 info: =================================
2024-03-11 21:47:16 info: ==== DB Connection successfully!! ====
2024-03-11 21:47:16 info: =================================
2024-03-11 21:53:06 info: =================================
2024-03-11 21:53:06 info: ======= ENV: development =======
2024-03-11 21:53:06 info: 🚀 App listening on port 3000
2024-03-11 21:53:06 info: =================================
2024-03-11 21:53:08 info: =================================
2024-03-11 21:53:08 info: ==== DB Connection successfully!! ====
2024-03-11 21:53:08 info: =================================
2024-03-11 21:54:04 info: =================================
2024-03-11 21:54:04 info: ======= ENV: development =======
2024-03-11 21:54:04 info: 🚀 App listening on port 3000
2024-03-11 21:54:04 info: =================================
2024-03-11 21:54:05 info: =================================
2024-03-11 21:54:05 info: ==== DB Connection successfully!! ====
2024-03-11 21:54:05 info: =================================
2024-03-11 21:55:13 info: =================================
2024-03-11 21:55:13 info: ======= ENV: development =======
2024-03-11 21:55:13 info:  App listening on port 3000
2024-03-11 21:55:13 info: =================================
2024-03-11 21:55:13 info: =================================
2024-03-11 21:55:13 info: ==== DB Connection successfully!! ====
2024-03-11 21:55:13 info: =================================
2024-03-11 21:55:21 info: =================================
2024-03-11 21:55:21 info: ======= ENV: development =======
2024-03-11 21:55:21 info: 🚀 App listening on port 3000
2024-03-11 21:55:21 info: =================================
2024-03-11 21:55:22 info: =================================
2024-03-11 21:55:22 info: ==== DB Connection successfully!! ====
2024-03-11 21:55:22 info: =================================
2024-03-11 21:55:31 info: =================================
2024-03-11 21:55:31 info: ======= ENV: development =======
2024-03-11 21:55:31 info: 🚀 App listening on port 3000
2024-03-11 21:55:31 info: =================================
2024-03-11 21:55:32 info: =================================
2024-03-11 21:55:32 info: ====  DB Connection successfully!! ====
2024-03-11 21:55:32 info: =================================
2024-03-11 21:55:34 info: =================================
2024-03-11 21:55:34 info: ======= ENV: development =======
2024-03-11 21:55:34 info: 🚀 App listening on port 3000
2024-03-11 21:55:34 info: =================================
2024-03-11 21:55:34 info: =================================
2024-03-11 21:55:34 info: ==== 🚀 DB Connection successfully!! ====
2024-03-11 21:55:34 info: =================================
2024-03-11 21:55:40 info: =================================
2024-03-11 21:55:40 info: ======= ENV: development =======
2024-03-11 21:55:40 info: 🚀 App listening on port 3000
2024-03-11 21:55:40 info: =================================
2024-03-11 21:55:41 info: =================================
2024-03-11 21:55:41 info: 🚀 DB Connection successfully!! ====
2024-03-11 21:55:41 info: =================================
2024-03-11 21:55:43 info: =================================
2024-03-11 21:55:43 info: ======= ENV: development =======
2024-03-11 21:55:43 info: 🚀 App listening on port 3000
2024-03-11 21:55:43 info: =================================
2024-03-11 21:55:43 info: =================================
2024-03-11 21:55:43 info: 🚀 DB Connection successfully!!
2024-03-11 21:55:43 info: =================================
