2024-02-29 20:12:11 info: Server running on PORT: 3000
2024-02-29 20:12:29 info: Server running on PORT: 3000
2024-02-29 20:13:04 info: =================================
2024-02-29 20:13:04 info: ======= ENV: development =======
2024-02-29 20:13:04 info: 🚀 App listening on the port 3000
2024-02-29 20:13:04 info: =================================
2024-02-29 20:13:19 info: =================================
2024-02-29 20:13:19 info: ======= ENV: development =======
2024-02-29 20:13:19 info: 🚀 App listening on port 3000
2024-02-29 20:13:19 info: =================================
2024-02-29 20:16:48 info: =================================
2024-02-29 20:16:48 info: ======= ENV: development =======
2024-02-29 20:16:48 info: 🚀 App listening on port 3000
2024-02-29 20:16:48 info: =================================
2024-02-29 21:12:43 info: =================================
2024-02-29 21:12:43 info: ======= ENV: development =======
2024-02-29 21:12:43 info: 🚀 App listening on port 3000
2024-02-29 21:12:43 info: =================================
2024-02-29 21:13:10 info: =================================
2024-02-29 21:13:10 info: ======= ENV: development =======
2024-02-29 21:13:10 info: 🚀 App listening on port 3000
2024-02-29 21:13:10 info: =================================
2024-02-29 21:13:12 info: =================================
2024-02-29 21:13:12 info: ======= ENV: development =======
2024-02-29 21:13:12 info: 🚀 App listening on port 3000
2024-02-29 21:13:12 info: =================================
