2024-04-14 18:07:23 info: =================================
2024-04-14 18:07:23 info: ======= ENV: development =======
2024-04-14 18:07:23 info: 🚀 App listening on port 3000
2024-04-14 18:07:23 info: =================================
2024-04-14 18:07:23 info: =================================
2024-04-14 18:07:23 info: 🚀 DB Connection successfully!!
2024-04-14 18:07:23 info: =================================
2024-04-14 18:07:32 info: === Searching for user by email and password ===
2024-04-14 18:07:32 info: User not found auth.service :15
2024-04-14 18:07:37 info: === Searching for user by email and password ===
2024-04-14 18:07:37 info: User not found auth.service :15
2024-04-14 18:11:11 info: =================================
2024-04-14 18:11:11 info: ======= ENV: development =======
2024-04-14 18:11:11 info: 🚀 App listening on port 3000
2024-04-14 18:11:11 info: =================================
2024-04-14 18:11:11 info: =================================
2024-04-14 18:11:11 info: 🚀 DB Connection successfully!!
2024-04-14 18:11:11 info: =================================
2024-04-14 18:11:14 info: =================================
2024-04-14 18:11:14 info: ======= ENV: development =======
2024-04-14 18:11:14 info: 🚀 App listening on port 3000
2024-04-14 18:11:14 info: =================================
2024-04-14 18:11:14 info: =================================
2024-04-14 18:11:14 info: 🚀 DB Connection successfully!!
2024-04-14 18:11:14 info: =================================
2024-04-14 18:11:32 info: =================================
2024-04-14 18:11:32 info: ======= ENV: development =======
2024-04-14 18:11:32 info: 🚀 App listening on port 3000
2024-04-14 18:11:32 info: =================================
2024-04-14 18:11:32 info: =================================
2024-04-14 18:11:32 info: 🚀 DB Connection successfully!!
2024-04-14 18:11:32 info: =================================
2024-04-14 18:22:30 info: =================================
2024-04-14 18:22:30 info: ======= ENV: development =======
2024-04-14 18:22:30 info: 🚀 App listening on port 3000
2024-04-14 18:22:30 info: =================================
2024-04-14 18:22:30 info: =================================
2024-04-14 18:22:30 info: 🚀 DB Connection successfully!!
2024-04-14 18:22:30 info: =================================
2024-04-14 18:22:53 info: =================================
2024-04-14 18:22:53 info: ======= ENV: development =======
2024-04-14 18:22:53 info: 🚀 App listening on port 3000
2024-04-14 18:22:53 info: =================================
2024-04-14 18:22:53 info: =================================
2024-04-14 18:22:53 info: 🚀 DB Connection successfully!!
2024-04-14 18:22:53 info: =================================
2024-04-14 18:25:02 info: =================================
2024-04-14 18:25:02 info: ======= ENV: development =======
2024-04-14 18:25:02 info: 🚀 App listening on port 3000
2024-04-14 18:25:02 info: =================================
2024-04-14 18:25:02 info: =================================
2024-04-14 18:25:02 info: 🚀 DB Connection successfully!!
2024-04-14 18:25:02 info: =================================
2024-04-14 18:25:55 info: =================================
2024-04-14 18:25:55 info: ======= ENV: development =======
2024-04-14 18:25:55 info: 🚀 App listening on port 3000
2024-04-14 18:25:55 info: =================================
2024-04-14 18:25:55 info: =================================
2024-04-14 18:25:55 info: 🚀 DB Connection successfully!!
2024-04-14 18:25:55 info: =================================
2024-04-14 18:26:00 info: =================================
2024-04-14 18:26:00 info: ======= ENV: development =======
2024-04-14 18:26:00 info: 🚀 App listening on port 3000
2024-04-14 18:26:00 info: =================================
2024-04-14 18:26:00 info: =================================
2024-04-14 18:26:00 info: 🚀 DB Connection successfully!!
2024-04-14 18:26:00 info: =================================
2024-04-14 18:26:34 info: =================================
2024-04-14 18:26:34 info: ======= ENV: development =======
2024-04-14 18:26:34 info: 🚀 App listening on port 3000
2024-04-14 18:26:34 info: =================================
2024-04-14 18:26:34 info: =================================
2024-04-14 18:26:34 info: 🚀 DB Connection successfully!!
2024-04-14 18:26:34 info: =================================
2024-04-14 18:26:38 info: =================================
2024-04-14 18:26:38 info: ======= ENV: development =======
2024-04-14 18:26:38 info: 🚀 App listening on port 3000
2024-04-14 18:26:38 info: =================================
2024-04-14 18:26:38 info: =================================
2024-04-14 18:26:38 info: 🚀 DB Connection successfully!!
2024-04-14 18:26:38 info: =================================
2024-04-14 18:26:44 info: =================================
2024-04-14 18:26:44 info: ======= ENV: development =======
2024-04-14 18:26:44 info: 🚀 App listening on port 3000
2024-04-14 18:26:44 info: =================================
2024-04-14 18:26:45 info: =================================
2024-04-14 18:26:45 info: 🚀 DB Connection successfully!!
2024-04-14 18:26:45 info: =================================
2024-04-14 18:26:51 info: =================================
2024-04-14 18:26:51 info: ======= ENV: development =======
2024-04-14 18:26:51 info: 🚀 App listening on port 3000
2024-04-14 18:26:51 info: =================================
2024-04-14 18:26:51 info: =================================
2024-04-14 18:26:51 info: 🚀 DB Connection successfully!!
2024-04-14 18:26:51 info: =================================
2024-04-14 18:27:00 info: =================================
2024-04-14 18:27:00 info: ======= ENV: development =======
2024-04-14 18:27:00 info: 🚀 App listening on port 3000
2024-04-14 18:27:00 info: =================================
2024-04-14 18:27:00 info: =================================
2024-04-14 18:27:00 info: 🚀 DB Connection successfully!!
2024-04-14 18:27:00 info: =================================
2024-04-14 18:27:07 info: =================================
2024-04-14 18:27:07 info: ======= ENV: development =======
2024-04-14 18:27:07 info: 🚀 App listening on port 3000
2024-04-14 18:27:07 info: =================================
2024-04-14 18:27:14 info: =================================
2024-04-14 18:27:14 info: ======= ENV: development =======
2024-04-14 18:27:14 info: 🚀 App listening on port 3000
2024-04-14 18:27:14 info: =================================
2024-04-14 18:27:14 info: =================================
2024-04-14 18:27:14 info: 🚀 DB Connection successfully!!
2024-04-14 18:27:14 info: =================================
2024-04-14 18:30:39 info: =================================
2024-04-14 18:30:39 info: ======= ENV: development =======
2024-04-14 18:30:39 info: 🚀 App listening on port 3000
2024-04-14 18:30:39 info: =================================
2024-04-14 18:30:39 info: =================================
2024-04-14 18:30:39 info: 🚀 DB Connection successfully!!
2024-04-14 18:30:39 info: =================================
2024-04-14 18:40:20 info: =================================
2024-04-14 18:40:20 info: ======= ENV: development =======
2024-04-14 18:40:20 info: 🚀 App listening on port 3000
2024-04-14 18:40:20 info: =================================
2024-04-14 18:40:20 info: =================================
2024-04-14 18:40:20 info: 🚀 DB Connection successfully!!
2024-04-14 18:40:20 info: =================================
2024-04-14 18:42:46 info: =================================
2024-04-14 18:42:46 info: ======= ENV: development =======
2024-04-14 18:42:46 info: 🚀 App listening on port 3000
2024-04-14 18:42:46 info: =================================
2024-04-14 18:42:46 info: =================================
2024-04-14 18:42:46 info: 🚀 DB Connection successfully!!
2024-04-14 18:42:46 info: =================================
2024-04-14 18:42:51 info: =================================
2024-04-14 18:42:51 info: ======= ENV: development =======
2024-04-14 18:42:51 info: 🚀 App listening on port 3000
2024-04-14 18:42:51 info: =================================
2024-04-14 18:42:51 info: =================================
2024-04-14 18:42:51 info: 🚀 DB Connection successfully!!
2024-04-14 18:42:51 info: =================================
2024-04-14 18:48:48 info: =================================
2024-04-14 18:48:48 info: ======= ENV: development =======
2024-04-14 18:48:48 info: 🚀 App listening on port 3000
2024-04-14 18:48:48 info: =================================
2024-04-14 18:48:48 info: =================================
2024-04-14 18:48:48 info: 🚀 DB Connection successfully!!
2024-04-14 18:48:48 info: =================================
2024-04-14 18:50:09 info: =================================
2024-04-14 18:50:09 info: ======= ENV: development =======
2024-04-14 18:50:09 info: 🚀 App listening on port 3000
2024-04-14 18:50:09 info: =================================
2024-04-14 18:50:09 info: =================================
2024-04-14 18:50:09 info: 🚀 DB Connection successfully!!
2024-04-14 18:50:09 info: =================================
2024-04-14 18:50:42 info: =================================
2024-04-14 18:50:42 info: ======= ENV: development =======
2024-04-14 18:50:42 info: 🚀 App listening on port 3000
2024-04-14 18:50:42 info: =================================
2024-04-14 18:50:42 info: =================================
2024-04-14 18:50:42 info: 🚀 DB Connection successfully!!
2024-04-14 18:50:42 info: =================================
2024-04-14 18:53:00 info: =================================
2024-04-14 18:53:00 info: ======= ENV: development =======
2024-04-14 18:53:00 info: 🚀 App listening on port 3000
2024-04-14 18:53:00 info: =================================
2024-04-14 18:53:00 info: =================================
2024-04-14 18:53:00 info: 🚀 DB Connection successfully!!
2024-04-14 18:53:00 info: =================================
2024-04-14 18:53:53 info: === Searching for user by email and password ===
2024-04-14 18:53:53 info: === Searching for user by email and password ===
2024-04-14 18:53:53 info: User not found auth.service :15
2024-04-14 18:53:53 info: User not found auth.service :15
2024-04-14 18:55:25 info: =================================
2024-04-14 18:55:25 info: ======= ENV: development =======
2024-04-14 18:55:25 info: 🚀 App listening on port 3000
2024-04-14 18:55:25 info: =================================
2024-04-14 18:55:25 info: =================================
2024-04-14 18:55:25 info: 🚀 DB Connection successfully!!
2024-04-14 18:55:25 info: =================================
2024-04-14 18:56:49 info: =================================
2024-04-14 18:56:50 info: ======= ENV: development =======
2024-04-14 18:56:50 info: 🚀 App listening on port 3000
2024-04-14 18:56:50 info: =================================
2024-04-14 18:56:50 info: =================================
2024-04-14 18:56:50 info: 🚀 DB Connection successfully!!
2024-04-14 18:56:50 info: =================================
2024-04-14 20:49:31 info: =================================
2024-04-14 20:49:31 info: ======= ENV: development =======
2024-04-14 20:49:31 info: 🚀 App listening on port 3000
2024-04-14 20:49:31 info: =================================
2024-04-14 20:49:32 info: =================================
2024-04-14 20:49:32 info: 🚀 DB Connection successfully!!
2024-04-14 20:49:32 info: =================================
2024-04-14 20:58:15 info: =================================
2024-04-14 20:58:15 info: ======= ENV: development =======
2024-04-14 20:58:15 info: 🚀 App listening on port 3000
2024-04-14 20:58:15 info: =================================
2024-04-14 20:58:15 info: =================================
2024-04-14 20:58:15 info: 🚀 DB Connection successfully!!
2024-04-14 20:58:15 info: =================================
2024-04-14 21:09:48 info: =================================
2024-04-14 21:09:48 info: ======= ENV: development =======
2024-04-14 21:09:48 info: 🚀 App listening on port 3000
2024-04-14 21:09:48 info: =================================
2024-04-14 21:09:49 info: =================================
2024-04-14 21:09:49 info: 🚀 DB Connection successfully!!
2024-04-14 21:09:49 info: =================================
2024-04-14 21:21:52 info: =================================
2024-04-14 21:21:52 info: ======= ENV: development =======
2024-04-14 21:21:52 info: 🚀 App listening on port 3000
2024-04-14 21:21:52 info: =================================
2024-04-14 21:21:52 info: =================================
2024-04-14 21:21:52 info: 🚀 DB Connection successfully!!
2024-04-14 21:21:52 info: =================================
2024-04-14 21:22:05 info: =================================
2024-04-14 21:22:05 info: ======= ENV: development =======
2024-04-14 21:22:05 info: 🚀 App listening on port 3000
2024-04-14 21:22:05 info: =================================
2024-04-14 21:22:05 info: =================================
2024-04-14 21:22:05 info: 🚀 DB Connection successfully!!
2024-04-14 21:22:05 info: =================================
2024-04-14 21:22:09 info: =================================
2024-04-14 21:22:09 info: ======= ENV: development =======
2024-04-14 21:22:09 info: 🚀 App listening on port 3000
2024-04-14 21:22:09 info: =================================
2024-04-14 21:22:09 info: =================================
2024-04-14 21:22:09 info: 🚀 DB Connection successfully!!
2024-04-14 21:22:09 info: =================================
2024-04-14 21:28:24 info: =================================
2024-04-14 21:28:24 info: ======= ENV: development =======
2024-04-14 21:28:24 info: 🚀 App listening on port 3000
2024-04-14 21:28:24 info: =================================
2024-04-14 21:28:25 info: =================================
2024-04-14 21:28:25 info: 🚀 DB Connection successfully!!
2024-04-14 21:28:25 info: =================================
2024-04-14 21:28:45 info: === Searching for user by email and password ===
2024-04-14 21:44:37 info: =================================
2024-04-14 21:44:37 info: ======= ENV: development =======
2024-04-14 21:44:37 info: 🚀 App listening on port 3000
2024-04-14 21:44:37 info: =================================
2024-04-14 21:44:37 info: =================================
2024-04-14 21:44:37 info: 🚀 DB Connection successfully!!
2024-04-14 21:44:37 info: =================================
2024-04-14 21:44:48 info: === Searching for user by email and password ===
2024-04-14 21:47:16 info: === Searching for user by email and password ===
2024-04-14 21:48:43 info: =================================
2024-04-14 21:48:43 info: ======= ENV: development =======
2024-04-14 21:48:43 info: 🚀 App listening on port 3000
2024-04-14 21:48:43 info: =================================
2024-04-14 21:48:43 info: =================================
2024-04-14 21:48:43 info: 🚀 DB Connection successfully!!
2024-04-14 21:48:43 info: =================================
2024-04-14 21:49:11 info: === Searching for user by email and password ===
2024-04-14 21:50:18 info: =================================
2024-04-14 21:50:18 info: ======= ENV: development =======
2024-04-14 21:50:18 info: 🚀 App listening on port 3000
2024-04-14 21:50:18 info: =================================
2024-04-14 21:50:18 info: =================================
2024-04-14 21:50:18 info: 🚀 DB Connection successfully!!
2024-04-14 21:50:18 info: =================================
2024-04-14 21:50:51 info: =================================
2024-04-14 21:50:51 info: ======= ENV: development =======
2024-04-14 21:50:51 info: 🚀 App listening on port 3000
2024-04-14 21:50:51 info: =================================
2024-04-14 21:50:51 info: =================================
2024-04-14 21:50:51 info: 🚀 DB Connection successfully!!
2024-04-14 21:50:51 info: =================================
2024-04-14 21:51:05 info: =================================
2024-04-14 21:51:05 info: ======= ENV: development =======
2024-04-14 21:51:05 info: 🚀 App listening on port 3000
2024-04-14 21:51:05 info: =================================
2024-04-14 21:51:05 info: =================================
2024-04-14 21:51:05 info: 🚀 DB Connection successfully!!
2024-04-14 21:51:05 info: =================================
2024-04-14 21:51:10 info: =================================
2024-04-14 21:51:10 info: ======= ENV: development =======
2024-04-14 21:51:10 info: 🚀 App listening on port 3000
2024-04-14 21:51:10 info: =================================
2024-04-14 21:51:10 info: =================================
2024-04-14 21:51:10 info: 🚀 DB Connection successfully!!
2024-04-14 21:51:10 info: =================================
2024-04-14 21:51:24 info: === Searching for user by email and password ===
