2024-04-12 20:45:31 info: =================================
2024-04-12 20:45:31 info: ======= ENV: development =======
2024-04-12 20:45:31 info: 🚀 App listening on port 3000
2024-04-12 20:45:31 info: =================================
2024-04-12 20:45:31 info: =================================
2024-04-12 20:45:31 info: 🚀 DB Connection successfully!!
2024-04-12 20:45:31 info: =================================
2024-04-12 20:48:39 info: === Searching for user by email and password ===
2024-04-12 20:49:26 info: =================================
2024-04-12 20:49:26 info: ======= ENV: development =======
2024-04-12 20:49:26 info: 🚀 App listening on port 3000
2024-04-12 20:49:26 info: =================================
2024-04-12 20:49:26 info: =================================
2024-04-12 20:49:26 info: 🚀 DB Connection successfully!!
2024-04-12 20:49:26 info: =================================
2024-04-12 20:50:41 info: === Searching for user by email and password ===
2024-04-12 20:51:20 info: =================================
2024-04-12 20:51:20 info: ======= ENV: development =======
2024-04-12 20:51:20 info: 🚀 App listening on port 3000
2024-04-12 20:51:20 info: =================================
2024-04-12 20:51:20 info: =================================
2024-04-12 20:51:20 info: 🚀 DB Connection successfully!!
2024-04-12 20:51:20 info: =================================
2024-04-12 20:51:25 info: === Searching for user by email and password ===
2024-04-12 20:52:15 info: =================================
2024-04-12 20:52:15 info: ======= ENV: development =======
2024-04-12 20:52:15 info: 🚀 App listening on port 3000
2024-04-12 20:52:15 info: =================================
2024-04-12 20:52:16 info: =================================
2024-04-12 20:52:16 info: 🚀 DB Connection successfully!!
2024-04-12 20:52:16 info: =================================
2024-04-12 20:52:28 info: === Searching for user by email and password ===
2024-04-12 20:55:45 info: =================================
2024-04-12 20:55:45 info: ======= ENV: development =======
2024-04-12 20:55:45 info: 🚀 App listening on port 3000
2024-04-12 20:55:45 info: =================================
2024-04-12 20:55:45 info: =================================
2024-04-12 20:55:45 info: 🚀 DB Connection successfully!!
2024-04-12 20:55:45 info: =================================
2024-04-12 21:00:03 info: =================================
2024-04-12 21:00:03 info: ======= ENV: development =======
2024-04-12 21:00:03 info: 🚀 App listening on port 3000
2024-04-12 21:00:03 info: =================================
2024-04-12 21:00:04 info: =================================
2024-04-12 21:00:04 info: 🚀 DB Connection successfully!!
2024-04-12 21:00:04 info: =================================
2024-04-12 21:00:25 info: === Searching for user by email and password ===
2024-04-12 21:02:29 info: =================================
2024-04-12 21:02:29 info: ======= ENV: development =======
2024-04-12 21:02:29 info: 🚀 App listening on port 3000
2024-04-12 21:02:29 info: =================================
2024-04-12 21:02:29 info: =================================
2024-04-12 21:02:29 info: 🚀 DB Connection successfully!!
2024-04-12 21:02:29 info: =================================
2024-04-12 21:02:34 info: =================================
2024-04-12 21:02:34 info: ======= ENV: development =======
2024-04-12 21:02:34 info: 🚀 App listening on port 3000
2024-04-12 21:02:34 info: =================================
2024-04-12 21:02:34 info: =================================
2024-04-12 21:02:34 info: 🚀 DB Connection successfully!!
2024-04-12 21:02:34 info: =================================
2024-04-12 21:03:05 info: =================================
2024-04-12 21:03:05 info: ======= ENV: development =======
2024-04-12 21:03:05 info: 🚀 App listening on port 3000
2024-04-12 21:03:05 info: =================================
2024-04-12 21:03:05 info: =================================
2024-04-12 21:03:05 info: 🚀 DB Connection successfully!!
2024-04-12 21:03:05 info: =================================
2024-04-12 21:03:11 info: === Searching for user by email and password ===
2024-04-12 21:03:24 info: =================================
2024-04-12 21:03:24 info: ======= ENV: development =======
2024-04-12 21:03:24 info: 🚀 App listening on port 3000
2024-04-12 21:03:24 info: =================================
2024-04-12 21:03:24 info: =================================
2024-04-12 21:03:24 info: 🚀 DB Connection successfully!!
2024-04-12 21:03:24 info: =================================
2024-04-12 21:04:34 info: =================================
2024-04-12 21:04:34 info: ======= ENV: development =======
2024-04-12 21:04:34 info: 🚀 App listening on port 3000
2024-04-12 21:04:34 info: =================================
2024-04-12 21:04:34 info: =================================
2024-04-12 21:04:34 info: 🚀 DB Connection successfully!!
2024-04-12 21:04:34 info: =================================
2024-04-12 21:04:50 info: =================================
2024-04-12 21:04:50 info: ======= ENV: development =======
2024-04-12 21:04:50 info: 🚀 App listening on port 3000
2024-04-12 21:04:50 info: =================================
2024-04-12 21:04:50 info: =================================
2024-04-12 21:04:50 info: 🚀 DB Connection successfully!!
2024-04-12 21:04:50 info: =================================
2024-04-12 21:04:52 info: =================================
2024-04-12 21:04:52 info: ======= ENV: development =======
2024-04-12 21:04:52 info: 🚀 App listening on port 3000
2024-04-12 21:04:52 info: =================================
2024-04-12 21:04:53 info: =================================
2024-04-12 21:04:53 info: 🚀 DB Connection successfully!!
2024-04-12 21:04:53 info: =================================
2024-04-12 21:04:57 info: =================================
2024-04-12 21:04:57 info: ======= ENV: development =======
2024-04-12 21:04:57 info: 🚀 App listening on port 3000
2024-04-12 21:04:57 info: =================================
2024-04-12 21:04:57 info: =================================
2024-04-12 21:04:57 info: 🚀 DB Connection successfully!!
2024-04-12 21:04:57 info: =================================
2024-04-12 21:04:59 info: =================================
2024-04-12 21:04:59 info: ======= ENV: development =======
2024-04-12 21:04:59 info: 🚀 App listening on port 3000
2024-04-12 21:04:59 info: =================================
2024-04-12 21:04:59 info: =================================
2024-04-12 21:04:59 info: 🚀 DB Connection successfully!!
2024-04-12 21:04:59 info: =================================
2024-04-12 21:05:05 info: =================================
2024-04-12 21:05:05 info: ======= ENV: development =======
2024-04-12 21:05:05 info: 🚀 App listening on port 3000
2024-04-12 21:05:05 info: =================================
2024-04-12 21:05:07 info: =================================
2024-04-12 21:05:07 info: ======= ENV: development =======
2024-04-12 21:05:07 info: 🚀 App listening on port 3000
2024-04-12 21:05:07 info: =================================
2024-04-12 21:05:07 info: =================================
2024-04-12 21:05:07 info: 🚀 DB Connection successfully!!
2024-04-12 21:05:07 info: =================================
2024-04-12 21:05:15 info: === Searching for user by email and password ===
2024-04-12 21:06:13 info: =================================
2024-04-12 21:06:13 info: ======= ENV: development =======
2024-04-12 21:06:13 info: 🚀 App listening on port 3000
2024-04-12 21:06:13 info: =================================
2024-04-12 21:06:13 info: =================================
2024-04-12 21:06:13 info: 🚀 DB Connection successfully!!
2024-04-12 21:06:13 info: =================================
2024-04-12 21:06:19 info: =================================
2024-04-12 21:06:19 info: ======= ENV: development =======
2024-04-12 21:06:19 info: 🚀 App listening on port 3000
2024-04-12 21:06:19 info: =================================
2024-04-12 21:06:20 info: =================================
2024-04-12 21:06:20 info: 🚀 DB Connection successfully!!
2024-04-12 21:06:20 info: =================================
2024-04-12 21:06:25 info: === Searching for user by email and password ===
2024-04-12 21:07:38 info: =================================
2024-04-12 21:07:38 info: ======= ENV: development =======
2024-04-12 21:07:38 info: 🚀 App listening on port 3000
2024-04-12 21:07:38 info: =================================
2024-04-12 21:07:38 info: =================================
2024-04-12 21:07:38 info: 🚀 DB Connection successfully!!
2024-04-12 21:07:38 info: =================================
2024-04-12 21:07:47 info: === Searching for user by email and password ===
2024-04-12 21:08:22 info: === Searching for user by email and password ===
2024-04-12 21:20:37 info: === Searching for user by email and password ===
2024-04-12 21:30:00 info: === Searching for user by email and password ===
2024-04-12 21:30:34 info: === Searching for user by email and password ===
2024-04-12 21:31:59 info: === Searching for user by email and password ===
