2024-04-23 15:30:30 info: =================================
2024-04-23 15:30:30 info: ======= ENV: development =======
2024-04-23 15:30:30 info: 🚀 App listening on port 3000
2024-04-23 15:30:30 info: =================================
2024-04-23 15:30:30 info: =================================
2024-04-23 15:30:30 info: 🚀 DB Connection successfully!!
2024-04-23 15:30:30 info: =================================
2024-04-23 15:30:55 info: === Searching for user by email and password ===
2024-04-23 15:31:05 info: === Searching for user by email and password ===
2024-04-23 15:35:43 info: =================================
2024-04-23 15:35:43 info: ======= ENV: development =======
2024-04-23 15:35:43 info: 🚀 App listening on port 3000
2024-04-23 15:35:43 info: =================================
2024-04-23 15:35:44 info: =================================
2024-04-23 15:35:44 info: 🚀 DB Connection successfully!!
2024-04-23 15:35:44 info: =================================
2024-04-23 15:36:17 info: === Searching for user by email and password ===
2024-04-23 15:37:38 info: =================================
2024-04-23 15:37:38 info: ======= ENV: development =======
2024-04-23 15:37:38 info: 🚀 App listening on port 3000
2024-04-23 15:37:38 info: =================================
2024-04-23 15:37:39 info: =================================
2024-04-23 15:37:39 info: 🚀 DB Connection successfully!!
2024-04-23 15:37:39 info: =================================
2024-04-23 15:37:56 info: === Searching for user by email and password ===
2024-04-23 15:58:22 info: =================================
2024-04-23 15:58:22 info: ======= ENV: development =======
2024-04-23 15:58:22 info: 🚀 App listening on port 3000
2024-04-23 15:58:22 info: =================================
2024-04-23 15:58:23 info: === Searching for user by email and password ===
2024-04-23 15:58:23 info: =================================
2024-04-23 15:58:23 info: 🚀 DB Connection successfully!!
2024-04-23 15:58:23 info: =================================
2024-04-23 16:01:15 info: === Searching for user by email and password ===
2024-04-23 18:25:44 info: =================================
2024-04-23 18:25:44 info: ======= ENV: development =======
2024-04-23 18:25:44 info: 🚀 App listening on port 3000
2024-04-23 18:25:44 info: =================================
2024-04-23 18:25:45 info: =================================
2024-04-23 18:25:45 info: 🚀 DB Connection successfully!!
2024-04-23 18:25:45 info: =================================
2024-04-23 18:26:03 info: === Searching for user by email and password ===
2024-04-23 18:26:03 info: User not found auth.service :15
2024-04-23 18:27:20 info: === Searching for user by email and password ===
