2024-04-13 18:09:03 info: =================================
2024-04-13 18:09:03 info: ======= ENV: development =======
2024-04-13 18:09:03 info: 🚀 App listening on port 3000
2024-04-13 18:09:03 info: =================================
2024-04-13 18:09:04 info: =================================
2024-04-13 18:09:04 info: 🚀 DB Connection successfully!!
2024-04-13 18:09:04 info: =================================
2024-04-13 18:09:28 info: === Searching for user by email and password ===
2024-04-13 18:10:13 info: === Searching for user by email and password ===
2024-04-13 18:10:24 info: === Searching for user by email and password ===
2024-04-13 18:11:00 info: =================================
2024-04-13 18:11:00 info: ======= ENV: development =======
2024-04-13 18:11:00 info: 🚀 App listening on port 3000
2024-04-13 18:11:00 info: =================================
2024-04-13 18:11:01 info: =================================
2024-04-13 18:11:01 info: 🚀 DB Connection successfully!!
2024-04-13 18:11:01 info: =================================
2024-04-13 18:11:20 info: =================================
2024-04-13 18:11:20 info: ======= ENV: development =======
2024-04-13 18:11:20 info: 🚀 App listening on port 3000
2024-04-13 18:11:20 info: =================================
2024-04-13 18:11:22 info: =================================
2024-04-13 18:11:22 info: ======= ENV: development =======
2024-04-13 18:11:22 info: 🚀 App listening on port 3000
2024-04-13 18:11:22 info: =================================
2024-04-13 18:11:22 info: =================================
2024-04-13 18:11:22 info: 🚀 DB Connection successfully!!
2024-04-13 18:11:22 info: =================================
2024-04-13 18:11:25 info: =================================
2024-04-13 18:11:25 info: ======= ENV: development =======
2024-04-13 18:11:25 info: 🚀 App listening on port 3000
2024-04-13 18:11:25 info: =================================
2024-04-13 18:11:25 info: =================================
2024-04-13 18:11:25 info: 🚀 DB Connection successfully!!
2024-04-13 18:11:25 info: =================================
2024-04-13 18:11:29 info: =================================
2024-04-13 18:11:29 info: ======= ENV: development =======
2024-04-13 18:11:29 info: 🚀 App listening on port 3000
2024-04-13 18:11:29 info: =================================
2024-04-13 18:11:29 info: =================================
2024-04-13 18:11:29 info: 🚀 DB Connection successfully!!
2024-04-13 18:11:29 info: =================================
2024-04-13 18:11:33 info: =================================
2024-04-13 18:11:33 info: ======= ENV: development =======
2024-04-13 18:11:33 info: 🚀 App listening on port 3000
2024-04-13 18:11:33 info: =================================
2024-04-13 18:11:33 info: =================================
2024-04-13 18:11:33 info: 🚀 DB Connection successfully!!
2024-04-13 18:11:33 info: =================================
2024-04-13 18:11:47 info: =================================
2024-04-13 18:11:47 info: ======= ENV: development =======
2024-04-13 18:11:47 info: 🚀 App listening on port 3000
2024-04-13 18:11:47 info: =================================
2024-04-13 18:11:47 info: =================================
2024-04-13 18:11:47 info: 🚀 DB Connection successfully!!
2024-04-13 18:11:47 info: =================================
2024-04-13 18:12:55 info: === Searching for user by email and password ===
2024-04-13 18:13:11 info: === Searching for user by email and password ===
2024-04-13 18:17:21 info: === Searching for user by email and password ===
2024-04-13 18:26:37 info: =================================
2024-04-13 18:26:37 info: ======= ENV: development =======
2024-04-13 18:26:37 info: 🚀 App listening on port 3000
2024-04-13 18:26:37 info: =================================
2024-04-13 18:26:37 info: =================================
2024-04-13 18:26:37 info: 🚀 DB Connection successfully!!
2024-04-13 18:26:37 info: =================================
2024-04-13 18:27:07 info: === Searching for user by email and password ===
2024-04-13 18:36:06 info: =================================
2024-04-13 18:36:06 info: ======= ENV: development =======
2024-04-13 18:36:06 info: 🚀 App listening on port 3000
2024-04-13 18:36:06 info: =================================
2024-04-13 18:36:06 info: =================================
2024-04-13 18:36:06 info: 🚀 DB Connection successfully!!
2024-04-13 18:36:06 info: =================================
2024-04-13 18:36:09 info: === Searching for user by email and password ===
2024-04-13 18:55:48 info: === Searching for user by email and password ===
2024-04-13 18:56:09 info: === Searching for user by email and password ===
2024-04-13 18:58:07 info: === Searching for user by email and password ===
2024-04-13 19:05:30 info: === Searching for user by email and password ===
2024-04-13 19:08:55 info: =================================
2024-04-13 19:08:55 info: ======= ENV: development =======
2024-04-13 19:08:55 info: 🚀 App listening on port 3000
2024-04-13 19:08:55 info: =================================
2024-04-13 19:08:55 info: =================================
2024-04-13 19:08:55 info: 🚀 DB Connection successfully!!
2024-04-13 19:08:55 info: =================================
2024-04-13 19:09:00 info: =================================
2024-04-13 19:09:00 info: ======= ENV: development =======
2024-04-13 19:09:00 info: 🚀 App listening on port 3000
2024-04-13 19:09:00 info: =================================
2024-04-13 19:09:01 info: =================================
2024-04-13 19:09:01 info: 🚀 DB Connection successfully!!
2024-04-13 19:09:01 info: =================================
2024-04-13 19:09:03 info: =================================
2024-04-13 19:09:03 info: ======= ENV: development =======
2024-04-13 19:09:03 info: 🚀 App listening on port 3000
2024-04-13 19:09:03 info: =================================
2024-04-13 19:09:03 info: =================================
2024-04-13 19:09:03 info: 🚀 DB Connection successfully!!
2024-04-13 19:09:03 info: =================================
2024-04-13 19:09:10 info: =================================
2024-04-13 19:09:10 info: ======= ENV: development =======
2024-04-13 19:09:10 info: 🚀 App listening on port 3000
2024-04-13 19:09:10 info: =================================
2024-04-13 19:09:11 info: =================================
2024-04-13 19:09:11 info: 🚀 DB Connection successfully!!
2024-04-13 19:09:11 info: =================================
2024-04-13 19:10:30 info: =================================
2024-04-13 19:10:30 info: ======= ENV: development =======
2024-04-13 19:10:30 info: 🚀 App listening on port 3000
2024-04-13 19:10:30 info: =================================
2024-04-13 19:10:30 info: =================================
2024-04-13 19:10:30 info: 🚀 DB Connection successfully!!
2024-04-13 19:10:30 info: =================================
2024-04-13 19:10:54 info: =================================
2024-04-13 19:10:54 info: ======= ENV: development =======
2024-04-13 19:10:54 info: 🚀 App listening on port 3000
2024-04-13 19:10:54 info: =================================
2024-04-13 19:10:54 info: =================================
2024-04-13 19:10:54 info: 🚀 DB Connection successfully!!
2024-04-13 19:10:54 info: =================================
2024-04-13 19:11:01 info: =================================
2024-04-13 19:11:01 info: ======= ENV: development =======
2024-04-13 19:11:01 info: 🚀 App listening on port 3000
2024-04-13 19:11:01 info: =================================
2024-04-13 19:11:01 info: =================================
2024-04-13 19:11:01 info: 🚀 DB Connection successfully!!
2024-04-13 19:11:01 info: =================================
2024-04-13 19:11:19 info: =================================
2024-04-13 19:11:19 info: ======= ENV: development =======
2024-04-13 19:11:19 info: 🚀 App listening on port 3000
2024-04-13 19:11:19 info: =================================
2024-04-13 19:11:19 info: =================================
2024-04-13 19:11:19 info: 🚀 DB Connection successfully!!
2024-04-13 19:11:19 info: =================================
2024-04-13 19:11:40 info: =================================
2024-04-13 19:11:40 info: ======= ENV: development =======
2024-04-13 19:11:41 info: 🚀 App listening on port 3000
2024-04-13 19:11:41 info: =================================
2024-04-13 19:11:41 info: =================================
2024-04-13 19:11:41 info: 🚀 DB Connection successfully!!
2024-04-13 19:11:41 info: =================================
2024-04-13 19:11:46 info: =================================
2024-04-13 19:11:46 info: ======= ENV: development =======
2024-04-13 19:11:46 info: 🚀 App listening on port 3000
2024-04-13 19:11:46 info: =================================
2024-04-13 19:11:46 info: =================================
2024-04-13 19:11:46 info: 🚀 DB Connection successfully!!
2024-04-13 19:11:46 info: =================================
2024-04-13 19:11:55 info: =================================
2024-04-13 19:11:55 info: ======= ENV: development =======
2024-04-13 19:11:55 info: 🚀 App listening on port 3000
2024-04-13 19:11:55 info: =================================
2024-04-13 19:11:55 info: =================================
2024-04-13 19:11:55 info: 🚀 DB Connection successfully!!
2024-04-13 19:11:55 info: =================================
2024-04-13 19:12:02 info: =================================
2024-04-13 19:12:02 info: ======= ENV: development =======
2024-04-13 19:12:02 info: 🚀 App listening on port 3000
2024-04-13 19:12:02 info: =================================
2024-04-13 19:12:02 info: =================================
2024-04-13 19:12:02 info: 🚀 DB Connection successfully!!
2024-04-13 19:12:02 info: =================================
2024-04-13 19:13:00 info: =================================
2024-04-13 19:13:00 info: ======= ENV: development =======
2024-04-13 19:13:00 info: 🚀 App listening on port 3000
2024-04-13 19:13:00 info: =================================
2024-04-13 19:13:01 info: =================================
2024-04-13 19:13:01 info: 🚀 DB Connection successfully!!
2024-04-13 19:13:01 info: =================================
2024-04-13 19:13:13 info: === Searching for user by email and password ===
2024-04-13 19:31:47 info: === Searching for user by email and password ===
2024-04-13 19:32:27 info: =================================
2024-04-13 19:32:27 info: ======= ENV: development =======
2024-04-13 19:32:27 info: 🚀 App listening on port 3000
2024-04-13 19:32:27 info: =================================
2024-04-13 19:32:28 info: =================================
2024-04-13 19:32:28 info: 🚀 DB Connection successfully!!
2024-04-13 19:32:28 info: =================================
2024-04-13 19:50:03 info: === Searching for user by email and password ===
2024-04-13 20:07:52 info: === Searching for user by email and password ===
2024-04-13 20:08:35 info: === Searching for user by email and password ===
2024-04-13 20:08:38 info: === Searching for user by email and password ===
2024-04-13 20:08:57 info: === Searching for user by email and password ===
2024-04-13 20:09:17 info: =================================
2024-04-13 20:09:17 info: ======= ENV: development =======
2024-04-13 20:09:17 info: 🚀 App listening on port 3000
2024-04-13 20:09:17 info: =================================
2024-04-13 20:09:17 info: =================================
2024-04-13 20:09:17 info: 🚀 DB Connection successfully!!
2024-04-13 20:09:17 info: =================================
2024-04-13 20:13:05 info: === Searching for user by email and password ===
2024-04-13 20:13:43 info: === Searching for user by email and password ===
2024-04-13 20:14:08 info: === Searching for user by email and password ===
2024-04-13 20:14:54 info: === Searching for user by email and password ===
2024-04-13 20:18:17 info: === Searching for user by email and password ===
2024-04-13 20:42:38 info: =================================
2024-04-13 20:42:38 info: ======= ENV: development =======
2024-04-13 20:42:38 info: 🚀 App listening on port 3000
2024-04-13 20:42:38 info: =================================
2024-04-13 20:42:39 info: =================================
2024-04-13 20:42:39 info: 🚀 DB Connection successfully!!
2024-04-13 20:42:39 info: =================================
2024-04-13 20:44:21 info: === Searching for user by email and password ===
2024-04-13 21:51:14 info: === Searching for user by email and password ===
2024-04-13 21:51:41 info: === Searching for user by email and password ===
2024-04-13 21:55:27 info: === Searching for user by email and password ===
2024-04-13 21:57:21 info: =================================
2024-04-13 21:57:21 info: ======= ENV: development =======
2024-04-13 21:57:21 info: 🚀 App listening on port 3000
2024-04-13 21:57:21 info: =================================
2024-04-13 21:57:21 info: =================================
2024-04-13 21:57:21 info: 🚀 DB Connection successfully!!
2024-04-13 21:57:21 info: =================================
2024-04-13 21:58:19 info: === Searching for user by email and password ===
2024-04-13 22:05:46 info: =================================
2024-04-13 22:05:46 info: ======= ENV: development =======
2024-04-13 22:05:46 info: 🚀 App listening on port 3000
2024-04-13 22:05:46 info: =================================
2024-04-13 22:05:46 info: =================================
2024-04-13 22:05:46 info: 🚀 DB Connection successfully!!
2024-04-13 22:05:46 info: =================================
2024-04-13 22:06:43 info: =================================
2024-04-13 22:06:43 info: ======= ENV: development =======
2024-04-13 22:06:43 info: 🚀 App listening on port 3000
2024-04-13 22:06:43 info: =================================
2024-04-13 22:06:43 info: =================================
2024-04-13 22:06:43 info: 🚀 DB Connection successfully!!
2024-04-13 22:06:43 info: =================================
2024-04-13 22:06:59 info: =================================
2024-04-13 22:06:59 info: ======= ENV: development =======
2024-04-13 22:06:59 info: 🚀 App listening on port 3000
2024-04-13 22:06:59 info: =================================
2024-04-13 22:06:59 info: =================================
2024-04-13 22:06:59 info: 🚀 DB Connection successfully!!
2024-04-13 22:06:59 info: =================================
2024-04-13 22:07:28 info: =================================
2024-04-13 22:07:28 info: ======= ENV: development =======
2024-04-13 22:07:28 info: 🚀 App listening on port 3000
2024-04-13 22:07:28 info: =================================
2024-04-13 22:07:29 info: =================================
2024-04-13 22:07:29 info: 🚀 DB Connection successfully!!
2024-04-13 22:07:29 info: =================================
2024-04-13 22:07:35 info: =================================
2024-04-13 22:07:35 info: ======= ENV: development =======
2024-04-13 22:07:35 info: 🚀 App listening on port 3000
2024-04-13 22:07:35 info: =================================
2024-04-13 22:07:36 info: =================================
2024-04-13 22:07:36 info: 🚀 DB Connection successfully!!
2024-04-13 22:07:36 info: =================================
2024-04-13 22:08:54 info: =================================
2024-04-13 22:08:54 info: ======= ENV: development =======
2024-04-13 22:08:54 info: 🚀 App listening on port 3000
2024-04-13 22:08:54 info: =================================
2024-04-13 22:08:54 info: =================================
2024-04-13 22:08:54 info: 🚀 DB Connection successfully!!
2024-04-13 22:08:54 info: =================================
2024-04-13 22:09:05 info: =================================
2024-04-13 22:09:05 info: ======= ENV: development =======
2024-04-13 22:09:05 info: 🚀 App listening on port 3000
2024-04-13 22:09:05 info: =================================
2024-04-13 22:09:05 info: =================================
2024-04-13 22:09:05 info: 🚀 DB Connection successfully!!
2024-04-13 22:09:05 info: =================================
2024-04-13 22:09:11 info: =================================
2024-04-13 22:09:11 info: ======= ENV: development =======
2024-04-13 22:09:11 info: 🚀 App listening on port 3000
2024-04-13 22:09:11 info: =================================
2024-04-13 22:09:11 info: =================================
2024-04-13 22:09:11 info: 🚀 DB Connection successfully!!
2024-04-13 22:09:11 info: =================================
2024-04-13 22:09:14 info: =================================
2024-04-13 22:09:14 info: ======= ENV: development =======
2024-04-13 22:09:14 info: 🚀 App listening on port 3000
2024-04-13 22:09:14 info: =================================
2024-04-13 22:09:14 info: =================================
2024-04-13 22:09:14 info: 🚀 DB Connection successfully!!
2024-04-13 22:09:14 info: =================================
2024-04-13 22:09:54 info: === Searching for user by email and password ===
2024-04-13 22:11:40 info: =================================
2024-04-13 22:11:40 info: ======= ENV: development =======
2024-04-13 22:11:40 info: 🚀 App listening on port 3000
2024-04-13 22:11:40 info: =================================
2024-04-13 22:11:40 info: =================================
2024-04-13 22:11:40 info: 🚀 DB Connection successfully!!
2024-04-13 22:11:40 info: =================================
2024-04-13 22:11:49 info: === Searching for user by email and password ===
2024-04-13 22:18:31 info: =================================
2024-04-13 22:18:31 info: ======= ENV: development =======
2024-04-13 22:18:31 info: 🚀 App listening on port 3000
2024-04-13 22:18:31 info: =================================
2024-04-13 22:18:31 info: =================================
2024-04-13 22:18:31 info: 🚀 DB Connection successfully!!
2024-04-13 22:18:31 info: =================================
2024-04-13 22:18:38 info: =================================
2024-04-13 22:18:38 info: ======= ENV: development =======
2024-04-13 22:18:38 info: 🚀 App listening on port 3000
2024-04-13 22:18:38 info: =================================
2024-04-13 22:18:38 info: =================================
2024-04-13 22:18:38 info: 🚀 DB Connection successfully!!
2024-04-13 22:18:38 info: =================================
2024-04-13 22:18:44 info: =================================
2024-04-13 22:18:44 info: ======= ENV: development =======
2024-04-13 22:18:44 info: 🚀 App listening on port 3000
2024-04-13 22:18:44 info: =================================
2024-04-13 22:18:45 info: =================================
2024-04-13 22:18:45 info: 🚀 DB Connection successfully!!
2024-04-13 22:18:45 info: =================================
2024-04-13 22:18:48 info: =================================
2024-04-13 22:18:48 info: ======= ENV: development =======
2024-04-13 22:18:48 info: 🚀 App listening on port 3000
2024-04-13 22:18:48 info: =================================
2024-04-13 22:18:49 info: =================================
2024-04-13 22:18:49 info: 🚀 DB Connection successfully!!
2024-04-13 22:18:49 info: =================================
2024-04-13 22:19:05 info: =================================
2024-04-13 22:19:05 info: ======= ENV: development =======
2024-04-13 22:19:05 info: 🚀 App listening on port 3000
2024-04-13 22:19:05 info: =================================
2024-04-13 22:19:05 info: =================================
2024-04-13 22:19:05 info: 🚀 DB Connection successfully!!
2024-04-13 22:19:05 info: =================================
2024-04-13 22:29:14 info: =================================
2024-04-13 22:29:14 info: ======= ENV: development =======
2024-04-13 22:29:14 info: 🚀 App listening on port 3000
2024-04-13 22:29:14 info: =================================
2024-04-13 22:29:14 info: =================================
2024-04-13 22:29:14 info: 🚀 DB Connection successfully!!
2024-04-13 22:29:14 info: =================================
2024-04-13 22:29:24 info: =================================
2024-04-13 22:29:24 info: ======= ENV: development =======
2024-04-13 22:29:24 info: 🚀 App listening on port 3000
2024-04-13 22:29:24 info: =================================
2024-04-13 22:29:25 info: =================================
2024-04-13 22:29:25 info: 🚀 DB Connection successfully!!
2024-04-13 22:29:25 info: =================================
2024-04-13 22:29:29 info: =================================
2024-04-13 22:29:29 info: ======= ENV: development =======
2024-04-13 22:29:29 info: 🚀 App listening on port 3000
2024-04-13 22:29:29 info: =================================
2024-04-13 22:29:29 info: =================================
2024-04-13 22:29:29 info: 🚀 DB Connection successfully!!
2024-04-13 22:29:29 info: =================================
2024-04-13 22:29:54 info: === Searching for user by email and password ===
2024-04-13 22:29:54 info: User not found auth.service :15
2024-04-13 22:29:58 info: === Searching for user by email and password ===
2024-04-13 22:29:58 info: User not found auth.service :15
2024-04-13 22:31:15 info: =================================
2024-04-13 22:31:15 info: ======= ENV: development =======
2024-04-13 22:31:15 info: 🚀 App listening on port 3000
2024-04-13 22:31:15 info: =================================
2024-04-13 22:31:15 info: =================================
2024-04-13 22:31:15 info: 🚀 DB Connection successfully!!
2024-04-13 22:31:15 info: =================================
2024-04-13 22:33:47 info: =================================
2024-04-13 22:33:47 info: ======= ENV: development =======
2024-04-13 22:33:47 info: 🚀 App listening on port 3000
2024-04-13 22:33:47 info: =================================
2024-04-13 22:33:47 info: =================================
2024-04-13 22:33:47 info: 🚀 DB Connection successfully!!
2024-04-13 22:33:47 info: =================================
2024-04-13 22:34:17 info: =================================
2024-04-13 22:34:17 info: ======= ENV: development =======
2024-04-13 22:34:17 info: 🚀 App listening on port 3000
2024-04-13 22:34:17 info: =================================
2024-04-13 22:34:17 info: =================================
2024-04-13 22:34:17 info: 🚀 DB Connection successfully!!
2024-04-13 22:34:17 info: =================================
2024-04-13 22:34:29 info: =================================
2024-04-13 22:34:29 info: ======= ENV: development =======
2024-04-13 22:34:29 info: 🚀 App listening on port 3000
2024-04-13 22:34:29 info: =================================
2024-04-13 22:34:30 info: =================================
2024-04-13 22:34:30 info: 🚀 DB Connection successfully!!
2024-04-13 22:34:30 info: =================================
2024-04-13 22:34:42 info: =================================
2024-04-13 22:34:42 info: ======= ENV: development =======
2024-04-13 22:34:42 info: 🚀 App listening on port 3000
2024-04-13 22:34:42 info: =================================
2024-04-13 22:34:42 info: =================================
2024-04-13 22:34:42 info: 🚀 DB Connection successfully!!
2024-04-13 22:34:42 info: =================================
2024-04-13 22:35:49 info: =================================
2024-04-13 22:35:49 info: ======= ENV: development =======
2024-04-13 22:35:49 info: 🚀 App listening on port 3000
2024-04-13 22:35:49 info: =================================
2024-04-13 22:35:50 info: =================================
2024-04-13 22:35:50 info: 🚀 DB Connection successfully!!
2024-04-13 22:35:50 info: =================================
