2024-04-15 10:52:29 info: =================================
2024-04-15 10:52:29 info: ======= ENV: development =======
2024-04-15 10:52:29 info: 🚀 App listening on port 3000
2024-04-15 10:52:29 info: =================================
2024-04-15 10:52:29 info: =================================
2024-04-15 10:52:29 info: 🚀 DB Connection successfully!!
2024-04-15 10:52:29 info: =================================
2024-04-15 10:52:58 info: === Searching for user by email and password ===
2024-04-15 10:56:47 info: =================================
2024-04-15 10:56:47 info: ======= ENV: development =======
2024-04-15 10:56:47 info: 🚀 App listening on port 3000
2024-04-15 10:56:47 info: =================================
2024-04-15 10:56:48 info: =================================
2024-04-15 10:56:48 info: 🚀 DB Connection successfully!!
2024-04-15 10:56:48 info: =================================
2024-04-15 10:57:37 info: === Searching for user by email and password ===
2024-04-15 10:59:56 info: =================================
2024-04-15 10:59:56 info: ======= ENV: development =======
2024-04-15 10:59:56 info: 🚀 App listening on port 3000
2024-04-15 10:59:56 info: =================================
2024-04-15 10:59:56 info: =================================
2024-04-15 10:59:56 info: 🚀 DB Connection successfully!!
2024-04-15 10:59:56 info: =================================
2024-04-15 11:01:41 info: =================================
2024-04-15 11:01:41 info: ======= ENV: development =======
2024-04-15 11:01:41 info: 🚀 App listening on port 3000
2024-04-15 11:01:41 info: =================================
2024-04-15 11:01:42 info: =================================
2024-04-15 11:01:42 info: 🚀 DB Connection successfully!!
2024-04-15 11:01:42 info: =================================
2024-04-15 11:01:52 info: === Searching for user by email and password ===
2024-04-15 11:02:34 info: =================================
2024-04-15 11:02:34 info: ======= ENV: development =======
2024-04-15 11:02:34 info: 🚀 App listening on port 3000
2024-04-15 11:02:34 info: =================================
2024-04-15 11:02:34 info: =================================
2024-04-15 11:02:34 info: 🚀 DB Connection successfully!!
2024-04-15 11:02:34 info: =================================
2024-04-15 11:02:42 info: === Searching for user by email and password ===
2024-04-15 11:03:13 info: =================================
2024-04-15 11:03:13 info: ======= ENV: development =======
2024-04-15 11:03:13 info: 🚀 App listening on port 3000
2024-04-15 11:03:13 info: =================================
2024-04-15 11:03:13 info: =================================
2024-04-15 11:03:13 info: 🚀 DB Connection successfully!!
2024-04-15 11:03:13 info: =================================
2024-04-15 11:03:22 info: === Searching for user by email and password ===
2024-04-15 11:06:24 info: =================================
2024-04-15 11:06:24 info: ======= ENV: development =======
2024-04-15 11:06:24 info: 🚀 App listening on port 3000
2024-04-15 11:06:24 info: =================================
2024-04-15 11:06:25 info: =================================
2024-04-15 11:06:25 info: 🚀 DB Connection successfully!!
2024-04-15 11:06:25 info: =================================
2024-04-15 11:06:32 info: === Searching for user by email and password ===
2024-04-15 11:08:08 info: =================================
2024-04-15 11:08:08 info: ======= ENV: development =======
2024-04-15 11:08:08 info: 🚀 App listening on port 3000
2024-04-15 11:08:08 info: =================================
2024-04-15 11:08:08 info: =================================
2024-04-15 11:08:08 info: 🚀 DB Connection successfully!!
2024-04-15 11:08:08 info: =================================
2024-04-15 11:08:26 info: === Searching for user by email and password ===
2024-04-15 11:09:10 info: =================================
2024-04-15 11:09:10 info: ======= ENV: development =======
2024-04-15 11:09:10 info: 🚀 App listening on port 3000
2024-04-15 11:09:10 info: =================================
2024-04-15 11:09:10 info: =================================
2024-04-15 11:09:10 info: 🚀 DB Connection successfully!!
2024-04-15 11:09:10 info: =================================
2024-04-15 11:10:42 info: === Searching for user by email and password ===
2024-04-15 11:11:24 info: =================================
2024-04-15 11:11:24 info: ======= ENV: development =======
2024-04-15 11:11:24 info: 🚀 App listening on port 3000
2024-04-15 11:11:24 info: =================================
2024-04-15 11:11:24 info: =================================
2024-04-15 11:11:24 info: 🚀 DB Connection successfully!!
2024-04-15 11:11:24 info: =================================
2024-04-15 11:11:28 info: === Searching for user by email and password ===
2024-04-15 11:15:04 info: =================================
2024-04-15 11:15:04 info: ======= ENV: development =======
2024-04-15 11:15:04 info: 🚀 App listening on port 3000
2024-04-15 11:15:04 info: =================================
2024-04-15 11:15:05 info: =================================
2024-04-15 11:15:05 info: 🚀 DB Connection successfully!!
2024-04-15 11:15:05 info: =================================
2024-04-15 11:15:09 info: === Searching for user by email and password ===
2024-04-15 11:23:44 info: === Searching for user by email and password ===
2024-04-15 11:24:06 info: === Searching for user by email and password ===
2024-04-15 11:24:36 info: =================================
2024-04-15 11:24:36 info: ======= ENV: development =======
2024-04-15 11:24:36 info: 🚀 App listening on port 3000
2024-04-15 11:24:36 info: =================================
2024-04-15 11:24:37 info: =================================
2024-04-15 11:24:37 info: 🚀 DB Connection successfully!!
2024-04-15 11:24:37 info: =================================
2024-04-15 11:24:41 info: === Searching for user by email and password ===
2024-04-15 11:25:02 info: =================================
2024-04-15 11:25:02 info: ======= ENV: development =======
2024-04-15 11:25:02 info: 🚀 App listening on port 3000
2024-04-15 11:25:02 info: =================================
2024-04-15 11:25:02 info: =================================
2024-04-15 11:25:02 info: 🚀 DB Connection successfully!!
2024-04-15 11:25:02 info: =================================
2024-04-15 11:25:36 info: =================================
2024-04-15 11:25:36 info: ======= ENV: development =======
2024-04-15 11:25:36 info: 🚀 App listening on port 3000
2024-04-15 11:25:36 info: =================================
2024-04-15 11:25:36 info: =================================
2024-04-15 11:25:36 info: 🚀 DB Connection successfully!!
2024-04-15 11:25:36 info: =================================
2024-04-15 11:25:39 info: === Searching for user by email and password ===
2024-04-15 11:26:07 info: =================================
2024-04-15 11:26:07 info: ======= ENV: development =======
2024-04-15 11:26:07 info: 🚀 App listening on port 3000
2024-04-15 11:26:07 info: =================================
2024-04-15 11:26:08 info: === Searching for user by email and password ===
2024-04-15 11:26:08 info: =================================
2024-04-15 11:26:08 info: 🚀 DB Connection successfully!!
2024-04-15 11:26:08 info: =================================
2024-04-15 11:26:29 info: =================================
2024-04-15 11:26:29 info: ======= ENV: development =======
2024-04-15 11:26:29 info: 🚀 App listening on port 3000
2024-04-15 11:26:29 info: =================================
2024-04-15 11:26:29 info: =================================
2024-04-15 11:26:29 info: 🚀 DB Connection successfully!!
2024-04-15 11:26:29 info: =================================
2024-04-15 11:26:32 info: === Searching for user by email and password ===
2024-04-15 11:59:14 info: =================================
2024-04-15 11:59:14 info: ======= ENV: development =======
2024-04-15 11:59:14 info: 🚀 App listening on port 3000
2024-04-15 11:59:14 info: =================================
2024-04-15 11:59:14 info: === Searching for user by email and password ===
2024-04-15 11:59:15 info: =================================
2024-04-15 11:59:15 info: 🚀 DB Connection successfully!!
2024-04-15 11:59:15 info: =================================
2024-04-15 11:59:36 info: === Searching for user by email and password ===
2024-04-15 13:14:46 info: =================================
2024-04-15 13:14:46 info: ======= ENV: development =======
2024-04-15 13:14:46 info: 🚀 App listening on port 3000
2024-04-15 13:14:46 info: =================================
2024-04-15 13:14:46 info: === Searching for user by email and password ===
2024-04-15 13:14:46 info: =================================
2024-04-15 13:14:46 info: 🚀 DB Connection successfully!!
2024-04-15 13:14:46 info: =================================
2024-04-15 13:19:30 info: =================================
2024-04-15 13:19:30 info: ======= ENV: development =======
2024-04-15 13:19:30 info: 🚀 App listening on port 3000
2024-04-15 13:19:30 info: =================================
2024-04-15 13:19:31 info: =================================
2024-04-15 13:19:31 info: 🚀 DB Connection successfully!!
2024-04-15 13:19:31 info: =================================
2024-04-15 13:19:32 info: === Searching for user by email and password ===
2024-04-15 13:21:02 info: =================================
2024-04-15 13:21:02 info: ======= ENV: development =======
2024-04-15 13:21:02 info: 🚀 App listening on port 3000
2024-04-15 13:21:02 info: =================================
2024-04-15 13:21:02 info: =================================
2024-04-15 13:21:02 info: 🚀 DB Connection successfully!!
2024-04-15 13:21:02 info: =================================
2024-04-15 13:21:06 info: === Searching for user by email and password ===
2024-04-15 13:22:31 info: =================================
2024-04-15 13:22:31 info: ======= ENV: development =======
2024-04-15 13:22:31 info: 🚀 App listening on port 3000
2024-04-15 13:22:31 info: =================================
2024-04-15 13:22:32 info: =================================
2024-04-15 13:22:32 info: 🚀 DB Connection successfully!!
2024-04-15 13:22:32 info: =================================
2024-04-15 13:22:37 info: === Searching for user by email and password ===
2024-04-15 13:23:12 info: =================================
2024-04-15 13:23:12 info: ======= ENV: development =======
2024-04-15 13:23:12 info: 🚀 App listening on port 3000
2024-04-15 13:23:12 info: =================================
2024-04-15 13:23:12 info: =================================
2024-04-15 13:23:12 info: 🚀 DB Connection successfully!!
2024-04-15 13:23:12 info: =================================
2024-04-15 13:23:16 info: === Searching for user by email and password ===
2024-04-15 13:28:16 info: =================================
2024-04-15 13:28:16 info: ======= ENV: development =======
2024-04-15 13:28:16 info: 🚀 App listening on port 3000
2024-04-15 13:28:16 info: =================================
2024-04-15 13:28:17 info: =================================
2024-04-15 13:28:17 info: 🚀 DB Connection successfully!!
2024-04-15 13:28:17 info: =================================
2024-04-15 13:28:20 info: === Searching for user by email and password ===
2024-04-15 15:35:54 info: =================================
2024-04-15 15:35:54 info: ======= ENV: development =======
2024-04-15 15:35:54 info: 🚀 App listening on port 3000
2024-04-15 15:35:54 info: =================================
2024-04-15 15:35:55 info: =================================
2024-04-15 15:35:55 info: 🚀 DB Connection successfully!!
2024-04-15 15:35:55 info: =================================
2024-04-15 15:36:24 info: === Searching for user by email and password ===
2024-04-15 15:37:07 info: =================================
2024-04-15 15:37:07 info: ======= ENV: development =======
2024-04-15 15:37:07 info: 🚀 App listening on port 3000
2024-04-15 15:37:07 info: =================================
2024-04-15 15:37:07 info: =================================
2024-04-15 15:37:07 info: 🚀 DB Connection successfully!!
2024-04-15 15:37:07 info: =================================
2024-04-15 15:37:10 info: === Searching for user by email and password ===
2024-04-15 15:37:49 info: === Searching for user by email and password ===
2024-04-15 15:39:08 info: =================================
2024-04-15 15:39:08 info: ======= ENV: development =======
2024-04-15 15:39:08 info: 🚀 App listening on port 3000
2024-04-15 15:39:08 info: =================================
2024-04-15 15:39:08 info: =================================
2024-04-15 15:39:08 info: 🚀 DB Connection successfully!!
2024-04-15 15:39:08 info: =================================
2024-04-15 15:39:10 info: === Searching for user by email and password ===
2024-04-15 15:39:47 info: =================================
2024-04-15 15:39:47 info: ======= ENV: development =======
2024-04-15 15:39:47 info: 🚀 App listening on port 3000
2024-04-15 15:39:47 info: =================================
2024-04-15 15:39:47 info: === Searching for user by email and password ===
2024-04-15 15:39:48 info: =================================
2024-04-15 15:39:48 info: 🚀 DB Connection successfully!!
2024-04-15 15:39:48 info: =================================
2024-04-15 15:39:51 info: === Searching for user by email and password ===
2024-04-15 15:40:17 info: =================================
2024-04-15 15:40:17 info: ======= ENV: development =======
2024-04-15 15:40:17 info: 🚀 App listening on port 3000
2024-04-15 15:40:17 info: =================================
2024-04-15 15:40:17 info: =================================
2024-04-15 15:40:17 info: 🚀 DB Connection successfully!!
2024-04-15 15:40:17 info: =================================
2024-04-15 15:40:20 info: === Searching for user by email and password ===
2024-04-15 15:42:34 info: =================================
2024-04-15 15:42:34 info: ======= ENV: development =======
2024-04-15 15:42:34 info: 🚀 App listening on port 3000
2024-04-15 15:42:34 info: =================================
2024-04-15 15:42:34 info: =================================
2024-04-15 15:42:34 info: 🚀 DB Connection successfully!!
2024-04-15 15:42:34 info: =================================
2024-04-15 15:42:42 info: === Searching for user by email and password ===
2024-04-15 15:44:41 info: =================================
2024-04-15 15:44:41 info: ======= ENV: development =======
2024-04-15 15:44:41 info: 🚀 App listening on port 3000
2024-04-15 15:44:41 info: =================================
2024-04-15 15:44:41 info: =================================
2024-04-15 15:44:41 info: 🚀 DB Connection successfully!!
2024-04-15 15:44:41 info: =================================
2024-04-15 15:44:50 info: === Searching for user by email and password ===
2024-04-15 15:45:04 info: === Searching for user by email and password ===
2024-04-15 15:46:31 info: =================================
2024-04-15 15:46:31 info: ======= ENV: development =======
2024-04-15 15:46:31 info: 🚀 App listening on port 3000
2024-04-15 15:46:31 info: =================================
2024-04-15 15:46:31 info: =================================
2024-04-15 15:46:31 info: 🚀 DB Connection successfully!!
2024-04-15 15:46:31 info: =================================
2024-04-15 15:47:24 info: =================================
2024-04-15 15:47:24 info: ======= ENV: development =======
2024-04-15 15:47:24 info: 🚀 App listening on port 3000
2024-04-15 15:47:24 info: =================================
2024-04-15 15:47:24 info: =================================
2024-04-15 15:47:24 info: 🚀 DB Connection successfully!!
2024-04-15 15:47:24 info: =================================
2024-04-15 15:47:28 info: === Searching for user by email and password ===
2024-04-15 15:48:33 info: =================================
2024-04-15 15:48:33 info: ======= ENV: development =======
2024-04-15 15:48:33 info: 🚀 App listening on port 3000
2024-04-15 15:48:33 info: =================================
2024-04-15 15:48:34 info: =================================
2024-04-15 15:48:34 info: 🚀 DB Connection successfully!!
2024-04-15 15:48:34 info: =================================
2024-04-15 15:48:37 info: === Searching for user by email and password ===
2024-04-15 15:53:22 info: =================================
2024-04-15 15:53:22 info: ======= ENV: development =======
2024-04-15 15:53:22 info: 🚀 App listening on port 3000
2024-04-15 15:53:22 info: =================================
2024-04-15 15:53:22 info: =================================
2024-04-15 15:53:22 info: 🚀 DB Connection successfully!!
2024-04-15 15:53:22 info: =================================
2024-04-15 15:54:09 info: === Searching for user by email and password ===
2024-04-15 15:54:54 info: =================================
2024-04-15 15:54:54 info: ======= ENV: development =======
2024-04-15 15:54:54 info: 🚀 App listening on port 3000
2024-04-15 15:54:54 info: =================================
2024-04-15 15:54:55 info: =================================
2024-04-15 15:54:55 info: 🚀 DB Connection successfully!!
2024-04-15 15:54:55 info: =================================
2024-04-15 15:56:33 info: === Searching for user by email and password ===
2024-04-15 15:57:25 info: =================================
2024-04-15 15:57:25 info: ======= ENV: development =======
2024-04-15 15:57:25 info: 🚀 App listening on port 3000
2024-04-15 15:57:25 info: =================================
2024-04-15 15:57:25 info: === Searching for user by email and password ===
2024-04-15 15:57:26 info: =================================
2024-04-15 15:57:26 info: 🚀 DB Connection successfully!!
2024-04-15 15:57:26 info: =================================
2024-04-15 15:57:30 info: === Searching for user by email and password ===
2024-04-15 16:04:15 info: === Searching for user by email and password ===
2024-04-15 16:06:13 info: === Searching for user by email and password ===
2024-04-15 16:06:39 info: =================================
2024-04-15 16:06:39 info: ======= ENV: development =======
2024-04-15 16:06:39 info: 🚀 App listening on port 3000
2024-04-15 16:06:39 info: =================================
2024-04-15 16:06:40 info: =================================
2024-04-15 16:06:40 info: 🚀 DB Connection successfully!!
2024-04-15 16:06:40 info: =================================
2024-04-15 16:06:43 info: === Searching for user by email and password ===
2024-04-15 16:07:26 info: === Searching for user by email and password ===
2024-04-15 16:08:27 info: =================================
2024-04-15 16:08:27 info: ======= ENV: development =======
2024-04-15 16:08:27 info: 🚀 App listening on port 3000
2024-04-15 16:08:27 info: =================================
2024-04-15 16:08:28 info: =================================
2024-04-15 16:08:28 info: 🚀 DB Connection successfully!!
2024-04-15 16:08:28 info: =================================
2024-04-15 16:08:32 info: === Searching for user by email and password ===
2024-04-15 16:09:10 info: === Searching for user by email and password ===
2024-04-15 16:10:04 info: === Searching for user by email and password ===
2024-04-15 16:15:18 info: =================================
2024-04-15 16:15:18 info: ======= ENV: development =======
2024-04-15 16:15:18 info: 🚀 App listening on port 3000
2024-04-15 16:15:18 info: =================================
2024-04-15 16:15:18 info: =================================
2024-04-15 16:15:18 info: 🚀 DB Connection successfully!!
2024-04-15 16:15:18 info: =================================
2024-04-15 16:15:32 info: === Searching for user by email and password ===
2024-04-15 16:19:20 info: =================================
2024-04-15 16:19:20 info: ======= ENV: development =======
2024-04-15 16:19:20 info: 🚀 App listening on port 3000
2024-04-15 16:19:20 info: =================================
2024-04-15 16:19:20 info: =================================
2024-04-15 16:19:20 info: 🚀 DB Connection successfully!!
2024-04-15 16:19:20 info: =================================
2024-04-15 16:19:25 info: === Searching for user by email and password ===
2024-04-15 16:21:15 info: =================================
2024-04-15 16:21:15 info: ======= ENV: development =======
2024-04-15 16:21:15 info: 🚀 App listening on port 3000
2024-04-15 16:21:15 info: =================================
2024-04-15 16:21:16 info: =================================
2024-04-15 16:21:16 info: 🚀 DB Connection successfully!!
2024-04-15 16:21:16 info: =================================
2024-04-15 16:21:19 info: === Searching for user by email and password ===
2024-04-15 16:30:29 info: =================================
2024-04-15 16:30:29 info: ======= ENV: development =======
2024-04-15 16:30:29 info: 🚀 App listening on port 3000
2024-04-15 16:30:29 info: =================================
2024-04-15 16:30:29 info: =================================
2024-04-15 16:30:29 info: 🚀 DB Connection successfully!!
2024-04-15 16:30:29 info: =================================
2024-04-15 16:30:32 info: === Searching for user by email and password ===
2024-04-15 16:31:02 info: =================================
2024-04-15 16:31:02 info: ======= ENV: development =======
2024-04-15 16:31:02 info: 🚀 App listening on port 3000
2024-04-15 16:31:02 info: =================================
2024-04-15 16:31:02 info: =================================
2024-04-15 16:31:02 info: 🚀 DB Connection successfully!!
2024-04-15 16:31:02 info: =================================
2024-04-15 16:31:22 info: === Searching for user by email and password ===
2024-04-15 16:40:09 info: =================================
2024-04-15 16:40:09 info: ======= ENV: development =======
2024-04-15 16:40:09 info: 🚀 App listening on port 3000
2024-04-15 16:40:09 info: =================================
2024-04-15 16:40:09 info: =================================
2024-04-15 16:40:09 info: 🚀 DB Connection successfully!!
2024-04-15 16:40:09 info: =================================
2024-04-15 16:40:12 info: === Searching for user by email and password ===
2024-04-15 16:40:45 info: =================================
2024-04-15 16:40:45 info: ======= ENV: development =======
2024-04-15 16:40:45 info: 🚀 App listening on port 3000
2024-04-15 16:40:45 info: =================================
2024-04-15 16:40:46 info: =================================
2024-04-15 16:40:46 info: 🚀 DB Connection successfully!!
2024-04-15 16:40:46 info: =================================
2024-04-15 16:40:49 info: === Searching for user by email and password ===
2024-04-15 16:41:36 info: =================================
2024-04-15 16:41:36 info: ======= ENV: development =======
2024-04-15 16:41:36 info: 🚀 App listening on port 3000
2024-04-15 16:41:36 info: =================================
2024-04-15 16:41:37 info: =================================
2024-04-15 16:41:37 info: 🚀 DB Connection successfully!!
2024-04-15 16:41:37 info: =================================
2024-04-15 16:41:56 info: === Searching for user by email and password ===
2024-04-15 16:42:37 info: =================================
2024-04-15 16:42:37 info: ======= ENV: development =======
2024-04-15 16:42:37 info: 🚀 App listening on port 3000
2024-04-15 16:42:37 info: =================================
2024-04-15 16:42:38 info: =================================
2024-04-15 16:42:38 info: 🚀 DB Connection successfully!!
2024-04-15 16:42:38 info: =================================
2024-04-15 16:42:57 info: =================================
2024-04-15 16:42:57 info: ======= ENV: development =======
2024-04-15 16:42:57 info: 🚀 App listening on port 3000
2024-04-15 16:42:57 info: =================================
2024-04-15 16:42:57 info: =================================
2024-04-15 16:42:57 info: 🚀 DB Connection successfully!!
2024-04-15 16:42:57 info: =================================
2024-04-15 16:43:11 info: === Searching for user by email and password ===
2024-04-15 16:43:43 info: =================================
2024-04-15 16:43:43 info: ======= ENV: development =======
2024-04-15 16:43:43 info: 🚀 App listening on port 3000
2024-04-15 16:43:43 info: =================================
2024-04-15 16:43:43 info: =================================
2024-04-15 16:43:43 info: 🚀 DB Connection successfully!!
2024-04-15 16:43:43 info: =================================
2024-04-15 16:43:46 info: === Searching for user by email and password ===
2024-04-15 16:44:21 info: =================================
2024-04-15 16:44:21 info: ======= ENV: development =======
2024-04-15 16:44:21 info: 🚀 App listening on port 3000
2024-04-15 16:44:21 info: =================================
2024-04-15 16:44:21 info: =================================
2024-04-15 16:44:21 info: 🚀 DB Connection successfully!!
2024-04-15 16:44:21 info: =================================
2024-04-15 16:44:25 info: === Searching for user by email and password ===
2024-04-15 16:47:09 info: =================================
2024-04-15 16:47:09 info: ======= ENV: development =======
2024-04-15 16:47:09 info: 🚀 App listening on port 3000
2024-04-15 16:47:09 info: =================================
2024-04-15 16:47:09 info: =================================
2024-04-15 16:47:09 info: 🚀 DB Connection successfully!!
2024-04-15 16:47:09 info: =================================
2024-04-15 16:47:15 info: === Searching for user by email and password ===
2024-04-15 16:48:34 info: =================================
2024-04-15 16:48:34 info: ======= ENV: development =======
2024-04-15 16:48:34 info: 🚀 App listening on port 3000
2024-04-15 16:48:34 info: =================================
2024-04-15 16:48:35 info: =================================
2024-04-15 16:48:35 info: 🚀 DB Connection successfully!!
2024-04-15 16:48:35 info: =================================
2024-04-15 16:48:38 info: === Searching for user by email and password ===
2024-04-15 16:49:30 info: =================================
2024-04-15 16:49:30 info: ======= ENV: development =======
2024-04-15 16:49:30 info: 🚀 App listening on port 3000
2024-04-15 16:49:30 info: =================================
2024-04-15 16:49:30 info: =================================
2024-04-15 16:49:30 info: 🚀 DB Connection successfully!!
2024-04-15 16:49:30 info: =================================
2024-04-15 16:49:33 info: === Searching for user by email and password ===
2024-04-15 16:50:08 info: =================================
2024-04-15 16:50:08 info: ======= ENV: development =======
2024-04-15 16:50:08 info: 🚀 App listening on port 3000
2024-04-15 16:50:08 info: =================================
2024-04-15 16:50:09 info: =================================
2024-04-15 16:50:09 info: 🚀 DB Connection successfully!!
2024-04-15 16:50:09 info: =================================
2024-04-15 16:50:15 info: === Searching for user by email and password ===
2024-04-15 16:51:05 info: =================================
2024-04-15 16:51:05 info: ======= ENV: development =======
2024-04-15 16:51:05 info: 🚀 App listening on port 3000
2024-04-15 16:51:05 info: =================================
2024-04-15 16:51:05 info: === Searching for user by email and password ===
2024-04-15 16:51:06 info: =================================
2024-04-15 16:51:06 info: 🚀 DB Connection successfully!!
2024-04-15 16:51:06 info: =================================
2024-04-15 16:51:09 info: === Searching for user by email and password ===
2024-04-15 16:51:36 info: =================================
2024-04-15 16:51:36 info: ======= ENV: development =======
2024-04-15 16:51:36 info: 🚀 App listening on port 3000
2024-04-15 16:51:36 info: =================================
2024-04-15 16:51:37 info: =================================
2024-04-15 16:51:37 info: 🚀 DB Connection successfully!!
2024-04-15 16:51:37 info: =================================
2024-04-15 16:51:39 info: === Searching for user by email and password ===
2024-04-15 16:51:45 info: === Searching for user by email and password ===
2024-04-15 17:00:22 info: =================================
2024-04-15 17:00:22 info: ======= ENV: development =======
2024-04-15 17:00:22 info: 🚀 App listening on port 3000
2024-04-15 17:00:22 info: =================================
2024-04-15 17:00:22 info: =================================
2024-04-15 17:00:22 info: 🚀 DB Connection successfully!!
2024-04-15 17:00:22 info: =================================
2024-04-15 17:00:25 info: =================================
2024-04-15 17:00:25 info: ======= ENV: development =======
2024-04-15 17:00:25 info: 🚀 App listening on port 3000
2024-04-15 17:00:25 info: =================================
2024-04-15 17:00:25 info: =================================
2024-04-15 17:00:25 info: 🚀 DB Connection successfully!!
2024-04-15 17:00:25 info: =================================
2024-04-15 17:41:13 info: === Searching for user by email and password ===
2024-04-15 17:47:04 info: === Searching for user by email and password ===
2024-04-15 17:47:23 info: === Searching for user by email and password ===
2024-04-15 17:47:40 info: === Searching for user by email and password ===
2024-04-15 17:48:10 info: =================================
2024-04-15 17:48:10 info: ======= ENV: development =======
2024-04-15 17:48:10 info: 🚀 App listening on port 3000
2024-04-15 17:48:10 info: =================================
2024-04-15 17:48:10 info: =================================
2024-04-15 17:48:10 info: 🚀 DB Connection successfully!!
2024-04-15 17:48:10 info: =================================
2024-04-15 17:48:12 info: === Searching for user by email and password ===
2024-04-15 17:48:46 info: =================================
2024-04-15 17:48:46 info: ======= ENV: development =======
2024-04-15 17:48:46 info: 🚀 App listening on port 3000
2024-04-15 17:48:46 info: =================================
2024-04-15 17:48:46 info: =================================
2024-04-15 17:48:46 info: 🚀 DB Connection successfully!!
2024-04-15 17:48:46 info: =================================
2024-04-15 17:48:49 info: === Searching for user by email and password ===
2024-04-15 17:49:13 info: =================================
2024-04-15 17:49:13 info: ======= ENV: development =======
2024-04-15 17:49:13 info: 🚀 App listening on port 3000
2024-04-15 17:49:13 info: =================================
2024-04-15 17:49:13 info: =================================
2024-04-15 17:49:13 info: 🚀 DB Connection successfully!!
2024-04-15 17:49:13 info: =================================
2024-04-15 17:49:23 info: === Searching for user by email and password ===
2024-04-15 17:50:47 info: === Searching for user by email and password ===
2024-04-15 17:59:16 info: =================================
2024-04-15 17:59:16 info: ======= ENV: development =======
2024-04-15 17:59:16 info: 🚀 App listening on port 3000
2024-04-15 17:59:16 info: =================================
2024-04-15 17:59:16 info: =================================
2024-04-15 17:59:16 info: 🚀 DB Connection successfully!!
2024-04-15 17:59:16 info: =================================
2024-04-15 17:59:22 info: === Searching for user by email and password ===
2024-04-15 18:07:22 info: =================================
2024-04-15 18:07:22 info: ======= ENV: development =======
2024-04-15 18:07:22 info: 🚀 App listening on port 3000
2024-04-15 18:07:22 info: =================================
2024-04-15 18:07:23 info: =================================
2024-04-15 18:07:23 info: 🚀 DB Connection successfully!!
2024-04-15 18:07:23 info: =================================
2024-04-15 18:12:27 info: =================================
2024-04-15 18:12:27 info: ======= ENV: development =======
2024-04-15 18:12:27 info: 🚀 App listening on port 3000
2024-04-15 18:12:27 info: =================================
2024-04-15 18:12:27 info: =================================
2024-04-15 18:12:27 info: 🚀 DB Connection successfully!!
2024-04-15 18:12:27 info: =================================
2024-04-15 18:12:46 info: === Searching for user by email and password ===
2024-04-15 18:14:27 info: =================================
2024-04-15 18:14:27 info: ======= ENV: development =======
2024-04-15 18:14:27 info: 🚀 App listening on port 3000
2024-04-15 18:14:27 info: =================================
2024-04-15 18:14:27 info: === Searching for user by email and password ===
2024-04-15 18:14:28 info: =================================
2024-04-15 18:14:28 info: 🚀 DB Connection successfully!!
2024-04-15 18:14:28 info: =================================
2024-04-15 18:14:32 info: === Searching for user by email and password ===
2024-04-15 18:18:31 info: =================================
2024-04-15 18:18:31 info: ======= ENV: development =======
2024-04-15 18:18:31 info: 🚀 App listening on port 3000
2024-04-15 18:18:31 info: =================================
2024-04-15 18:18:31 info: =================================
2024-04-15 18:18:31 info: 🚀 DB Connection successfully!!
2024-04-15 18:18:31 info: =================================
2024-04-15 18:18:35 info: === Searching for user by email and password ===
2024-04-15 18:19:05 info: =================================
2024-04-15 18:19:05 info: ======= ENV: development =======
2024-04-15 18:19:05 info: 🚀 App listening on port 3000
2024-04-15 18:19:05 info: =================================
2024-04-15 18:19:05 info: =================================
2024-04-15 18:19:05 info: 🚀 DB Connection successfully!!
2024-04-15 18:19:05 info: =================================
2024-04-15 18:19:08 info: === Searching for user by email and password ===
2024-04-15 18:20:03 info: =================================
2024-04-15 18:20:03 info: ======= ENV: development =======
2024-04-15 18:20:03 info: 🚀 App listening on port 3000
2024-04-15 18:20:03 info: =================================
2024-04-15 18:20:04 info: =================================
2024-04-15 18:20:04 info: 🚀 DB Connection successfully!!
2024-04-15 18:20:04 info: =================================
2024-04-15 18:20:12 info: === Searching for user by email and password ===
2024-04-15 18:22:23 info: === Searching for user by email and password ===
2024-04-15 18:25:00 info: =================================
2024-04-15 18:25:00 info: ======= ENV: development =======
2024-04-15 18:25:00 info: 🚀 App listening on port 3000
2024-04-15 18:25:00 info: =================================
2024-04-15 18:25:01 info: =================================
2024-04-15 18:25:01 info: 🚀 DB Connection successfully!!
2024-04-15 18:25:01 info: =================================
2024-04-15 18:25:04 info: === Searching for user by email and password ===
2024-04-15 18:25:35 info: =================================
2024-04-15 18:25:35 info: ======= ENV: development =======
2024-04-15 18:25:35 info: 🚀 App listening on port 3000
2024-04-15 18:25:35 info: =================================
2024-04-15 18:25:35 info: =================================
2024-04-15 18:25:35 info: 🚀 DB Connection successfully!!
2024-04-15 18:25:35 info: =================================
2024-04-15 18:25:47 info: === Searching for user by email and password ===
2024-04-15 18:25:55 info: === Searching for user by email and password ===
2024-04-15 18:27:02 info: =================================
2024-04-15 18:27:02 info: ======= ENV: development =======
2024-04-15 18:27:02 info: 🚀 App listening on port 3000
2024-04-15 18:27:02 info: =================================
2024-04-15 18:27:02 info: =================================
2024-04-15 18:27:02 info: 🚀 DB Connection successfully!!
2024-04-15 18:27:02 info: =================================
2024-04-15 18:27:05 info: === Searching for user by email and password ===
2024-04-15 18:29:11 info: =================================
2024-04-15 18:29:11 info: ======= ENV: development =======
2024-04-15 18:29:11 info: 🚀 App listening on port 3000
2024-04-15 18:29:11 info: =================================
2024-04-15 18:29:12 info: =================================
2024-04-15 18:29:12 info: 🚀 DB Connection successfully!!
2024-04-15 18:29:12 info: =================================
2024-04-15 18:29:34 info: === Searching for user by email and password ===
2024-04-15 19:47:14 info: =================================
2024-04-15 19:47:14 info: ======= ENV: development =======
2024-04-15 19:47:14 info: 🚀 App listening on port 3000
2024-04-15 19:47:14 info: =================================
2024-04-15 19:47:14 info: =================================
2024-04-15 19:47:14 info: 🚀 DB Connection successfully!!
2024-04-15 19:47:14 info: =================================
2024-04-15 19:47:22 info: === Searching for user by email and password ===
