2024-03-27 12:07:36 info: =================================
2024-03-27 12:07:36 info: ======= ENV: development =======
2024-03-27 12:07:36 info: 🚀 App listening on port 3000
2024-03-27 12:07:36 info: =================================
2024-03-27 12:07:36 info: =================================
2024-03-27 12:07:36 info: 🚀 DB Connection successfully!!
2024-03-27 12:07:36 info: =================================
2024-03-27 12:10:03 info: =================================
2024-03-27 12:10:03 info: ======= ENV: development =======
2024-03-27 12:10:03 info: 🚀 App listening on port 3000
2024-03-27 12:10:03 info: =================================
2024-03-27 12:10:04 info: =================================
2024-03-27 12:10:04 info: 🚀 DB Connection successfully!!
2024-03-27 12:10:04 info: =================================
2024-03-27 12:13:11 info: =================================
2024-03-27 12:13:11 info: ======= ENV: development =======
2024-03-27 12:13:11 info: 🚀 App listening on port 3000
2024-03-27 12:13:11 info: =================================
2024-03-27 12:13:12 info: =================================
2024-03-27 12:13:12 info: 🚀 DB Connection successfully!!
2024-03-27 12:13:12 info: =================================
2024-03-27 12:21:20 info: =================================
2024-03-27 12:21:20 info: ======= ENV: development =======
2024-03-27 12:21:20 info: 🚀 App listening on port 3000
2024-03-27 12:21:20 info: =================================
2024-03-27 12:21:20 info: =================================
2024-03-27 12:21:20 info: 🚀 DB Connection successfully!!
2024-03-27 12:21:20 info: =================================
2024-03-27 12:21:24 info: =================================
2024-03-27 12:21:24 info: ======= ENV: development =======
2024-03-27 12:21:24 info: 🚀 App listening on port 3000
2024-03-27 12:21:24 info: =================================
2024-03-27 12:21:24 info: =================================
2024-03-27 12:21:24 info: 🚀 DB Connection successfully!!
2024-03-27 12:21:24 info: =================================
2024-03-27 12:21:27 info: =================================
2024-03-27 12:21:27 info: ======= ENV: development =======
2024-03-27 12:21:27 info: 🚀 App listening on port 3000
2024-03-27 12:21:27 info: =================================
2024-03-27 12:21:28 info: =================================
2024-03-27 12:21:28 info: 🚀 DB Connection successfully!!
2024-03-27 12:21:28 info: =================================
2024-03-27 12:21:37 info: =================================
2024-03-27 12:21:37 info: ======= ENV: development =======
2024-03-27 12:21:37 info: 🚀 App listening on port 3000
2024-03-27 12:21:37 info: =================================
2024-03-27 12:21:37 info: =================================
2024-03-27 12:21:37 info: 🚀 DB Connection successfully!!
2024-03-27 12:21:37 info: =================================
2024-03-27 12:21:57 info: =================================
2024-03-27 12:21:57 info: ======= ENV: development =======
2024-03-27 12:21:57 info: 🚀 App listening on port 3000
2024-03-27 12:21:57 info: =================================
2024-03-27 12:21:57 info: =================================
2024-03-27 12:21:57 info: 🚀 DB Connection successfully!!
2024-03-27 12:21:57 info: =================================
2024-03-27 12:23:54 info: === Searching for user by email and password ===
2024-03-27 12:25:17 info: =================================
2024-03-27 12:25:17 info: ======= ENV: development =======
2024-03-27 12:25:17 info: 🚀 App listening on port 3000
2024-03-27 12:25:17 info: =================================
2024-03-27 12:25:17 info: =================================
2024-03-27 12:25:17 info: 🚀 DB Connection successfully!!
2024-03-27 12:25:17 info: =================================
2024-03-27 12:25:22 info: =================================
2024-03-27 12:25:22 info: ======= ENV: development =======
2024-03-27 12:25:22 info: 🚀 App listening on port 3000
2024-03-27 12:25:22 info: =================================
2024-03-27 12:25:22 info: =================================
2024-03-27 12:25:22 info: 🚀 DB Connection successfully!!
2024-03-27 12:25:22 info: =================================
2024-03-27 12:30:02 info: =================================
2024-03-27 12:30:02 info: ======= ENV: development =======
2024-03-27 12:30:02 info: 🚀 App listening on port 3000
2024-03-27 12:30:02 info: =================================
2024-03-27 12:30:02 info: =================================
2024-03-27 12:30:02 info: 🚀 DB Connection successfully!!
2024-03-27 12:30:02 info: =================================
2024-03-27 12:35:15 info: =================================
2024-03-27 12:35:15 info: ======= ENV: development =======
2024-03-27 12:35:15 info: 🚀 App listening on port 3000
2024-03-27 12:35:15 info: =================================
2024-03-27 12:35:15 info: =================================
2024-03-27 12:35:15 info: 🚀 DB Connection successfully!!
2024-03-27 12:35:15 info: =================================
2024-03-27 12:37:24 info: =================================
2024-03-27 12:37:25 info: ======= ENV: development =======
2024-03-27 12:37:25 info: 🚀 App listening on port 3000
2024-03-27 12:37:25 info: =================================
2024-03-27 12:37:25 info: =================================
2024-03-27 12:37:25 info: 🚀 DB Connection successfully!!
2024-03-27 12:37:25 info: =================================
2024-03-27 12:38:38 info: =================================
2024-03-27 12:38:38 info: ======= ENV: development =======
2024-03-27 12:38:38 info: 🚀 App listening on port 3000
2024-03-27 12:38:38 info: =================================
2024-03-27 12:38:38 info: =================================
2024-03-27 12:38:38 info: 🚀 DB Connection successfully!!
2024-03-27 12:38:38 info: =================================
2024-03-27 12:40:39 info: =================================
2024-03-27 12:40:39 info: ======= ENV: development =======
2024-03-27 12:40:39 info: 🚀 App listening on port 3000
2024-03-27 12:40:39 info: =================================
2024-03-27 12:40:40 info: =================================
2024-03-27 12:40:40 info: 🚀 DB Connection successfully!!
2024-03-27 12:40:40 info: =================================
2024-03-27 12:40:54 info: =================================
2024-03-27 12:40:54 info: ======= ENV: development =======
2024-03-27 12:40:54 info: 🚀 App listening on port 3000
2024-03-27 12:40:54 info: =================================
2024-03-27 12:40:54 info: =================================
2024-03-27 12:40:54 info: 🚀 DB Connection successfully!!
2024-03-27 12:40:54 info: =================================
2024-03-27 12:41:02 info: =================================
2024-03-27 12:41:02 info: ======= ENV: development =======
2024-03-27 12:41:02 info: 🚀 App listening on port 3000
2024-03-27 12:41:02 info: =================================
2024-03-27 12:41:02 info: =================================
2024-03-27 12:41:02 info: 🚀 DB Connection successfully!!
2024-03-27 12:41:02 info: =================================
2024-03-27 13:35:38 info: =================================
2024-03-27 13:35:38 info: ======= ENV: development =======
2024-03-27 13:35:38 info: 🚀 App listening on port 3000
2024-03-27 13:35:38 info: =================================
2024-03-27 13:35:40 info: =================================
2024-03-27 13:35:40 info: 🚀 DB Connection successfully!!
2024-03-27 13:35:40 info: =================================
2024-03-27 13:37:27 info: === Searching for user by email and password ===
2024-03-27 13:38:26 info: =================================
2024-03-27 13:38:26 info: ======= ENV: development =======
2024-03-27 13:38:26 info: 🚀 App listening on port 3000
2024-03-27 13:38:26 info: =================================
2024-03-27 13:38:26 info: =================================
2024-03-27 13:38:26 info: 🚀 DB Connection successfully!!
2024-03-27 13:38:26 info: =================================
2024-03-27 13:57:54 info: =================================
2024-03-27 13:57:54 info: ======= ENV: development =======
2024-03-27 13:57:54 info: 🚀 App listening on port 3000
2024-03-27 13:57:54 info: =================================
2024-03-27 13:57:54 info: =================================
2024-03-27 13:57:54 info: 🚀 DB Connection successfully!!
2024-03-27 13:57:54 info: =================================
2024-03-27 13:59:12 info: =================================
2024-03-27 13:59:12 info: ======= ENV: development =======
2024-03-27 13:59:12 info: 🚀 App listening on port 3000
2024-03-27 13:59:12 info: =================================
2024-03-27 13:59:12 info: =================================
2024-03-27 13:59:12 info: 🚀 DB Connection successfully!!
2024-03-27 13:59:12 info: =================================
2024-03-27 14:27:08 info: =================================
2024-03-27 14:27:08 info: ======= ENV: development =======
2024-03-27 14:27:08 info: 🚀 App listening on port 3000
2024-03-27 14:27:08 info: =================================
2024-03-27 14:27:08 info: =================================
2024-03-27 14:27:08 info: 🚀 DB Connection successfully!!
2024-03-27 14:27:08 info: =================================
2024-03-27 14:29:35 info: =================================
2024-03-27 14:29:35 info: ======= ENV: development =======
2024-03-27 14:29:35 info: 🚀 App listening on port 3000
2024-03-27 14:29:35 info: =================================
2024-03-27 14:29:35 info: =================================
2024-03-27 14:29:35 info: 🚀 DB Connection successfully!!
2024-03-27 14:29:35 info: =================================
2024-03-27 14:45:57 info: =================================
2024-03-27 14:45:57 info: ======= ENV: development =======
2024-03-27 14:45:57 info: 🚀 App listening on port 3000
2024-03-27 14:45:57 info: =================================
2024-03-27 14:45:58 info: =================================
2024-03-27 14:45:58 info: 🚀 DB Connection successfully!!
2024-03-27 14:45:58 info: =================================
2024-03-27 15:03:23 info: =================================
2024-03-27 15:03:23 info: ======= ENV: development =======
2024-03-27 15:03:23 info: 🚀 App listening on port 3000
2024-03-27 15:03:23 info: =================================
2024-03-27 15:03:23 info: =================================
2024-03-27 15:03:23 info: 🚀 DB Connection successfully!!
2024-03-27 15:03:23 info: =================================
2024-03-27 15:03:26 info: =================================
2024-03-27 15:03:26 info: ======= ENV: development =======
2024-03-27 15:03:26 info: 🚀 App listening on port 3000
2024-03-27 15:03:26 info: =================================
2024-03-27 15:03:26 info: =================================
2024-03-27 15:03:26 info: 🚀 DB Connection successfully!!
2024-03-27 15:03:26 info: =================================
2024-03-27 15:11:44 info: =================================
2024-03-27 15:11:44 info: ======= ENV: development =======
2024-03-27 15:11:44 info: 🚀 App listening on port 3000
2024-03-27 15:11:44 info: =================================
2024-03-27 15:11:44 info: =================================
2024-03-27 15:11:44 info: 🚀 DB Connection successfully!!
2024-03-27 15:11:44 info: =================================
2024-03-27 15:12:26 info: =================================
2024-03-27 15:12:26 info: ======= ENV: development =======
2024-03-27 15:12:26 info: 🚀 App listening on port 3000
2024-03-27 15:12:26 info: =================================
2024-03-27 15:12:26 info: =================================
2024-03-27 15:12:26 info: 🚀 DB Connection successfully!!
2024-03-27 15:12:26 info: =================================
2024-03-27 15:30:58 info: =================================
2024-03-27 15:30:58 info: ======= ENV: development =======
2024-03-27 15:30:58 info: 🚀 App listening on port 3000
2024-03-27 15:30:58 info: =================================
2024-03-27 15:30:58 info: =================================
2024-03-27 15:30:58 info: 🚀 DB Connection successfully!!
2024-03-27 15:30:58 info: =================================
2024-03-27 15:31:49 info: =================================
2024-03-27 15:31:49 info: ======= ENV: development =======
2024-03-27 15:31:49 info: 🚀 App listening on port 3000
2024-03-27 15:31:49 info: =================================
2024-03-27 15:31:49 info: =================================
2024-03-27 15:31:49 info: 🚀 DB Connection successfully!!
2024-03-27 15:31:49 info: =================================
