2024-04-11 15:29:29 info: =================================
2024-04-11 15:29:29 info: ======= ENV: development =======
2024-04-11 15:29:29 info: 🚀 App listening on port 3000
2024-04-11 15:29:29 info: =================================
2024-04-11 15:29:29 info: =================================
2024-04-11 15:29:29 info: 🚀 DB Connection successfully!!
2024-04-11 15:29:29 info: =================================
2024-04-11 15:30:24 info: === Searching for user by email and password ===
2024-04-11 15:30:32 info: === Searching for user by email and password ===
2024-04-11 15:32:26 info: =================================
2024-04-11 15:32:26 info: ======= ENV: development =======
2024-04-11 15:32:26 info: 🚀 App listening on port 3000
2024-04-11 15:32:26 info: =================================
2024-04-11 15:32:26 info: =================================
2024-04-11 15:32:26 info: 🚀 DB Connection successfully!!
2024-04-11 15:32:26 info: =================================
2024-04-11 15:32:32 info: === Searching for user by email and password ===
2024-04-11 15:32:53 info: =================================
2024-04-11 15:32:53 info: ======= ENV: development =======
2024-04-11 15:32:53 info: 🚀 App listening on port 3000
2024-04-11 15:32:53 info: =================================
2024-04-11 15:32:53 info: =================================
2024-04-11 15:32:53 info: 🚀 DB Connection successfully!!
2024-04-11 15:32:53 info: =================================
2024-04-11 15:32:54 info: === Searching for user by email and password ===
2024-04-11 15:33:09 info: =================================
2024-04-11 15:33:09 info: ======= ENV: development =======
2024-04-11 15:33:09 info: 🚀 App listening on port 3000
2024-04-11 15:33:09 info: =================================
2024-04-11 15:33:12 info: =================================
2024-04-11 15:33:12 info: ======= ENV: development =======
2024-04-11 15:33:12 info: 🚀 App listening on port 3000
2024-04-11 15:33:12 info: =================================
2024-04-11 15:33:12 info: =================================
2024-04-11 15:33:12 info: 🚀 DB Connection successfully!!
2024-04-11 15:33:12 info: =================================
2024-04-11 15:33:16 info: === Searching for user by email and password ===
2024-04-11 15:37:15 info: === Searching for user by email and password ===
2024-04-11 15:38:54 info: =================================
2024-04-11 15:38:54 info: ======= ENV: development =======
2024-04-11 15:38:54 info: 🚀 App listening on port 3000
2024-04-11 15:38:54 info: =================================
2024-04-11 15:38:54 info: =================================
2024-04-11 15:38:54 info: 🚀 DB Connection successfully!!
2024-04-11 15:38:54 info: =================================
2024-04-11 15:39:02 info: =================================
2024-04-11 15:39:02 info: ======= ENV: development =======
2024-04-11 15:39:02 info: 🚀 App listening on port 3000
2024-04-11 15:39:02 info: =================================
2024-04-11 15:39:02 info: =================================
2024-04-11 15:39:02 info: 🚀 DB Connection successfully!!
2024-04-11 15:39:02 info: =================================
2024-04-11 15:39:04 info: =================================
2024-04-11 15:39:04 info: ======= ENV: development =======
2024-04-11 15:39:04 info: 🚀 App listening on port 3000
2024-04-11 15:39:04 info: =================================
2024-04-11 15:39:04 info: =================================
2024-04-11 15:39:04 info: 🚀 DB Connection successfully!!
2024-04-11 15:39:04 info: =================================
2024-04-11 15:40:08 info: =================================
2024-04-11 15:40:08 info: ======= ENV: development =======
2024-04-11 15:40:08 info: 🚀 App listening on port 3000
2024-04-11 15:40:08 info: =================================
2024-04-11 15:40:08 info: =================================
2024-04-11 15:40:08 info: 🚀 DB Connection successfully!!
2024-04-11 15:40:08 info: =================================
2024-04-11 15:43:00 info: =================================
2024-04-11 15:43:00 info: ======= ENV: development =======
2024-04-11 15:43:00 info: 🚀 App listening on port 3000
2024-04-11 15:43:00 info: =================================
2024-04-11 15:43:00 info: =================================
2024-04-11 15:43:00 info: 🚀 DB Connection successfully!!
2024-04-11 15:43:00 info: =================================
2024-04-11 15:43:13 info: =================================
2024-04-11 15:43:13 info: ======= ENV: development =======
2024-04-11 15:43:13 info: 🚀 App listening on port 3000
2024-04-11 15:43:13 info: =================================
2024-04-11 15:43:13 info: =================================
2024-04-11 15:43:13 info: 🚀 DB Connection successfully!!
2024-04-11 15:43:13 info: =================================
2024-04-11 15:43:17 info: =================================
2024-04-11 15:43:17 info: ======= ENV: development =======
2024-04-11 15:43:17 info: 🚀 App listening on port 3000
2024-04-11 15:43:17 info: =================================
2024-04-11 15:43:17 info: =================================
2024-04-11 15:43:17 info: 🚀 DB Connection successfully!!
2024-04-11 15:43:17 info: =================================
2024-04-11 15:43:21 info: =================================
2024-04-11 15:43:21 info: ======= ENV: development =======
2024-04-11 15:43:21 info: 🚀 App listening on port 3000
2024-04-11 15:43:21 info: =================================
2024-04-11 15:43:21 info: =================================
2024-04-11 15:43:21 info: 🚀 DB Connection successfully!!
2024-04-11 15:43:21 info: =================================
2024-04-11 15:43:24 info: =================================
2024-04-11 15:43:24 info: ======= ENV: development =======
2024-04-11 15:43:24 info: 🚀 App listening on port 3000
2024-04-11 15:43:24 info: =================================
2024-04-11 15:43:24 info: =================================
2024-04-11 15:43:24 info: 🚀 DB Connection successfully!!
2024-04-11 15:43:24 info: =================================
2024-04-11 16:33:15 info: =================================
2024-04-11 16:33:15 info: ======= ENV: development =======
2024-04-11 16:33:15 info: 🚀 App listening on port 3000
2024-04-11 16:33:15 info: =================================
2024-04-11 16:33:15 info: === Searching for user by email and password ===
2024-04-11 16:33:16 info: =================================
2024-04-11 16:33:16 info: 🚀 DB Connection successfully!!
2024-04-11 16:33:16 info: =================================
2024-04-11 16:33:19 info: === Searching for user by email and password ===
2024-04-11 16:33:49 info: =================================
2024-04-11 16:33:49 info: ======= ENV: development =======
2024-04-11 16:33:49 info: 🚀 App listening on port 3000
2024-04-11 16:33:49 info: =================================
2024-04-11 16:33:49 info: === Searching for user by email and password ===
2024-04-11 16:33:50 info: =================================
2024-04-11 16:33:50 info: 🚀 DB Connection successfully!!
2024-04-11 16:33:50 info: =================================
2024-04-11 16:33:51 info: === Searching for user by email and password ===
2024-04-11 16:34:00 info: =================================
2024-04-11 16:34:00 info: ======= ENV: development =======
2024-04-11 16:34:00 info: 🚀 App listening on port 3000
2024-04-11 16:34:00 info: =================================
2024-04-11 16:34:00 info: =================================
2024-04-11 16:34:00 info: 🚀 DB Connection successfully!!
2024-04-11 16:34:00 info: =================================
2024-04-11 16:35:44 info: =================================
2024-04-11 16:35:44 info: ======= ENV: development =======
2024-04-11 16:35:44 info: 🚀 App listening on port 3000
2024-04-11 16:35:44 info: =================================
2024-04-11 16:35:44 info: =================================
2024-04-11 16:35:44 info: 🚀 DB Connection successfully!!
2024-04-11 16:35:44 info: =================================
2024-04-11 16:35:52 info: =================================
2024-04-11 16:35:52 info: ======= ENV: development =======
2024-04-11 16:35:52 info: 🚀 App listening on port 3000
2024-04-11 16:35:52 info: =================================
2024-04-11 16:35:53 info: =================================
2024-04-11 16:35:53 info: 🚀 DB Connection successfully!!
2024-04-11 16:35:53 info: =================================
2024-04-11 16:36:01 info: === Searching for user by email and password ===
2024-04-11 16:39:58 info: =================================
2024-04-11 16:39:58 info: ======= ENV: development =======
2024-04-11 16:39:58 info: 🚀 App listening on port 3000
2024-04-11 16:39:58 info: =================================
2024-04-11 16:39:58 info: =================================
2024-04-11 16:39:58 info: 🚀 DB Connection successfully!!
2024-04-11 16:39:58 info: =================================
2024-04-11 16:40:13 info: === Searching for user by email and password ===
2024-04-11 16:42:52 info: =================================
2024-04-11 16:42:52 info: ======= ENV: development =======
2024-04-11 16:42:52 info: 🚀 App listening on port 3000
2024-04-11 16:42:52 info: =================================
2024-04-11 16:42:52 info: =================================
2024-04-11 16:42:52 info: 🚀 DB Connection successfully!!
2024-04-11 16:42:52 info: =================================
2024-04-11 16:42:55 info: =================================
2024-04-11 16:42:55 info: ======= ENV: development =======
2024-04-11 16:42:55 info: 🚀 App listening on port 3000
2024-04-11 16:42:55 info: =================================
2024-04-11 16:42:55 info: =================================
2024-04-11 16:42:55 info: 🚀 DB Connection successfully!!
2024-04-11 16:42:55 info: =================================
2024-04-11 16:43:00 info: =================================
2024-04-11 16:43:00 info: ======= ENV: development =======
2024-04-11 16:43:00 info: 🚀 App listening on port 3000
2024-04-11 16:43:00 info: =================================
2024-04-11 16:43:00 info: =================================
2024-04-11 16:43:00 info: 🚀 DB Connection successfully!!
2024-04-11 16:43:00 info: =================================
2024-04-11 16:43:08 info: === Searching for user by email and password ===
2024-04-11 16:44:08 info: =================================
2024-04-11 16:44:08 info: ======= ENV: development =======
2024-04-11 16:44:08 info: 🚀 App listening on port 3000
2024-04-11 16:44:08 info: =================================
2024-04-11 16:44:08 info: =================================
2024-04-11 16:44:08 info: 🚀 DB Connection successfully!!
2024-04-11 16:44:08 info: =================================
2024-04-11 16:44:14 info: =================================
2024-04-11 16:44:14 info: ======= ENV: development =======
2024-04-11 16:44:14 info: 🚀 App listening on port 3000
2024-04-11 16:44:14 info: =================================
2024-04-11 16:44:14 info: =================================
2024-04-11 16:44:14 info: 🚀 DB Connection successfully!!
2024-04-11 16:44:14 info: =================================
2024-04-11 16:44:27 info: =================================
2024-04-11 16:44:27 info: ======= ENV: development =======
2024-04-11 16:44:27 info: 🚀 App listening on port 3000
2024-04-11 16:44:27 info: =================================
2024-04-11 16:44:27 info: =================================
2024-04-11 16:44:27 info: 🚀 DB Connection successfully!!
2024-04-11 16:44:27 info: =================================
2024-04-11 16:44:29 info: === Searching for user by email and password ===
2024-04-11 16:44:58 info: =================================
2024-04-11 16:44:58 info: ======= ENV: development =======
2024-04-11 16:44:58 info: 🚀 App listening on port 3000
2024-04-11 16:44:58 info: =================================
2024-04-11 16:44:59 info: =================================
2024-04-11 16:44:59 info: 🚀 DB Connection successfully!!
2024-04-11 16:44:59 info: =================================
2024-04-11 16:45:03 info: =================================
2024-04-11 16:45:03 info: ======= ENV: development =======
2024-04-11 16:45:03 info: 🚀 App listening on port 3000
2024-04-11 16:45:03 info: =================================
2024-04-11 16:45:03 info: =================================
2024-04-11 16:45:03 info: 🚀 DB Connection successfully!!
2024-04-11 16:45:03 info: =================================
2024-04-11 16:45:09 info: =================================
2024-04-11 16:45:09 info: ======= ENV: development =======
2024-04-11 16:45:09 info: 🚀 App listening on port 3000
2024-04-11 16:45:09 info: =================================
2024-04-11 16:45:09 info: =================================
2024-04-11 16:45:09 info: 🚀 DB Connection successfully!!
2024-04-11 16:45:09 info: =================================
